                              1 ;--------------------------------------------------------
                              2 ; File Created by SDCC : free open source ANSI-C Compiler
                              3 ; Version 3.5.5 #9498 (CYGWIN)
                              4 ;--------------------------------------------------------
                              5 	.module 160x200
                              6 	.optsdcc -mz80
                              7 	
                              8 ;--------------------------------------------------------
                              9 ; Public variables in this module
                             10 ;--------------------------------------------------------
                             11 	.globl _pre_terrain
                             12 ;--------------------------------------------------------
                             13 ; special function registers
                             14 ;--------------------------------------------------------
                             15 ;--------------------------------------------------------
                             16 ; ram data
                             17 ;--------------------------------------------------------
                             18 	.area _DATA
                             19 ;--------------------------------------------------------
                             20 ; ram data
                             21 ;--------------------------------------------------------
                             22 	.area _INITIALIZED
                             23 ;--------------------------------------------------------
                             24 ; absolute external ram data
                             25 ;--------------------------------------------------------
                             26 	.area _DABS (ABS)
                             27 ;--------------------------------------------------------
                             28 ; global & static initialisations
                             29 ;--------------------------------------------------------
                             30 	.area _HOME
                             31 	.area _GSINIT
                             32 	.area _GSFINAL
                             33 	.area _GSINIT
                             34 ;--------------------------------------------------------
                             35 ; Home
                             36 ;--------------------------------------------------------
                             37 	.area _HOME
                             38 	.area _HOME
                             39 ;--------------------------------------------------------
                             40 ; code
                             41 ;--------------------------------------------------------
                             42 	.area _CODE
                             43 	.area _CODE
   0000                      44 _pre_terrain:
   0000 0D                   45 	.db #0x0D	; 13
   0001 0D                   46 	.db #0x0D	; 13
   0002 0D                   47 	.db #0x0D	; 13
   0003 0D                   48 	.db #0x0D	; 13
   0004 0D                   49 	.db #0x0D	; 13
   0005 0D                   50 	.db #0x0D	; 13
   0006 0D                   51 	.db #0x0D	; 13
   0007 0D                   52 	.db #0x0D	; 13
   0008 0D                   53 	.db #0x0D	; 13
   0009 0D                   54 	.db #0x0D	; 13
   000A 0D                   55 	.db #0x0D	; 13
   000B 0D                   56 	.db #0x0D	; 13
   000C 0D                   57 	.db #0x0D	; 13
   000D 0D                   58 	.db #0x0D	; 13
   000E 0D                   59 	.db #0x0D	; 13
   000F 0D                   60 	.db #0x0D	; 13
   0010 0D                   61 	.db #0x0D	; 13
   0011 0D                   62 	.db #0x0D	; 13
   0012 0D                   63 	.db #0x0D	; 13
   0013 05                   64 	.db #0x05	; 5
   0014 0E                   65 	.db #0x0E	; 14
   0015 0E                   66 	.db #0x0E	; 14
   0016 0E                   67 	.db #0x0E	; 14
   0017 0E                   68 	.db #0x0E	; 14
   0018 0E                   69 	.db #0x0E	; 14
   0019 0E                   70 	.db #0x0E	; 14
   001A 0E                   71 	.db #0x0E	; 14
   001B 0E                   72 	.db #0x0E	; 14
   001C 0E                   73 	.db #0x0E	; 14
   001D 0E                   74 	.db #0x0E	; 14
   001E 0E                   75 	.db #0x0E	; 14
   001F 0E                   76 	.db #0x0E	; 14
   0020 0E                   77 	.db #0x0E	; 14
   0021 0E                   78 	.db #0x0E	; 14
   0022 0E                   79 	.db #0x0E	; 14
   0023 0E                   80 	.db #0x0E	; 14
   0024 0E                   81 	.db #0x0E	; 14
   0025 0E                   82 	.db #0x0E	; 14
   0026 0E                   83 	.db #0x0E	; 14
   0027 0D                   84 	.db #0x0D	; 13
   0028 08                   85 	.db #0x08	; 8
   0029 09                   86 	.db #0x09	; 9
   002A 18                   87 	.db #0x18	; 24
   002B 18                   88 	.db #0x18	; 24
   002C 18                   89 	.db #0x18	; 24
   002D 18                   90 	.db #0x18	; 24
   002E 18                   91 	.db #0x18	; 24
   002F 18                   92 	.db #0x18	; 24
   0030 18                   93 	.db #0x18	; 24
   0031 18                   94 	.db #0x18	; 24
   0032 18                   95 	.db #0x18	; 24
   0033 18                   96 	.db #0x18	; 24
   0034 18                   97 	.db #0x18	; 24
   0035 0D                   98 	.db #0x0D	; 13
   0036 18                   99 	.db #0x18	; 24
   0037 18                  100 	.db #0x18	; 24
   0038 18                  101 	.db #0x18	; 24
   0039 0D                  102 	.db #0x0D	; 13
   003A 06                  103 	.db #0x06	; 6
   003B 0E                  104 	.db #0x0E	; 14
   003C 18                  105 	.db #0x18	; 24
   003D 18                  106 	.db #0x18	; 24
   003E 18                  107 	.db #0x18	; 24
   003F 0E                  108 	.db #0x0E	; 14
   0040 18                  109 	.db #0x18	; 24
   0041 18                  110 	.db #0x18	; 24
   0042 18                  111 	.db #0x18	; 24
   0043 18                  112 	.db #0x18	; 24
   0044 18                  113 	.db #0x18	; 24
   0045 18                  114 	.db #0x18	; 24
   0046 18                  115 	.db #0x18	; 24
   0047 18                  116 	.db #0x18	; 24
   0048 18                  117 	.db #0x18	; 24
   0049 18                  118 	.db #0x18	; 24
   004A 18                  119 	.db #0x18	; 24
   004B 1C                  120 	.db #0x1C	; 28
   004C 1D                  121 	.db #0x1D	; 29
   004D 0E                  122 	.db #0x0E	; 14
   004E 0D                  123 	.db #0x0D	; 13
   004F 12                  124 	.db #0x12	; 18
   0050 13                  125 	.db #0x13	; 19
   0051 18                  126 	.db #0x18	; 24
   0052 18                  127 	.db #0x18	; 24
   0053 18                  128 	.db #0x18	; 24
   0054 18                  129 	.db #0x18	; 24
   0055 18                  130 	.db #0x18	; 24
   0056 18                  131 	.db #0x18	; 24
   0057 18                  132 	.db #0x18	; 24
   0058 18                  133 	.db #0x18	; 24
   0059 18                  134 	.db #0x18	; 24
   005A 18                  135 	.db #0x18	; 24
   005B 18                  136 	.db #0x18	; 24
   005C 0D                  137 	.db #0x0D	; 13
   005D 18                  138 	.db #0x18	; 24
   005E 18                  139 	.db #0x18	; 24
   005F 18                  140 	.db #0x18	; 24
   0060 0D                  141 	.db #0x0D	; 13
   0061 04                  142 	.db #0x04	; 4
   0062 0E                  143 	.db #0x0E	; 14
   0063 18                  144 	.db #0x18	; 24
   0064 18                  145 	.db #0x18	; 24
   0065 18                  146 	.db #0x18	; 24
   0066 0E                  147 	.db #0x0E	; 14
   0067 18                  148 	.db #0x18	; 24
   0068 18                  149 	.db #0x18	; 24
   0069 18                  150 	.db #0x18	; 24
   006A 18                  151 	.db #0x18	; 24
   006B 18                  152 	.db #0x18	; 24
   006C 18                  153 	.db #0x18	; 24
   006D 18                  154 	.db #0x18	; 24
   006E 18                  155 	.db #0x18	; 24
   006F 18                  156 	.db #0x18	; 24
   0070 18                  157 	.db #0x18	; 24
   0071 18                  158 	.db #0x18	; 24
   0072 26                  159 	.db #0x26	; 38
   0073 27                  160 	.db #0x27	; 39
   0074 0E                  161 	.db #0x0E	; 14
   0075 0D                  162 	.db #0x0D	; 13
   0076 18                  163 	.db #0x18	; 24
   0077 18                  164 	.db #0x18	; 24
   0078 18                  165 	.db #0x18	; 24
   0079 18                  166 	.db #0x18	; 24
   007A 18                  167 	.db #0x18	; 24
   007B 18                  168 	.db #0x18	; 24
   007C 18                  169 	.db #0x18	; 24
   007D 18                  170 	.db #0x18	; 24
   007E 18                  171 	.db #0x18	; 24
   007F 18                  172 	.db #0x18	; 24
   0080 18                  173 	.db #0x18	; 24
   0081 18                  174 	.db #0x18	; 24
   0082 18                  175 	.db #0x18	; 24
   0083 0D                  176 	.db #0x0D	; 13
   0084 18                  177 	.db #0x18	; 24
   0085 18                  178 	.db #0x18	; 24
   0086 18                  179 	.db #0x18	; 24
   0087 0D                  180 	.db #0x0D	; 13
   0088 05                  181 	.db #0x05	; 5
   0089 0E                  182 	.db #0x0E	; 14
   008A 18                  183 	.db #0x18	; 24
   008B 18                  184 	.db #0x18	; 24
   008C 18                  185 	.db #0x18	; 24
   008D 0E                  186 	.db #0x0E	; 14
   008E 18                  187 	.db #0x18	; 24
   008F 18                  188 	.db #0x18	; 24
   0090 18                  189 	.db #0x18	; 24
   0091 18                  190 	.db #0x18	; 24
   0092 18                  191 	.db #0x18	; 24
   0093 18                  192 	.db #0x18	; 24
   0094 18                  193 	.db #0x18	; 24
   0095 18                  194 	.db #0x18	; 24
   0096 18                  195 	.db #0x18	; 24
   0097 18                  196 	.db #0x18	; 24
   0098 18                  197 	.db #0x18	; 24
   0099 18                  198 	.db #0x18	; 24
   009A 18                  199 	.db #0x18	; 24
   009B 0E                  200 	.db #0x0E	; 14
   009C 0D                  201 	.db #0x0D	; 13
   009D 0D                  202 	.db #0x0D	; 13
   009E 0D                  203 	.db #0x0D	; 13
   009F 0D                  204 	.db #0x0D	; 13
   00A0 0D                  205 	.db #0x0D	; 13
   00A1 0D                  206 	.db #0x0D	; 13
   00A2 0D                  207 	.db #0x0D	; 13
   00A3 0D                  208 	.db #0x0D	; 13
   00A4 0D                  209 	.db #0x0D	; 13
   00A5 0D                  210 	.db #0x0D	; 13
   00A6 0D                  211 	.db #0x0D	; 13
   00A7 0D                  212 	.db #0x0D	; 13
   00A8 0D                  213 	.db #0x0D	; 13
   00A9 0D                  214 	.db #0x0D	; 13
   00AA 0D                  215 	.db #0x0D	; 13
   00AB 0D                  216 	.db #0x0D	; 13
   00AC 0D                  217 	.db #0x0D	; 13
   00AD 0D                  218 	.db #0x0D	; 13
   00AE 0D                  219 	.db #0x0D	; 13
   00AF 06                  220 	.db #0x06	; 6
   00B0 0E                  221 	.db #0x0E	; 14
   00B1 0E                  222 	.db #0x0E	; 14
   00B2 0E                  223 	.db #0x0E	; 14
   00B3 0E                  224 	.db #0x0E	; 14
   00B4 0E                  225 	.db #0x0E	; 14
   00B5 0E                  226 	.db #0x0E	; 14
   00B6 0E                  227 	.db #0x0E	; 14
   00B7 0E                  228 	.db #0x0E	; 14
   00B8 0E                  229 	.db #0x0E	; 14
   00B9 0E                  230 	.db #0x0E	; 14
   00BA 0E                  231 	.db #0x0E	; 14
   00BB 0E                  232 	.db #0x0E	; 14
   00BC 0E                  233 	.db #0x0E	; 14
   00BD 0E                  234 	.db #0x0E	; 14
   00BE 0E                  235 	.db #0x0E	; 14
   00BF 0E                  236 	.db #0x0E	; 14
   00C0 0E                  237 	.db #0x0E	; 14
   00C1 0E                  238 	.db #0x0E	; 14
   00C2 0E                  239 	.db #0x0E	; 14
   00C3 03                  240 	.db #0x03	; 3
   00C4 04                  241 	.db #0x04	; 4
   00C5 05                  242 	.db #0x05	; 5
   00C6 06                  243 	.db #0x06	; 6
   00C7 04                  244 	.db #0x04	; 4
   00C8 05                  245 	.db #0x05	; 5
   00C9 06                  246 	.db #0x06	; 6
   00CA 04                  247 	.db #0x04	; 4
   00CB 05                  248 	.db #0x05	; 5
   00CC 06                  249 	.db #0x06	; 6
   00CD 04                  250 	.db #0x04	; 4
   00CE 05                  251 	.db #0x05	; 5
   00CF 06                  252 	.db #0x06	; 6
   00D0 04                  253 	.db #0x04	; 4
   00D1 05                  254 	.db #0x05	; 5
   00D2 06                  255 	.db #0x06	; 6
   00D3 04                  256 	.db #0x04	; 4
   00D4 05                  257 	.db #0x05	; 5
   00D5 06                  258 	.db #0x06	; 6
   00D6 04                  259 	.db #0x04	; 4
   00D7 05                  260 	.db #0x05	; 5
   00D8 06                  261 	.db #0x06	; 6
   00D9 04                  262 	.db #0x04	; 4
   00DA 05                  263 	.db #0x05	; 5
   00DB 06                  264 	.db #0x06	; 6
   00DC 04                  265 	.db #0x04	; 4
   00DD 05                  266 	.db #0x05	; 5
   00DE 06                  267 	.db #0x06	; 6
   00DF 04                  268 	.db #0x04	; 4
   00E0 05                  269 	.db #0x05	; 5
   00E1 06                  270 	.db #0x06	; 6
   00E2 04                  271 	.db #0x04	; 4
   00E3 05                  272 	.db #0x05	; 5
   00E4 06                  273 	.db #0x06	; 6
   00E5 04                  274 	.db #0x04	; 4
   00E6 05                  275 	.db #0x05	; 5
   00E7 06                  276 	.db #0x06	; 6
   00E8 04                  277 	.db #0x04	; 4
   00E9 05                  278 	.db #0x05	; 5
   00EA 2B                  279 	.db #0x2B	; 43
   00EB 17                  280 	.db #0x17	; 23
   00EC 17                  281 	.db #0x17	; 23
   00ED 17                  282 	.db #0x17	; 23
   00EE 17                  283 	.db #0x17	; 23
   00EF 17                  284 	.db #0x17	; 23
   00F0 17                  285 	.db #0x17	; 23
   00F1 17                  286 	.db #0x17	; 23
   00F2 17                  287 	.db #0x17	; 23
   00F3 17                  288 	.db #0x17	; 23
   00F4 17                  289 	.db #0x17	; 23
   00F5 17                  290 	.db #0x17	; 23
   00F6 17                  291 	.db #0x17	; 23
   00F7 17                  292 	.db #0x17	; 23
   00F8 17                  293 	.db #0x17	; 23
   00F9 17                  294 	.db #0x17	; 23
   00FA 17                  295 	.db #0x17	; 23
   00FB 17                  296 	.db #0x17	; 23
   00FC 17                  297 	.db #0x17	; 23
   00FD 17                  298 	.db #0x17	; 23
   00FE 17                  299 	.db #0x17	; 23
   00FF 17                  300 	.db #0x17	; 23
   0100 17                  301 	.db #0x17	; 23
   0101 17                  302 	.db #0x17	; 23
   0102 17                  303 	.db #0x17	; 23
   0103 17                  304 	.db #0x17	; 23
   0104 17                  305 	.db #0x17	; 23
   0105 17                  306 	.db #0x17	; 23
   0106 17                  307 	.db #0x17	; 23
   0107 17                  308 	.db #0x17	; 23
   0108 17                  309 	.db #0x17	; 23
   0109 17                  310 	.db #0x17	; 23
   010A 17                  311 	.db #0x17	; 23
   010B 17                  312 	.db #0x17	; 23
   010C 17                  313 	.db #0x17	; 23
   010D 17                  314 	.db #0x17	; 23
   010E 17                  315 	.db #0x17	; 23
   010F 17                  316 	.db #0x17	; 23
   0110 17                  317 	.db #0x17	; 23
   0111 2A                  318 	.db #0x2A	; 42
   0112 17                  319 	.db #0x17	; 23
   0113 17                  320 	.db #0x17	; 23
   0114 17                  321 	.db #0x17	; 23
   0115 17                  322 	.db #0x17	; 23
   0116 17                  323 	.db #0x17	; 23
   0117 17                  324 	.db #0x17	; 23
   0118 17                  325 	.db #0x17	; 23
   0119 17                  326 	.db #0x17	; 23
   011A 17                  327 	.db #0x17	; 23
   011B 17                  328 	.db #0x17	; 23
   011C 17                  329 	.db #0x17	; 23
   011D 17                  330 	.db #0x17	; 23
   011E 17                  331 	.db #0x17	; 23
   011F 17                  332 	.db #0x17	; 23
   0120 17                  333 	.db #0x17	; 23
   0121 17                  334 	.db #0x17	; 23
   0122 17                  335 	.db #0x17	; 23
   0123 17                  336 	.db #0x17	; 23
   0124 17                  337 	.db #0x17	; 23
   0125 17                  338 	.db #0x17	; 23
   0126 17                  339 	.db #0x17	; 23
   0127 17                  340 	.db #0x17	; 23
   0128 17                  341 	.db #0x17	; 23
   0129 17                  342 	.db #0x17	; 23
   012A 17                  343 	.db #0x17	; 23
   012B 17                  344 	.db #0x17	; 23
   012C 17                  345 	.db #0x17	; 23
   012D 17                  346 	.db #0x17	; 23
   012E 17                  347 	.db #0x17	; 23
   012F 17                  348 	.db #0x17	; 23
   0130 17                  349 	.db #0x17	; 23
   0131 17                  350 	.db #0x17	; 23
   0132 17                  351 	.db #0x17	; 23
   0133 17                  352 	.db #0x17	; 23
   0134 17                  353 	.db #0x17	; 23
   0135 17                  354 	.db #0x17	; 23
   0136 17                  355 	.db #0x17	; 23
   0137 17                  356 	.db #0x17	; 23
   0138 29                  357 	.db #0x29	; 41
   0139 17                  358 	.db #0x17	; 23
   013A 17                  359 	.db #0x17	; 23
   013B 17                  360 	.db #0x17	; 23
   013C 17                  361 	.db #0x17	; 23
   013D 17                  362 	.db #0x17	; 23
   013E 17                  363 	.db #0x17	; 23
   013F 17                  364 	.db #0x17	; 23
   0140 17                  365 	.db #0x17	; 23
   0141 17                  366 	.db #0x17	; 23
   0142 17                  367 	.db #0x17	; 23
   0143 17                  368 	.db #0x17	; 23
   0144 17                  369 	.db #0x17	; 23
   0145 17                  370 	.db #0x17	; 23
   0146 17                  371 	.db #0x17	; 23
   0147 17                  372 	.db #0x17	; 23
   0148 17                  373 	.db #0x17	; 23
   0149 17                  374 	.db #0x17	; 23
   014A 17                  375 	.db #0x17	; 23
   014B 17                  376 	.db #0x17	; 23
   014C 17                  377 	.db #0x17	; 23
   014D 17                  378 	.db #0x17	; 23
   014E 17                  379 	.db #0x17	; 23
   014F 17                  380 	.db #0x17	; 23
   0150 17                  381 	.db #0x17	; 23
   0151 17                  382 	.db #0x17	; 23
   0152 17                  383 	.db #0x17	; 23
   0153 17                  384 	.db #0x17	; 23
   0154 17                  385 	.db #0x17	; 23
   0155 17                  386 	.db #0x17	; 23
   0156 17                  387 	.db #0x17	; 23
   0157 17                  388 	.db #0x17	; 23
   0158 17                  389 	.db #0x17	; 23
   0159 17                  390 	.db #0x17	; 23
   015A 17                  391 	.db #0x17	; 23
   015B 17                  392 	.db #0x17	; 23
   015C 17                  393 	.db #0x17	; 23
   015D 17                  394 	.db #0x17	; 23
   015E 17                  395 	.db #0x17	; 23
   015F 28                  396 	.db #0x28	; 40
   0160 17                  397 	.db #0x17	; 23
   0161 17                  398 	.db #0x17	; 23
   0162 17                  399 	.db #0x17	; 23
   0163 17                  400 	.db #0x17	; 23
   0164 17                  401 	.db #0x17	; 23
   0165 17                  402 	.db #0x17	; 23
   0166 17                  403 	.db #0x17	; 23
   0167 17                  404 	.db #0x17	; 23
   0168 17                  405 	.db #0x17	; 23
   0169 17                  406 	.db #0x17	; 23
   016A 17                  407 	.db #0x17	; 23
   016B 17                  408 	.db #0x17	; 23
   016C 17                  409 	.db #0x17	; 23
   016D 17                  410 	.db #0x17	; 23
   016E 17                  411 	.db #0x17	; 23
   016F 17                  412 	.db #0x17	; 23
   0170 17                  413 	.db #0x17	; 23
   0171 17                  414 	.db #0x17	; 23
   0172 17                  415 	.db #0x17	; 23
   0173 17                  416 	.db #0x17	; 23
   0174 17                  417 	.db #0x17	; 23
   0175 17                  418 	.db #0x17	; 23
   0176 17                  419 	.db #0x17	; 23
   0177 17                  420 	.db #0x17	; 23
   0178 17                  421 	.db #0x17	; 23
   0179 17                  422 	.db #0x17	; 23
   017A 17                  423 	.db #0x17	; 23
   017B 17                  424 	.db #0x17	; 23
   017C 17                  425 	.db #0x17	; 23
   017D 17                  426 	.db #0x17	; 23
   017E 17                  427 	.db #0x17	; 23
   017F 17                  428 	.db #0x17	; 23
   0180 17                  429 	.db #0x17	; 23
   0181 17                  430 	.db #0x17	; 23
   0182 17                  431 	.db #0x17	; 23
   0183 17                  432 	.db #0x17	; 23
   0184 17                  433 	.db #0x17	; 23
   0185 17                  434 	.db #0x17	; 23
   0186 17                  435 	.db #0x17	; 23
   0187 17                  436 	.db #0x17	; 23
   0188 17                  437 	.db #0x17	; 23
   0189 17                  438 	.db #0x17	; 23
   018A 17                  439 	.db #0x17	; 23
   018B 17                  440 	.db #0x17	; 23
   018C 17                  441 	.db #0x17	; 23
   018D 17                  442 	.db #0x17	; 23
   018E 17                  443 	.db #0x17	; 23
   018F 00                  444 	.db #0x00	; 0
   0190 02                  445 	.db #0x02	; 2
   0191 01                  446 	.db #0x01	; 1
   0192 17                  447 	.db #0x17	; 23
   0193 17                  448 	.db #0x17	; 23
   0194 17                  449 	.db #0x17	; 23
   0195 00                  450 	.db #0x00	; 0
   0196 02                  451 	.db #0x02	; 2
   0197 01                  452 	.db #0x01	; 1
   0198 17                  453 	.db #0x17	; 23
   0199 17                  454 	.db #0x17	; 23
   019A 17                  455 	.db #0x17	; 23
   019B 00                  456 	.db #0x00	; 0
   019C 02                  457 	.db #0x02	; 2
   019D 01                  458 	.db #0x01	; 1
   019E 17                  459 	.db #0x17	; 23
   019F 17                  460 	.db #0x17	; 23
   01A0 17                  461 	.db #0x17	; 23
   01A1 00                  462 	.db #0x00	; 0
   01A2 02                  463 	.db #0x02	; 2
   01A3 01                  464 	.db #0x01	; 1
   01A4 17                  465 	.db #0x17	; 23
   01A5 17                  466 	.db #0x17	; 23
   01A6 17                  467 	.db #0x17	; 23
   01A7 00                  468 	.db #0x00	; 0
   01A8 02                  469 	.db #0x02	; 2
   01A9 01                  470 	.db #0x01	; 1
   01AA 17                  471 	.db #0x17	; 23
   01AB 17                  472 	.db #0x17	; 23
   01AC 17                  473 	.db #0x17	; 23
   01AD 17                  474 	.db #0x17	; 23
   01AE 17                  475 	.db #0x17	; 23
   01AF 17                  476 	.db #0x17	; 23
   01B0 17                  477 	.db #0x17	; 23
   01B1 17                  478 	.db #0x17	; 23
   01B2 17                  479 	.db #0x17	; 23
   01B3 1E                  480 	.db #0x1E	; 30
   01B4 1F                  481 	.db #0x1F	; 31
   01B5 21                  482 	.db #0x21	; 33
   01B6 0A                  483 	.db #0x0A	; 10
   01B7 0C                  484 	.db #0x0C	; 12
   01B8 0B                  485 	.db #0x0B	; 11
   01B9 17                  486 	.db #0x17	; 23
   01BA 17                  487 	.db #0x17	; 23
   01BB 17                  488 	.db #0x17	; 23
   01BC 0A                  489 	.db #0x0A	; 10
   01BD 0C                  490 	.db #0x0C	; 12
   01BE 0B                  491 	.db #0x0B	; 11
   01BF 17                  492 	.db #0x17	; 23
   01C0 17                  493 	.db #0x17	; 23
   01C1 17                  494 	.db #0x17	; 23
   01C2 0A                  495 	.db #0x0A	; 10
   01C3 0C                  496 	.db #0x0C	; 12
   01C4 0B                  497 	.db #0x0B	; 11
   01C5 17                  498 	.db #0x17	; 23
   01C6 17                  499 	.db #0x17	; 23
   01C7 17                  500 	.db #0x17	; 23
   01C8 0A                  501 	.db #0x0A	; 10
   01C9 0C                  502 	.db #0x0C	; 12
   01CA 0B                  503 	.db #0x0B	; 11
   01CB 17                  504 	.db #0x17	; 23
   01CC 17                  505 	.db #0x17	; 23
   01CD 17                  506 	.db #0x17	; 23
   01CE 0A                  507 	.db #0x0A	; 10
   01CF 0C                  508 	.db #0x0C	; 12
   01D0 0B                  509 	.db #0x0B	; 11
   01D1 17                  510 	.db #0x17	; 23
   01D2 17                  511 	.db #0x17	; 23
   01D3 17                  512 	.db #0x17	; 23
   01D4 17                  513 	.db #0x17	; 23
   01D5 17                  514 	.db #0x17	; 23
   01D6 17                  515 	.db #0x17	; 23
   01D7 17                  516 	.db #0x17	; 23
   01D8 17                  517 	.db #0x17	; 23
   01D9 17                  518 	.db #0x17	; 23
   01DA 23                  519 	.db #0x23	; 35
   01DB 23                  520 	.db #0x23	; 35
   01DC 23                  521 	.db #0x23	; 35
   01DD 0A                  522 	.db #0x0A	; 10
   01DE 0C                  523 	.db #0x0C	; 12
   01DF 0B                  524 	.db #0x0B	; 11
   01E0 17                  525 	.db #0x17	; 23
   01E1 17                  526 	.db #0x17	; 23
   01E2 17                  527 	.db #0x17	; 23
   01E3 0A                  528 	.db #0x0A	; 10
   01E4 0C                  529 	.db #0x0C	; 12
   01E5 0B                  530 	.db #0x0B	; 11
   01E6 17                  531 	.db #0x17	; 23
   01E7 17                  532 	.db #0x17	; 23
   01E8 17                  533 	.db #0x17	; 23
   01E9 0A                  534 	.db #0x0A	; 10
   01EA 0C                  535 	.db #0x0C	; 12
   01EB 0B                  536 	.db #0x0B	; 11
   01EC 17                  537 	.db #0x17	; 23
   01ED 17                  538 	.db #0x17	; 23
   01EE 17                  539 	.db #0x17	; 23
   01EF 0A                  540 	.db #0x0A	; 10
   01F0 0C                  541 	.db #0x0C	; 12
   01F1 0B                  542 	.db #0x0B	; 11
   01F2 17                  543 	.db #0x17	; 23
   01F3 17                  544 	.db #0x17	; 23
   01F4 17                  545 	.db #0x17	; 23
   01F5 0A                  546 	.db #0x0A	; 10
   01F6 0C                  547 	.db #0x0C	; 12
   01F7 0B                  548 	.db #0x0B	; 11
   01F8 17                  549 	.db #0x17	; 23
   01F9 17                  550 	.db #0x17	; 23
   01FA 17                  551 	.db #0x17	; 23
   01FB 17                  552 	.db #0x17	; 23
   01FC 17                  553 	.db #0x17	; 23
   01FD 17                  554 	.db #0x17	; 23
   01FE 17                  555 	.db #0x17	; 23
   01FF 17                  556 	.db #0x17	; 23
   0200 17                  557 	.db #0x17	; 23
   0201 14                  558 	.db #0x14	; 20
   0202 16                  559 	.db #0x16	; 22
   0203 16                  560 	.db #0x16	; 22
   0204 14                  561 	.db #0x14	; 20
   0205 16                  562 	.db #0x16	; 22
   0206 15                  563 	.db #0x15	; 21
   0207 17                  564 	.db #0x17	; 23
   0208 17                  565 	.db #0x17	; 23
   0209 17                  566 	.db #0x17	; 23
   020A 14                  567 	.db #0x14	; 20
   020B 16                  568 	.db #0x16	; 22
   020C 15                  569 	.db #0x15	; 21
   020D 17                  570 	.db #0x17	; 23
   020E 17                  571 	.db #0x17	; 23
   020F 17                  572 	.db #0x17	; 23
   0210 14                  573 	.db #0x14	; 20
   0211 16                  574 	.db #0x16	; 22
   0212 15                  575 	.db #0x15	; 21
   0213 17                  576 	.db #0x17	; 23
   0214 17                  577 	.db #0x17	; 23
   0215 17                  578 	.db #0x17	; 23
   0216 14                  579 	.db #0x14	; 20
   0217 16                  580 	.db #0x16	; 22
   0218 15                  581 	.db #0x15	; 21
   0219 17                  582 	.db #0x17	; 23
   021A 17                  583 	.db #0x17	; 23
   021B 17                  584 	.db #0x17	; 23
   021C 14                  585 	.db #0x14	; 20
   021D 16                  586 	.db #0x16	; 22
   021E 15                  587 	.db #0x15	; 21
   021F 17                  588 	.db #0x17	; 23
   0220 17                  589 	.db #0x17	; 23
   0221 17                  590 	.db #0x17	; 23
   0222 17                  591 	.db #0x17	; 23
   0223 17                  592 	.db #0x17	; 23
   0224 17                  593 	.db #0x17	; 23
   0225 17                  594 	.db #0x17	; 23
   0226 17                  595 	.db #0x17	; 23
   0227 17                  596 	.db #0x17	; 23
   0228 17                  597 	.db #0x17	; 23
   0229 17                  598 	.db #0x17	; 23
   022A 17                  599 	.db #0x17	; 23
   022B 17                  600 	.db #0x17	; 23
   022C 17                  601 	.db #0x17	; 23
   022D 17                  602 	.db #0x17	; 23
   022E 17                  603 	.db #0x17	; 23
   022F 17                  604 	.db #0x17	; 23
   0230 17                  605 	.db #0x17	; 23
   0231 17                  606 	.db #0x17	; 23
   0232 17                  607 	.db #0x17	; 23
   0233 17                  608 	.db #0x17	; 23
   0234 17                  609 	.db #0x17	; 23
   0235 17                  610 	.db #0x17	; 23
   0236 17                  611 	.db #0x17	; 23
   0237 17                  612 	.db #0x17	; 23
   0238 17                  613 	.db #0x17	; 23
   0239 17                  614 	.db #0x17	; 23
   023A 17                  615 	.db #0x17	; 23
   023B 17                  616 	.db #0x17	; 23
   023C 17                  617 	.db #0x17	; 23
   023D 17                  618 	.db #0x17	; 23
   023E 17                  619 	.db #0x17	; 23
   023F 17                  620 	.db #0x17	; 23
   0240 17                  621 	.db #0x17	; 23
   0241 17                  622 	.db #0x17	; 23
   0242 17                  623 	.db #0x17	; 23
   0243 17                  624 	.db #0x17	; 23
   0244 17                  625 	.db #0x17	; 23
   0245 17                  626 	.db #0x17	; 23
   0246 17                  627 	.db #0x17	; 23
   0247 17                  628 	.db #0x17	; 23
   0248 17                  629 	.db #0x17	; 23
   0249 17                  630 	.db #0x17	; 23
   024A 17                  631 	.db #0x17	; 23
   024B 17                  632 	.db #0x17	; 23
   024C 17                  633 	.db #0x17	; 23
   024D 17                  634 	.db #0x17	; 23
   024E 17                  635 	.db #0x17	; 23
   024F 17                  636 	.db #0x17	; 23
   0250 17                  637 	.db #0x17	; 23
   0251 17                  638 	.db #0x17	; 23
   0252 17                  639 	.db #0x17	; 23
   0253 17                  640 	.db #0x17	; 23
   0254 17                  641 	.db #0x17	; 23
   0255 17                  642 	.db #0x17	; 23
   0256 17                  643 	.db #0x17	; 23
   0257 17                  644 	.db #0x17	; 23
   0258 17                  645 	.db #0x17	; 23
   0259 17                  646 	.db #0x17	; 23
   025A 17                  647 	.db #0x17	; 23
   025B 17                  648 	.db #0x17	; 23
   025C 17                  649 	.db #0x17	; 23
   025D 17                  650 	.db #0x17	; 23
   025E 17                  651 	.db #0x17	; 23
   025F 17                  652 	.db #0x17	; 23
   0260 17                  653 	.db #0x17	; 23
   0261 17                  654 	.db #0x17	; 23
   0262 17                  655 	.db #0x17	; 23
   0263 17                  656 	.db #0x17	; 23
   0264 17                  657 	.db #0x17	; 23
   0265 17                  658 	.db #0x17	; 23
   0266 17                  659 	.db #0x17	; 23
   0267 17                  660 	.db #0x17	; 23
   0268 17                  661 	.db #0x17	; 23
   0269 17                  662 	.db #0x17	; 23
   026A 17                  663 	.db #0x17	; 23
   026B 17                  664 	.db #0x17	; 23
   026C 17                  665 	.db #0x17	; 23
   026D 17                  666 	.db #0x17	; 23
   026E 17                  667 	.db #0x17	; 23
   026F 17                  668 	.db #0x17	; 23
   0270 17                  669 	.db #0x17	; 23
   0271 17                  670 	.db #0x17	; 23
   0272 17                  671 	.db #0x17	; 23
   0273 17                  672 	.db #0x17	; 23
   0274 17                  673 	.db #0x17	; 23
   0275 17                  674 	.db #0x17	; 23
   0276 17                  675 	.db #0x17	; 23
   0277 17                  676 	.db #0x17	; 23
   0278 17                  677 	.db #0x17	; 23
   0279 17                  678 	.db #0x17	; 23
   027A 17                  679 	.db #0x17	; 23
   027B 17                  680 	.db #0x17	; 23
   027C 17                  681 	.db #0x17	; 23
   027D 17                  682 	.db #0x17	; 23
   027E 17                  683 	.db #0x17	; 23
   027F 17                  684 	.db #0x17	; 23
   0280 17                  685 	.db #0x17	; 23
   0281 17                  686 	.db #0x17	; 23
   0282 17                  687 	.db #0x17	; 23
   0283 17                  688 	.db #0x17	; 23
   0284 17                  689 	.db #0x17	; 23
   0285 17                  690 	.db #0x17	; 23
   0286 17                  691 	.db #0x17	; 23
   0287 17                  692 	.db #0x17	; 23
   0288 17                  693 	.db #0x17	; 23
   0289 17                  694 	.db #0x17	; 23
   028A 17                  695 	.db #0x17	; 23
   028B 17                  696 	.db #0x17	; 23
   028C 17                  697 	.db #0x17	; 23
   028D 17                  698 	.db #0x17	; 23
   028E 17                  699 	.db #0x17	; 23
   028F 17                  700 	.db #0x17	; 23
   0290 17                  701 	.db #0x17	; 23
   0291 17                  702 	.db #0x17	; 23
   0292 17                  703 	.db #0x17	; 23
   0293 17                  704 	.db #0x17	; 23
   0294 17                  705 	.db #0x17	; 23
   0295 17                  706 	.db #0x17	; 23
   0296 17                  707 	.db #0x17	; 23
   0297 17                  708 	.db #0x17	; 23
   0298 17                  709 	.db #0x17	; 23
   0299 17                  710 	.db #0x17	; 23
   029A 17                  711 	.db #0x17	; 23
   029B 17                  712 	.db #0x17	; 23
   029C 17                  713 	.db #0x17	; 23
   029D 17                  714 	.db #0x17	; 23
   029E 17                  715 	.db #0x17	; 23
   029F 17                  716 	.db #0x17	; 23
   02A0 17                  717 	.db #0x17	; 23
   02A1 17                  718 	.db #0x17	; 23
   02A2 17                  719 	.db #0x17	; 23
   02A3 17                  720 	.db #0x17	; 23
   02A4 17                  721 	.db #0x17	; 23
   02A5 17                  722 	.db #0x17	; 23
   02A6 17                  723 	.db #0x17	; 23
   02A7 17                  724 	.db #0x17	; 23
   02A8 17                  725 	.db #0x17	; 23
   02A9 17                  726 	.db #0x17	; 23
   02AA 17                  727 	.db #0x17	; 23
   02AB 17                  728 	.db #0x17	; 23
   02AC 17                  729 	.db #0x17	; 23
   02AD 17                  730 	.db #0x17	; 23
   02AE 17                  731 	.db #0x17	; 23
   02AF 17                  732 	.db #0x17	; 23
   02B0 17                  733 	.db #0x17	; 23
   02B1 17                  734 	.db #0x17	; 23
   02B2 17                  735 	.db #0x17	; 23
   02B3 17                  736 	.db #0x17	; 23
   02B4 17                  737 	.db #0x17	; 23
   02B5 17                  738 	.db #0x17	; 23
   02B6 17                  739 	.db #0x17	; 23
   02B7 17                  740 	.db #0x17	; 23
   02B8 17                  741 	.db #0x17	; 23
   02B9 17                  742 	.db #0x17	; 23
   02BA 17                  743 	.db #0x17	; 23
   02BB 17                  744 	.db #0x17	; 23
   02BC 17                  745 	.db #0x17	; 23
   02BD 17                  746 	.db #0x17	; 23
   02BE 17                  747 	.db #0x17	; 23
   02BF 17                  748 	.db #0x17	; 23
   02C0 17                  749 	.db #0x17	; 23
   02C1 00                  750 	.db #0x00	; 0
   02C2 02                  751 	.db #0x02	; 2
   02C3 01                  752 	.db #0x01	; 1
   02C4 17                  753 	.db #0x17	; 23
   02C5 17                  754 	.db #0x17	; 23
   02C6 17                  755 	.db #0x17	; 23
   02C7 00                  756 	.db #0x00	; 0
   02C8 02                  757 	.db #0x02	; 2
   02C9 01                  758 	.db #0x01	; 1
   02CA 17                  759 	.db #0x17	; 23
   02CB 17                  760 	.db #0x17	; 23
   02CC 17                  761 	.db #0x17	; 23
   02CD 00                  762 	.db #0x00	; 0
   02CE 02                  763 	.db #0x02	; 2
   02CF 01                  764 	.db #0x01	; 1
   02D0 17                  765 	.db #0x17	; 23
   02D1 17                  766 	.db #0x17	; 23
   02D2 17                  767 	.db #0x17	; 23
   02D3 00                  768 	.db #0x00	; 0
   02D4 02                  769 	.db #0x02	; 2
   02D5 01                  770 	.db #0x01	; 1
   02D6 17                  771 	.db #0x17	; 23
   02D7 17                  772 	.db #0x17	; 23
   02D8 17                  773 	.db #0x17	; 23
   02D9 00                  774 	.db #0x00	; 0
   02DA 02                  775 	.db #0x02	; 2
   02DB 01                  776 	.db #0x01	; 1
   02DC 17                  777 	.db #0x17	; 23
   02DD 17                  778 	.db #0x17	; 23
   02DE 17                  779 	.db #0x17	; 23
   02DF 00                  780 	.db #0x00	; 0
   02E0 02                  781 	.db #0x02	; 2
   02E1 01                  782 	.db #0x01	; 1
   02E2 17                  783 	.db #0x17	; 23
   02E3 17                  784 	.db #0x17	; 23
   02E4 17                  785 	.db #0x17	; 23
   02E5 17                  786 	.db #0x17	; 23
   02E6 17                  787 	.db #0x17	; 23
   02E7 17                  788 	.db #0x17	; 23
   02E8 0A                  789 	.db #0x0A	; 10
   02E9 0C                  790 	.db #0x0C	; 12
   02EA 0B                  791 	.db #0x0B	; 11
   02EB 17                  792 	.db #0x17	; 23
   02EC 17                  793 	.db #0x17	; 23
   02ED 17                  794 	.db #0x17	; 23
   02EE 0A                  795 	.db #0x0A	; 10
   02EF 0C                  796 	.db #0x0C	; 12
   02F0 0B                  797 	.db #0x0B	; 11
   02F1 17                  798 	.db #0x17	; 23
   02F2 17                  799 	.db #0x17	; 23
   02F3 17                  800 	.db #0x17	; 23
   02F4 0A                  801 	.db #0x0A	; 10
   02F5 0C                  802 	.db #0x0C	; 12
   02F6 0B                  803 	.db #0x0B	; 11
   02F7 17                  804 	.db #0x17	; 23
   02F8 17                  805 	.db #0x17	; 23
   02F9 17                  806 	.db #0x17	; 23
   02FA 0A                  807 	.db #0x0A	; 10
   02FB 0C                  808 	.db #0x0C	; 12
   02FC 0B                  809 	.db #0x0B	; 11
   02FD 17                  810 	.db #0x17	; 23
   02FE 17                  811 	.db #0x17	; 23
   02FF 17                  812 	.db #0x17	; 23
   0300 0A                  813 	.db #0x0A	; 10
   0301 0C                  814 	.db #0x0C	; 12
   0302 0B                  815 	.db #0x0B	; 11
   0303 17                  816 	.db #0x17	; 23
   0304 17                  817 	.db #0x17	; 23
   0305 17                  818 	.db #0x17	; 23
   0306 0A                  819 	.db #0x0A	; 10
   0307 0C                  820 	.db #0x0C	; 12
   0308 0B                  821 	.db #0x0B	; 11
   0309 17                  822 	.db #0x17	; 23
   030A 17                  823 	.db #0x17	; 23
   030B 17                  824 	.db #0x17	; 23
   030C 17                  825 	.db #0x17	; 23
   030D 17                  826 	.db #0x17	; 23
   030E 17                  827 	.db #0x17	; 23
   030F 0A                  828 	.db #0x0A	; 10
   0310 0C                  829 	.db #0x0C	; 12
   0311 0B                  830 	.db #0x0B	; 11
   0312 17                  831 	.db #0x17	; 23
   0313 17                  832 	.db #0x17	; 23
   0314 17                  833 	.db #0x17	; 23
   0315 0A                  834 	.db #0x0A	; 10
   0316 0C                  835 	.db #0x0C	; 12
   0317 0B                  836 	.db #0x0B	; 11
   0318 17                  837 	.db #0x17	; 23
   0319 17                  838 	.db #0x17	; 23
   031A 17                  839 	.db #0x17	; 23
   031B 0A                  840 	.db #0x0A	; 10
   031C 0C                  841 	.db #0x0C	; 12
   031D 0B                  842 	.db #0x0B	; 11
   031E 17                  843 	.db #0x17	; 23
   031F 17                  844 	.db #0x17	; 23
   0320 17                  845 	.db #0x17	; 23
   0321 0A                  846 	.db #0x0A	; 10
   0322 0C                  847 	.db #0x0C	; 12
   0323 0B                  848 	.db #0x0B	; 11
   0324 17                  849 	.db #0x17	; 23
   0325 17                  850 	.db #0x17	; 23
   0326 17                  851 	.db #0x17	; 23
   0327 0A                  852 	.db #0x0A	; 10
   0328 0C                  853 	.db #0x0C	; 12
   0329 0B                  854 	.db #0x0B	; 11
   032A 17                  855 	.db #0x17	; 23
   032B 17                  856 	.db #0x17	; 23
   032C 17                  857 	.db #0x17	; 23
   032D 0A                  858 	.db #0x0A	; 10
   032E 0C                  859 	.db #0x0C	; 12
   032F 0B                  860 	.db #0x0B	; 11
   0330 17                  861 	.db #0x17	; 23
   0331 17                  862 	.db #0x17	; 23
   0332 17                  863 	.db #0x17	; 23
   0333 17                  864 	.db #0x17	; 23
   0334 17                  865 	.db #0x17	; 23
   0335 17                  866 	.db #0x17	; 23
   0336 14                  867 	.db #0x14	; 20
   0337 16                  868 	.db #0x16	; 22
   0338 15                  869 	.db #0x15	; 21
   0339 17                  870 	.db #0x17	; 23
   033A 17                  871 	.db #0x17	; 23
   033B 17                  872 	.db #0x17	; 23
   033C 14                  873 	.db #0x14	; 20
   033D 16                  874 	.db #0x16	; 22
   033E 15                  875 	.db #0x15	; 21
   033F 17                  876 	.db #0x17	; 23
   0340 17                  877 	.db #0x17	; 23
   0341 17                  878 	.db #0x17	; 23
   0342 14                  879 	.db #0x14	; 20
   0343 16                  880 	.db #0x16	; 22
   0344 15                  881 	.db #0x15	; 21
   0345 17                  882 	.db #0x17	; 23
   0346 17                  883 	.db #0x17	; 23
   0347 17                  884 	.db #0x17	; 23
   0348 14                  885 	.db #0x14	; 20
   0349 16                  886 	.db #0x16	; 22
   034A 15                  887 	.db #0x15	; 21
   034B 17                  888 	.db #0x17	; 23
   034C 17                  889 	.db #0x17	; 23
   034D 17                  890 	.db #0x17	; 23
   034E 14                  891 	.db #0x14	; 20
   034F 16                  892 	.db #0x16	; 22
   0350 15                  893 	.db #0x15	; 21
   0351 17                  894 	.db #0x17	; 23
   0352 17                  895 	.db #0x17	; 23
   0353 17                  896 	.db #0x17	; 23
   0354 14                  897 	.db #0x14	; 20
   0355 16                  898 	.db #0x16	; 22
   0356 15                  899 	.db #0x15	; 21
   0357 17                  900 	.db #0x17	; 23
   0358 17                  901 	.db #0x17	; 23
   0359 17                  902 	.db #0x17	; 23
   035A 17                  903 	.db #0x17	; 23
   035B 17                  904 	.db #0x17	; 23
   035C 17                  905 	.db #0x17	; 23
   035D 17                  906 	.db #0x17	; 23
   035E 17                  907 	.db #0x17	; 23
   035F 17                  908 	.db #0x17	; 23
   0360 17                  909 	.db #0x17	; 23
   0361 17                  910 	.db #0x17	; 23
   0362 17                  911 	.db #0x17	; 23
   0363 17                  912 	.db #0x17	; 23
   0364 17                  913 	.db #0x17	; 23
   0365 17                  914 	.db #0x17	; 23
   0366 17                  915 	.db #0x17	; 23
   0367 17                  916 	.db #0x17	; 23
   0368 17                  917 	.db #0x17	; 23
   0369 17                  918 	.db #0x17	; 23
   036A 17                  919 	.db #0x17	; 23
   036B 17                  920 	.db #0x17	; 23
   036C 17                  921 	.db #0x17	; 23
   036D 17                  922 	.db #0x17	; 23
   036E 17                  923 	.db #0x17	; 23
   036F 17                  924 	.db #0x17	; 23
   0370 17                  925 	.db #0x17	; 23
   0371 17                  926 	.db #0x17	; 23
   0372 17                  927 	.db #0x17	; 23
   0373 17                  928 	.db #0x17	; 23
   0374 17                  929 	.db #0x17	; 23
   0375 17                  930 	.db #0x17	; 23
   0376 17                  931 	.db #0x17	; 23
   0377 17                  932 	.db #0x17	; 23
   0378 17                  933 	.db #0x17	; 23
   0379 17                  934 	.db #0x17	; 23
   037A 17                  935 	.db #0x17	; 23
   037B 17                  936 	.db #0x17	; 23
   037C 17                  937 	.db #0x17	; 23
   037D 17                  938 	.db #0x17	; 23
   037E 17                  939 	.db #0x17	; 23
   037F 17                  940 	.db #0x17	; 23
   0380 17                  941 	.db #0x17	; 23
   0381 17                  942 	.db #0x17	; 23
   0382 17                  943 	.db #0x17	; 23
   0383 17                  944 	.db #0x17	; 23
   0384 17                  945 	.db #0x17	; 23
   0385 17                  946 	.db #0x17	; 23
   0386 17                  947 	.db #0x17	; 23
   0387 17                  948 	.db #0x17	; 23
   0388 17                  949 	.db #0x17	; 23
   0389 17                  950 	.db #0x17	; 23
   038A 17                  951 	.db #0x17	; 23
   038B 17                  952 	.db #0x17	; 23
   038C 17                  953 	.db #0x17	; 23
   038D 17                  954 	.db #0x17	; 23
   038E 17                  955 	.db #0x17	; 23
   038F 17                  956 	.db #0x17	; 23
   0390 17                  957 	.db #0x17	; 23
   0391 17                  958 	.db #0x17	; 23
   0392 17                  959 	.db #0x17	; 23
   0393 17                  960 	.db #0x17	; 23
   0394 17                  961 	.db #0x17	; 23
   0395 17                  962 	.db #0x17	; 23
   0396 17                  963 	.db #0x17	; 23
   0397 17                  964 	.db #0x17	; 23
   0398 17                  965 	.db #0x17	; 23
   0399 17                  966 	.db #0x17	; 23
   039A 17                  967 	.db #0x17	; 23
   039B 17                  968 	.db #0x17	; 23
   039C 17                  969 	.db #0x17	; 23
   039D 17                  970 	.db #0x17	; 23
   039E 17                  971 	.db #0x17	; 23
   039F 17                  972 	.db #0x17	; 23
   03A0 17                  973 	.db #0x17	; 23
   03A1 17                  974 	.db #0x17	; 23
   03A2 17                  975 	.db #0x17	; 23
   03A3 17                  976 	.db #0x17	; 23
   03A4 17                  977 	.db #0x17	; 23
   03A5 17                  978 	.db #0x17	; 23
   03A6 17                  979 	.db #0x17	; 23
   03A7 17                  980 	.db #0x17	; 23
   03A8 17                  981 	.db #0x17	; 23
   03A9 17                  982 	.db #0x17	; 23
   03AA 17                  983 	.db #0x17	; 23
   03AB 17                  984 	.db #0x17	; 23
   03AC 17                  985 	.db #0x17	; 23
   03AD 17                  986 	.db #0x17	; 23
   03AE 17                  987 	.db #0x17	; 23
   03AF 17                  988 	.db #0x17	; 23
   03B0 17                  989 	.db #0x17	; 23
   03B1 17                  990 	.db #0x17	; 23
   03B2 17                  991 	.db #0x17	; 23
   03B3 17                  992 	.db #0x17	; 23
   03B4 17                  993 	.db #0x17	; 23
   03B5 17                  994 	.db #0x17	; 23
   03B6 17                  995 	.db #0x17	; 23
   03B7 17                  996 	.db #0x17	; 23
   03B8 17                  997 	.db #0x17	; 23
   03B9 17                  998 	.db #0x17	; 23
   03BA 17                  999 	.db #0x17	; 23
   03BB 17                 1000 	.db #0x17	; 23
   03BC 17                 1001 	.db #0x17	; 23
   03BD 17                 1002 	.db #0x17	; 23
   03BE 17                 1003 	.db #0x17	; 23
   03BF 17                 1004 	.db #0x17	; 23
   03C0 17                 1005 	.db #0x17	; 23
   03C1 17                 1006 	.db #0x17	; 23
   03C2 17                 1007 	.db #0x17	; 23
   03C3 17                 1008 	.db #0x17	; 23
   03C4 17                 1009 	.db #0x17	; 23
   03C5 17                 1010 	.db #0x17	; 23
   03C6 17                 1011 	.db #0x17	; 23
   03C7 17                 1012 	.db #0x17	; 23
   03C8 17                 1013 	.db #0x17	; 23
   03C9 17                 1014 	.db #0x17	; 23
   03CA 17                 1015 	.db #0x17	; 23
   03CB 17                 1016 	.db #0x17	; 23
   03CC 17                 1017 	.db #0x17	; 23
   03CD 17                 1018 	.db #0x17	; 23
   03CE 17                 1019 	.db #0x17	; 23
   03CF 17                 1020 	.db #0x17	; 23
   03D0 17                 1021 	.db #0x17	; 23
   03D1 17                 1022 	.db #0x17	; 23
   03D2 17                 1023 	.db #0x17	; 23
   03D3 17                 1024 	.db #0x17	; 23
   03D4 17                 1025 	.db #0x17	; 23
   03D5 17                 1026 	.db #0x17	; 23
   03D6 17                 1027 	.db #0x17	; 23
   03D7 17                 1028 	.db #0x17	; 23
   03D8 17                 1029 	.db #0x17	; 23
   03D9 17                 1030 	.db #0x17	; 23
   03DA 17                 1031 	.db #0x17	; 23
   03DB 17                 1032 	.db #0x17	; 23
   03DC 17                 1033 	.db #0x17	; 23
   03DD 17                 1034 	.db #0x17	; 23
   03DE 17                 1035 	.db #0x17	; 23
   03DF 17                 1036 	.db #0x17	; 23
   03E0 17                 1037 	.db #0x17	; 23
   03E1 17                 1038 	.db #0x17	; 23
   03E2 17                 1039 	.db #0x17	; 23
   03E3 17                 1040 	.db #0x17	; 23
   03E4 17                 1041 	.db #0x17	; 23
   03E5 17                 1042 	.db #0x17	; 23
   03E6 17                 1043 	.db #0x17	; 23
   03E7 17                 1044 	.db #0x17	; 23
   03E8 17                 1045 	.db #0x17	; 23
   03E9 17                 1046 	.db #0x17	; 23
   03EA 17                 1047 	.db #0x17	; 23
   03EB 17                 1048 	.db #0x17	; 23
   03EC 17                 1049 	.db #0x17	; 23
   03ED 17                 1050 	.db #0x17	; 23
   03EE 17                 1051 	.db #0x17	; 23
   03EF 17                 1052 	.db #0x17	; 23
   03F0 17                 1053 	.db #0x17	; 23
   03F1 17                 1054 	.db #0x17	; 23
   03F2 17                 1055 	.db #0x17	; 23
   03F3 17                 1056 	.db #0x17	; 23
   03F4 17                 1057 	.db #0x17	; 23
   03F5 17                 1058 	.db #0x17	; 23
   03F6 17                 1059 	.db #0x17	; 23
   03F7 17                 1060 	.db #0x17	; 23
   03F8 17                 1061 	.db #0x17	; 23
   03F9 00                 1062 	.db #0x00	; 0
   03FA 02                 1063 	.db #0x02	; 2
   03FB 01                 1064 	.db #0x01	; 1
   03FC 17                 1065 	.db #0x17	; 23
   03FD 17                 1066 	.db #0x17	; 23
   03FE 17                 1067 	.db #0x17	; 23
   03FF 00                 1068 	.db #0x00	; 0
   0400 02                 1069 	.db #0x02	; 2
   0401 01                 1070 	.db #0x01	; 1
   0402 17                 1071 	.db #0x17	; 23
   0403 17                 1072 	.db #0x17	; 23
   0404 17                 1073 	.db #0x17	; 23
   0405 00                 1074 	.db #0x00	; 0
   0406 02                 1075 	.db #0x02	; 2
   0407 01                 1076 	.db #0x01	; 1
   0408 17                 1077 	.db #0x17	; 23
   0409 17                 1078 	.db #0x17	; 23
   040A 17                 1079 	.db #0x17	; 23
   040B 00                 1080 	.db #0x00	; 0
   040C 02                 1081 	.db #0x02	; 2
   040D 01                 1082 	.db #0x01	; 1
   040E 17                 1083 	.db #0x17	; 23
   040F 17                 1084 	.db #0x17	; 23
   0410 17                 1085 	.db #0x17	; 23
   0411 00                 1086 	.db #0x00	; 0
   0412 02                 1087 	.db #0x02	; 2
   0413 01                 1088 	.db #0x01	; 1
   0414 17                 1089 	.db #0x17	; 23
   0415 17                 1090 	.db #0x17	; 23
   0416 17                 1091 	.db #0x17	; 23
   0417 00                 1092 	.db #0x00	; 0
   0418 02                 1093 	.db #0x02	; 2
   0419 01                 1094 	.db #0x01	; 1
   041A 17                 1095 	.db #0x17	; 23
   041B 17                 1096 	.db #0x17	; 23
   041C 17                 1097 	.db #0x17	; 23
   041D 17                 1098 	.db #0x17	; 23
   041E 17                 1099 	.db #0x17	; 23
   041F 17                 1100 	.db #0x17	; 23
   0420 0A                 1101 	.db #0x0A	; 10
   0421 0C                 1102 	.db #0x0C	; 12
   0422 0B                 1103 	.db #0x0B	; 11
   0423 17                 1104 	.db #0x17	; 23
   0424 17                 1105 	.db #0x17	; 23
   0425 17                 1106 	.db #0x17	; 23
   0426 0A                 1107 	.db #0x0A	; 10
   0427 0C                 1108 	.db #0x0C	; 12
   0428 0B                 1109 	.db #0x0B	; 11
   0429 17                 1110 	.db #0x17	; 23
   042A 17                 1111 	.db #0x17	; 23
   042B 17                 1112 	.db #0x17	; 23
   042C 0A                 1113 	.db #0x0A	; 10
   042D 0C                 1114 	.db #0x0C	; 12
   042E 0B                 1115 	.db #0x0B	; 11
   042F 17                 1116 	.db #0x17	; 23
   0430 17                 1117 	.db #0x17	; 23
   0431 17                 1118 	.db #0x17	; 23
   0432 0A                 1119 	.db #0x0A	; 10
   0433 0C                 1120 	.db #0x0C	; 12
   0434 0B                 1121 	.db #0x0B	; 11
   0435 17                 1122 	.db #0x17	; 23
   0436 17                 1123 	.db #0x17	; 23
   0437 17                 1124 	.db #0x17	; 23
   0438 0A                 1125 	.db #0x0A	; 10
   0439 0C                 1126 	.db #0x0C	; 12
   043A 0B                 1127 	.db #0x0B	; 11
   043B 17                 1128 	.db #0x17	; 23
   043C 17                 1129 	.db #0x17	; 23
   043D 17                 1130 	.db #0x17	; 23
   043E 0A                 1131 	.db #0x0A	; 10
   043F 0C                 1132 	.db #0x0C	; 12
   0440 0B                 1133 	.db #0x0B	; 11
   0441 17                 1134 	.db #0x17	; 23
   0442 17                 1135 	.db #0x17	; 23
   0443 17                 1136 	.db #0x17	; 23
   0444 17                 1137 	.db #0x17	; 23
   0445 17                 1138 	.db #0x17	; 23
   0446 17                 1139 	.db #0x17	; 23
   0447 0A                 1140 	.db #0x0A	; 10
   0448 0C                 1141 	.db #0x0C	; 12
   0449 0B                 1142 	.db #0x0B	; 11
   044A 17                 1143 	.db #0x17	; 23
   044B 17                 1144 	.db #0x17	; 23
   044C 17                 1145 	.db #0x17	; 23
   044D 0A                 1146 	.db #0x0A	; 10
   044E 0C                 1147 	.db #0x0C	; 12
   044F 0B                 1148 	.db #0x0B	; 11
   0450 17                 1149 	.db #0x17	; 23
   0451 17                 1150 	.db #0x17	; 23
   0452 17                 1151 	.db #0x17	; 23
   0453 0A                 1152 	.db #0x0A	; 10
   0454 0C                 1153 	.db #0x0C	; 12
   0455 0B                 1154 	.db #0x0B	; 11
   0456 17                 1155 	.db #0x17	; 23
   0457 17                 1156 	.db #0x17	; 23
   0458 17                 1157 	.db #0x17	; 23
   0459 0A                 1158 	.db #0x0A	; 10
   045A 0C                 1159 	.db #0x0C	; 12
   045B 0B                 1160 	.db #0x0B	; 11
   045C 17                 1161 	.db #0x17	; 23
   045D 17                 1162 	.db #0x17	; 23
   045E 17                 1163 	.db #0x17	; 23
   045F 0A                 1164 	.db #0x0A	; 10
   0460 0C                 1165 	.db #0x0C	; 12
   0461 0B                 1166 	.db #0x0B	; 11
   0462 17                 1167 	.db #0x17	; 23
   0463 17                 1168 	.db #0x17	; 23
   0464 17                 1169 	.db #0x17	; 23
   0465 0A                 1170 	.db #0x0A	; 10
   0466 0C                 1171 	.db #0x0C	; 12
   0467 0B                 1172 	.db #0x0B	; 11
   0468 17                 1173 	.db #0x17	; 23
   0469 17                 1174 	.db #0x17	; 23
   046A 17                 1175 	.db #0x17	; 23
   046B 17                 1176 	.db #0x17	; 23
   046C 17                 1177 	.db #0x17	; 23
   046D 17                 1178 	.db #0x17	; 23
   046E 14                 1179 	.db #0x14	; 20
   046F 16                 1180 	.db #0x16	; 22
   0470 15                 1181 	.db #0x15	; 21
   0471 17                 1182 	.db #0x17	; 23
   0472 17                 1183 	.db #0x17	; 23
   0473 17                 1184 	.db #0x17	; 23
   0474 14                 1185 	.db #0x14	; 20
   0475 16                 1186 	.db #0x16	; 22
   0476 15                 1187 	.db #0x15	; 21
   0477 17                 1188 	.db #0x17	; 23
   0478 17                 1189 	.db #0x17	; 23
   0479 17                 1190 	.db #0x17	; 23
   047A 14                 1191 	.db #0x14	; 20
   047B 16                 1192 	.db #0x16	; 22
   047C 15                 1193 	.db #0x15	; 21
   047D 17                 1194 	.db #0x17	; 23
   047E 17                 1195 	.db #0x17	; 23
   047F 17                 1196 	.db #0x17	; 23
   0480 14                 1197 	.db #0x14	; 20
   0481 16                 1198 	.db #0x16	; 22
   0482 15                 1199 	.db #0x15	; 21
   0483 17                 1200 	.db #0x17	; 23
   0484 17                 1201 	.db #0x17	; 23
   0485 17                 1202 	.db #0x17	; 23
   0486 14                 1203 	.db #0x14	; 20
   0487 16                 1204 	.db #0x16	; 22
   0488 15                 1205 	.db #0x15	; 21
   0489 17                 1206 	.db #0x17	; 23
   048A 17                 1207 	.db #0x17	; 23
   048B 17                 1208 	.db #0x17	; 23
   048C 14                 1209 	.db #0x14	; 20
   048D 16                 1210 	.db #0x16	; 22
   048E 15                 1211 	.db #0x15	; 21
   048F 17                 1212 	.db #0x17	; 23
   0490 17                 1213 	.db #0x17	; 23
   0491 17                 1214 	.db #0x17	; 23
   0492 17                 1215 	.db #0x17	; 23
   0493 17                 1216 	.db #0x17	; 23
   0494 17                 1217 	.db #0x17	; 23
   0495 17                 1218 	.db #0x17	; 23
   0496 17                 1219 	.db #0x17	; 23
   0497 17                 1220 	.db #0x17	; 23
   0498 17                 1221 	.db #0x17	; 23
   0499 17                 1222 	.db #0x17	; 23
   049A 17                 1223 	.db #0x17	; 23
   049B 17                 1224 	.db #0x17	; 23
   049C 17                 1225 	.db #0x17	; 23
   049D 17                 1226 	.db #0x17	; 23
   049E 17                 1227 	.db #0x17	; 23
   049F 17                 1228 	.db #0x17	; 23
   04A0 17                 1229 	.db #0x17	; 23
   04A1 17                 1230 	.db #0x17	; 23
   04A2 17                 1231 	.db #0x17	; 23
   04A3 17                 1232 	.db #0x17	; 23
   04A4 17                 1233 	.db #0x17	; 23
   04A5 17                 1234 	.db #0x17	; 23
   04A6 17                 1235 	.db #0x17	; 23
   04A7 17                 1236 	.db #0x17	; 23
   04A8 17                 1237 	.db #0x17	; 23
   04A9 17                 1238 	.db #0x17	; 23
   04AA 17                 1239 	.db #0x17	; 23
   04AB 17                 1240 	.db #0x17	; 23
   04AC 17                 1241 	.db #0x17	; 23
   04AD 17                 1242 	.db #0x17	; 23
   04AE 17                 1243 	.db #0x17	; 23
   04AF 17                 1244 	.db #0x17	; 23
   04B0 17                 1245 	.db #0x17	; 23
   04B1 17                 1246 	.db #0x17	; 23
   04B2 17                 1247 	.db #0x17	; 23
   04B3 17                 1248 	.db #0x17	; 23
   04B4 17                 1249 	.db #0x17	; 23
   04B5 17                 1250 	.db #0x17	; 23
   04B6 17                 1251 	.db #0x17	; 23
   04B7 17                 1252 	.db #0x17	; 23
   04B8 17                 1253 	.db #0x17	; 23
   04B9 17                 1254 	.db #0x17	; 23
   04BA 17                 1255 	.db #0x17	; 23
   04BB 17                 1256 	.db #0x17	; 23
   04BC 17                 1257 	.db #0x17	; 23
   04BD 17                 1258 	.db #0x17	; 23
   04BE 17                 1259 	.db #0x17	; 23
   04BF 17                 1260 	.db #0x17	; 23
   04C0 17                 1261 	.db #0x17	; 23
   04C1 17                 1262 	.db #0x17	; 23
   04C2 17                 1263 	.db #0x17	; 23
   04C3 17                 1264 	.db #0x17	; 23
   04C4 17                 1265 	.db #0x17	; 23
   04C5 17                 1266 	.db #0x17	; 23
   04C6 17                 1267 	.db #0x17	; 23
   04C7 17                 1268 	.db #0x17	; 23
   04C8 17                 1269 	.db #0x17	; 23
   04C9 17                 1270 	.db #0x17	; 23
   04CA 17                 1271 	.db #0x17	; 23
   04CB 17                 1272 	.db #0x17	; 23
   04CC 17                 1273 	.db #0x17	; 23
   04CD 17                 1274 	.db #0x17	; 23
   04CE 17                 1275 	.db #0x17	; 23
   04CF 17                 1276 	.db #0x17	; 23
   04D0 17                 1277 	.db #0x17	; 23
   04D1 17                 1278 	.db #0x17	; 23
   04D2 17                 1279 	.db #0x17	; 23
   04D3 17                 1280 	.db #0x17	; 23
   04D4 17                 1281 	.db #0x17	; 23
   04D5 17                 1282 	.db #0x17	; 23
   04D6 17                 1283 	.db #0x17	; 23
   04D7 17                 1284 	.db #0x17	; 23
   04D8 17                 1285 	.db #0x17	; 23
   04D9 17                 1286 	.db #0x17	; 23
   04DA 17                 1287 	.db #0x17	; 23
   04DB 17                 1288 	.db #0x17	; 23
   04DC 17                 1289 	.db #0x17	; 23
   04DD 17                 1290 	.db #0x17	; 23
   04DE 17                 1291 	.db #0x17	; 23
   04DF 17                 1292 	.db #0x17	; 23
   04E0 17                 1293 	.db #0x17	; 23
   04E1 17                 1294 	.db #0x17	; 23
   04E2 17                 1295 	.db #0x17	; 23
   04E3 17                 1296 	.db #0x17	; 23
   04E4 17                 1297 	.db #0x17	; 23
   04E5 17                 1298 	.db #0x17	; 23
   04E6 17                 1299 	.db #0x17	; 23
   04E7 17                 1300 	.db #0x17	; 23
   04E8 17                 1301 	.db #0x17	; 23
   04E9 17                 1302 	.db #0x17	; 23
   04EA 17                 1303 	.db #0x17	; 23
   04EB 17                 1304 	.db #0x17	; 23
   04EC 17                 1305 	.db #0x17	; 23
   04ED 17                 1306 	.db #0x17	; 23
   04EE 17                 1307 	.db #0x17	; 23
   04EF 17                 1308 	.db #0x17	; 23
   04F0 17                 1309 	.db #0x17	; 23
   04F1 17                 1310 	.db #0x17	; 23
   04F2 17                 1311 	.db #0x17	; 23
   04F3 17                 1312 	.db #0x17	; 23
   04F4 17                 1313 	.db #0x17	; 23
   04F5 17                 1314 	.db #0x17	; 23
   04F6 17                 1315 	.db #0x17	; 23
   04F7 17                 1316 	.db #0x17	; 23
   04F8 17                 1317 	.db #0x17	; 23
   04F9 17                 1318 	.db #0x17	; 23
   04FA 17                 1319 	.db #0x17	; 23
   04FB 17                 1320 	.db #0x17	; 23
   04FC 17                 1321 	.db #0x17	; 23
   04FD 17                 1322 	.db #0x17	; 23
   04FE 17                 1323 	.db #0x17	; 23
   04FF 17                 1324 	.db #0x17	; 23
   0500 17                 1325 	.db #0x17	; 23
   0501 17                 1326 	.db #0x17	; 23
   0502 17                 1327 	.db #0x17	; 23
   0503 17                 1328 	.db #0x17	; 23
   0504 17                 1329 	.db #0x17	; 23
   0505 17                 1330 	.db #0x17	; 23
   0506 17                 1331 	.db #0x17	; 23
   0507 17                 1332 	.db #0x17	; 23
   0508 17                 1333 	.db #0x17	; 23
   0509 17                 1334 	.db #0x17	; 23
   050A 17                 1335 	.db #0x17	; 23
   050B 17                 1336 	.db #0x17	; 23
   050C 17                 1337 	.db #0x17	; 23
   050D 17                 1338 	.db #0x17	; 23
   050E 17                 1339 	.db #0x17	; 23
   050F 17                 1340 	.db #0x17	; 23
   0510 17                 1341 	.db #0x17	; 23
   0511 17                 1342 	.db #0x17	; 23
   0512 17                 1343 	.db #0x17	; 23
   0513 17                 1344 	.db #0x17	; 23
   0514 17                 1345 	.db #0x17	; 23
   0515 17                 1346 	.db #0x17	; 23
   0516 17                 1347 	.db #0x17	; 23
   0517 17                 1348 	.db #0x17	; 23
   0518 17                 1349 	.db #0x17	; 23
   0519 17                 1350 	.db #0x17	; 23
   051A 17                 1351 	.db #0x17	; 23
   051B 17                 1352 	.db #0x17	; 23
   051C 17                 1353 	.db #0x17	; 23
   051D 17                 1354 	.db #0x17	; 23
   051E 17                 1355 	.db #0x17	; 23
   051F 17                 1356 	.db #0x17	; 23
   0520 17                 1357 	.db #0x17	; 23
   0521 17                 1358 	.db #0x17	; 23
   0522 17                 1359 	.db #0x17	; 23
   0523 17                 1360 	.db #0x17	; 23
   0524 17                 1361 	.db #0x17	; 23
   0525 17                 1362 	.db #0x17	; 23
   0526 17                 1363 	.db #0x17	; 23
   0527 17                 1364 	.db #0x17	; 23
   0528 17                 1365 	.db #0x17	; 23
   0529 17                 1366 	.db #0x17	; 23
   052A 17                 1367 	.db #0x17	; 23
   052B 17                 1368 	.db #0x17	; 23
   052C 17                 1369 	.db #0x17	; 23
   052D 17                 1370 	.db #0x17	; 23
   052E 17                 1371 	.db #0x17	; 23
   052F 17                 1372 	.db #0x17	; 23
   0530 17                 1373 	.db #0x17	; 23
   0531 00                 1374 	.db #0x00	; 0
   0532 02                 1375 	.db #0x02	; 2
   0533 01                 1376 	.db #0x01	; 1
   0534 17                 1377 	.db #0x17	; 23
   0535 17                 1378 	.db #0x17	; 23
   0536 17                 1379 	.db #0x17	; 23
   0537 00                 1380 	.db #0x00	; 0
   0538 02                 1381 	.db #0x02	; 2
   0539 01                 1382 	.db #0x01	; 1
   053A 17                 1383 	.db #0x17	; 23
   053B 17                 1384 	.db #0x17	; 23
   053C 17                 1385 	.db #0x17	; 23
   053D 00                 1386 	.db #0x00	; 0
   053E 02                 1387 	.db #0x02	; 2
   053F 01                 1388 	.db #0x01	; 1
   0540 17                 1389 	.db #0x17	; 23
   0541 17                 1390 	.db #0x17	; 23
   0542 17                 1391 	.db #0x17	; 23
   0543 00                 1392 	.db #0x00	; 0
   0544 02                 1393 	.db #0x02	; 2
   0545 01                 1394 	.db #0x01	; 1
   0546 17                 1395 	.db #0x17	; 23
   0547 17                 1396 	.db #0x17	; 23
   0548 17                 1397 	.db #0x17	; 23
   0549 00                 1398 	.db #0x00	; 0
   054A 02                 1399 	.db #0x02	; 2
   054B 01                 1400 	.db #0x01	; 1
   054C 17                 1401 	.db #0x17	; 23
   054D 17                 1402 	.db #0x17	; 23
   054E 17                 1403 	.db #0x17	; 23
   054F 00                 1404 	.db #0x00	; 0
   0550 02                 1405 	.db #0x02	; 2
   0551 01                 1406 	.db #0x01	; 1
   0552 17                 1407 	.db #0x17	; 23
   0553 17                 1408 	.db #0x17	; 23
   0554 17                 1409 	.db #0x17	; 23
   0555 17                 1410 	.db #0x17	; 23
   0556 17                 1411 	.db #0x17	; 23
   0557 17                 1412 	.db #0x17	; 23
   0558 0A                 1413 	.db #0x0A	; 10
   0559 0C                 1414 	.db #0x0C	; 12
   055A 0B                 1415 	.db #0x0B	; 11
   055B 17                 1416 	.db #0x17	; 23
   055C 17                 1417 	.db #0x17	; 23
   055D 17                 1418 	.db #0x17	; 23
   055E 0A                 1419 	.db #0x0A	; 10
   055F 0C                 1420 	.db #0x0C	; 12
   0560 0B                 1421 	.db #0x0B	; 11
   0561 17                 1422 	.db #0x17	; 23
   0562 17                 1423 	.db #0x17	; 23
   0563 17                 1424 	.db #0x17	; 23
   0564 0A                 1425 	.db #0x0A	; 10
   0565 0C                 1426 	.db #0x0C	; 12
   0566 0B                 1427 	.db #0x0B	; 11
   0567 17                 1428 	.db #0x17	; 23
   0568 17                 1429 	.db #0x17	; 23
   0569 17                 1430 	.db #0x17	; 23
   056A 0A                 1431 	.db #0x0A	; 10
   056B 0C                 1432 	.db #0x0C	; 12
   056C 0B                 1433 	.db #0x0B	; 11
   056D 17                 1434 	.db #0x17	; 23
   056E 17                 1435 	.db #0x17	; 23
   056F 17                 1436 	.db #0x17	; 23
   0570 0A                 1437 	.db #0x0A	; 10
   0571 0C                 1438 	.db #0x0C	; 12
   0572 0B                 1439 	.db #0x0B	; 11
   0573 17                 1440 	.db #0x17	; 23
   0574 17                 1441 	.db #0x17	; 23
   0575 17                 1442 	.db #0x17	; 23
   0576 0A                 1443 	.db #0x0A	; 10
   0577 0C                 1444 	.db #0x0C	; 12
   0578 0B                 1445 	.db #0x0B	; 11
   0579 17                 1446 	.db #0x17	; 23
   057A 17                 1447 	.db #0x17	; 23
   057B 17                 1448 	.db #0x17	; 23
   057C 17                 1449 	.db #0x17	; 23
   057D 17                 1450 	.db #0x17	; 23
   057E 17                 1451 	.db #0x17	; 23
   057F 0A                 1452 	.db #0x0A	; 10
   0580 0C                 1453 	.db #0x0C	; 12
   0581 0B                 1454 	.db #0x0B	; 11
   0582 17                 1455 	.db #0x17	; 23
   0583 17                 1456 	.db #0x17	; 23
   0584 17                 1457 	.db #0x17	; 23
   0585 0A                 1458 	.db #0x0A	; 10
   0586 0C                 1459 	.db #0x0C	; 12
   0587 0B                 1460 	.db #0x0B	; 11
   0588 17                 1461 	.db #0x17	; 23
   0589 17                 1462 	.db #0x17	; 23
   058A 17                 1463 	.db #0x17	; 23
   058B 0A                 1464 	.db #0x0A	; 10
   058C 0C                 1465 	.db #0x0C	; 12
   058D 0B                 1466 	.db #0x0B	; 11
   058E 17                 1467 	.db #0x17	; 23
   058F 17                 1468 	.db #0x17	; 23
   0590 17                 1469 	.db #0x17	; 23
   0591 0A                 1470 	.db #0x0A	; 10
   0592 0C                 1471 	.db #0x0C	; 12
   0593 0B                 1472 	.db #0x0B	; 11
   0594 17                 1473 	.db #0x17	; 23
   0595 17                 1474 	.db #0x17	; 23
   0596 17                 1475 	.db #0x17	; 23
   0597 0A                 1476 	.db #0x0A	; 10
   0598 0C                 1477 	.db #0x0C	; 12
   0599 0B                 1478 	.db #0x0B	; 11
   059A 17                 1479 	.db #0x17	; 23
   059B 17                 1480 	.db #0x17	; 23
   059C 17                 1481 	.db #0x17	; 23
   059D 0A                 1482 	.db #0x0A	; 10
   059E 0C                 1483 	.db #0x0C	; 12
   059F 0B                 1484 	.db #0x0B	; 11
   05A0 17                 1485 	.db #0x17	; 23
   05A1 17                 1486 	.db #0x17	; 23
   05A2 17                 1487 	.db #0x17	; 23
   05A3 17                 1488 	.db #0x17	; 23
   05A4 17                 1489 	.db #0x17	; 23
   05A5 17                 1490 	.db #0x17	; 23
   05A6 14                 1491 	.db #0x14	; 20
   05A7 16                 1492 	.db #0x16	; 22
   05A8 15                 1493 	.db #0x15	; 21
   05A9 17                 1494 	.db #0x17	; 23
   05AA 17                 1495 	.db #0x17	; 23
   05AB 17                 1496 	.db #0x17	; 23
   05AC 14                 1497 	.db #0x14	; 20
   05AD 16                 1498 	.db #0x16	; 22
   05AE 15                 1499 	.db #0x15	; 21
   05AF 17                 1500 	.db #0x17	; 23
   05B0 17                 1501 	.db #0x17	; 23
   05B1 17                 1502 	.db #0x17	; 23
   05B2 14                 1503 	.db #0x14	; 20
   05B3 16                 1504 	.db #0x16	; 22
   05B4 15                 1505 	.db #0x15	; 21
   05B5 17                 1506 	.db #0x17	; 23
   05B6 17                 1507 	.db #0x17	; 23
   05B7 17                 1508 	.db #0x17	; 23
   05B8 14                 1509 	.db #0x14	; 20
   05B9 16                 1510 	.db #0x16	; 22
   05BA 15                 1511 	.db #0x15	; 21
   05BB 17                 1512 	.db #0x17	; 23
   05BC 17                 1513 	.db #0x17	; 23
   05BD 17                 1514 	.db #0x17	; 23
   05BE 14                 1515 	.db #0x14	; 20
   05BF 16                 1516 	.db #0x16	; 22
   05C0 15                 1517 	.db #0x15	; 21
   05C1 17                 1518 	.db #0x17	; 23
   05C2 17                 1519 	.db #0x17	; 23
   05C3 17                 1520 	.db #0x17	; 23
   05C4 14                 1521 	.db #0x14	; 20
   05C5 16                 1522 	.db #0x16	; 22
   05C6 15                 1523 	.db #0x15	; 21
   05C7 17                 1524 	.db #0x17	; 23
   05C8 17                 1525 	.db #0x17	; 23
   05C9 17                 1526 	.db #0x17	; 23
   05CA 17                 1527 	.db #0x17	; 23
   05CB 17                 1528 	.db #0x17	; 23
   05CC 17                 1529 	.db #0x17	; 23
   05CD 17                 1530 	.db #0x17	; 23
   05CE 17                 1531 	.db #0x17	; 23
   05CF 17                 1532 	.db #0x17	; 23
   05D0 17                 1533 	.db #0x17	; 23
   05D1 17                 1534 	.db #0x17	; 23
   05D2 17                 1535 	.db #0x17	; 23
   05D3 17                 1536 	.db #0x17	; 23
   05D4 17                 1537 	.db #0x17	; 23
   05D5 17                 1538 	.db #0x17	; 23
   05D6 17                 1539 	.db #0x17	; 23
   05D7 17                 1540 	.db #0x17	; 23
   05D8 17                 1541 	.db #0x17	; 23
   05D9 17                 1542 	.db #0x17	; 23
   05DA 17                 1543 	.db #0x17	; 23
   05DB 17                 1544 	.db #0x17	; 23
   05DC 17                 1545 	.db #0x17	; 23
   05DD 17                 1546 	.db #0x17	; 23
   05DE 17                 1547 	.db #0x17	; 23
   05DF 17                 1548 	.db #0x17	; 23
   05E0 17                 1549 	.db #0x17	; 23
   05E1 17                 1550 	.db #0x17	; 23
   05E2 17                 1551 	.db #0x17	; 23
   05E3 17                 1552 	.db #0x17	; 23
   05E4 17                 1553 	.db #0x17	; 23
   05E5 17                 1554 	.db #0x17	; 23
   05E6 17                 1555 	.db #0x17	; 23
   05E7 17                 1556 	.db #0x17	; 23
   05E8 17                 1557 	.db #0x17	; 23
   05E9 17                 1558 	.db #0x17	; 23
   05EA 17                 1559 	.db #0x17	; 23
   05EB 17                 1560 	.db #0x17	; 23
   05EC 17                 1561 	.db #0x17	; 23
   05ED 17                 1562 	.db #0x17	; 23
   05EE 17                 1563 	.db #0x17	; 23
   05EF 17                 1564 	.db #0x17	; 23
   05F0 17                 1565 	.db #0x17	; 23
   05F1 17                 1566 	.db #0x17	; 23
   05F2 17                 1567 	.db #0x17	; 23
   05F3 17                 1568 	.db #0x17	; 23
   05F4 17                 1569 	.db #0x17	; 23
   05F5 17                 1570 	.db #0x17	; 23
   05F6 17                 1571 	.db #0x17	; 23
   05F7 17                 1572 	.db #0x17	; 23
   05F8 17                 1573 	.db #0x17	; 23
   05F9 17                 1574 	.db #0x17	; 23
   05FA 17                 1575 	.db #0x17	; 23
   05FB 17                 1576 	.db #0x17	; 23
   05FC 17                 1577 	.db #0x17	; 23
   05FD 17                 1578 	.db #0x17	; 23
   05FE 17                 1579 	.db #0x17	; 23
   05FF 17                 1580 	.db #0x17	; 23
   0600 17                 1581 	.db #0x17	; 23
   0601 17                 1582 	.db #0x17	; 23
   0602 17                 1583 	.db #0x17	; 23
   0603 17                 1584 	.db #0x17	; 23
   0604 17                 1585 	.db #0x17	; 23
   0605 17                 1586 	.db #0x17	; 23
   0606 17                 1587 	.db #0x17	; 23
   0607 17                 1588 	.db #0x17	; 23
   0608 17                 1589 	.db #0x17	; 23
   0609 17                 1590 	.db #0x17	; 23
   060A 17                 1591 	.db #0x17	; 23
   060B 17                 1592 	.db #0x17	; 23
   060C 17                 1593 	.db #0x17	; 23
   060D 17                 1594 	.db #0x17	; 23
   060E 17                 1595 	.db #0x17	; 23
   060F 17                 1596 	.db #0x17	; 23
   0610 17                 1597 	.db #0x17	; 23
   0611 17                 1598 	.db #0x17	; 23
   0612 17                 1599 	.db #0x17	; 23
   0613 17                 1600 	.db #0x17	; 23
   0614 17                 1601 	.db #0x17	; 23
   0615 17                 1602 	.db #0x17	; 23
   0616 17                 1603 	.db #0x17	; 23
   0617 17                 1604 	.db #0x17	; 23
   0618 17                 1605 	.db #0x17	; 23
   0619 17                 1606 	.db #0x17	; 23
   061A 17                 1607 	.db #0x17	; 23
   061B 17                 1608 	.db #0x17	; 23
   061C 17                 1609 	.db #0x17	; 23
   061D 17                 1610 	.db #0x17	; 23
   061E 17                 1611 	.db #0x17	; 23
   061F 17                 1612 	.db #0x17	; 23
   0620 17                 1613 	.db #0x17	; 23
   0621 17                 1614 	.db #0x17	; 23
   0622 17                 1615 	.db #0x17	; 23
   0623 17                 1616 	.db #0x17	; 23
   0624 17                 1617 	.db #0x17	; 23
   0625 17                 1618 	.db #0x17	; 23
   0626 17                 1619 	.db #0x17	; 23
   0627 17                 1620 	.db #0x17	; 23
   0628 17                 1621 	.db #0x17	; 23
   0629 17                 1622 	.db #0x17	; 23
   062A 17                 1623 	.db #0x17	; 23
   062B 17                 1624 	.db #0x17	; 23
   062C 17                 1625 	.db #0x17	; 23
   062D 17                 1626 	.db #0x17	; 23
   062E 17                 1627 	.db #0x17	; 23
   062F 17                 1628 	.db #0x17	; 23
   0630 17                 1629 	.db #0x17	; 23
   0631 17                 1630 	.db #0x17	; 23
   0632 17                 1631 	.db #0x17	; 23
   0633 17                 1632 	.db #0x17	; 23
   0634 17                 1633 	.db #0x17	; 23
   0635 17                 1634 	.db #0x17	; 23
   0636 17                 1635 	.db #0x17	; 23
   0637 17                 1636 	.db #0x17	; 23
   0638 17                 1637 	.db #0x17	; 23
   0639 17                 1638 	.db #0x17	; 23
   063A 17                 1639 	.db #0x17	; 23
   063B 17                 1640 	.db #0x17	; 23
   063C 17                 1641 	.db #0x17	; 23
   063D 17                 1642 	.db #0x17	; 23
   063E 17                 1643 	.db #0x17	; 23
   063F 17                 1644 	.db #0x17	; 23
   0640 17                 1645 	.db #0x17	; 23
   0641 17                 1646 	.db #0x17	; 23
   0642 17                 1647 	.db #0x17	; 23
   0643 17                 1648 	.db #0x17	; 23
   0644 17                 1649 	.db #0x17	; 23
   0645 17                 1650 	.db #0x17	; 23
   0646 17                 1651 	.db #0x17	; 23
   0647 17                 1652 	.db #0x17	; 23
   0648 17                 1653 	.db #0x17	; 23
   0649 17                 1654 	.db #0x17	; 23
   064A 17                 1655 	.db #0x17	; 23
   064B 17                 1656 	.db #0x17	; 23
   064C 17                 1657 	.db #0x17	; 23
   064D 17                 1658 	.db #0x17	; 23
   064E 17                 1659 	.db #0x17	; 23
   064F 17                 1660 	.db #0x17	; 23
   0650 17                 1661 	.db #0x17	; 23
   0651 17                 1662 	.db #0x17	; 23
   0652 17                 1663 	.db #0x17	; 23
   0653 17                 1664 	.db #0x17	; 23
   0654 17                 1665 	.db #0x17	; 23
   0655 17                 1666 	.db #0x17	; 23
   0656 17                 1667 	.db #0x17	; 23
   0657 17                 1668 	.db #0x17	; 23
   0658 17                 1669 	.db #0x17	; 23
   0659 17                 1670 	.db #0x17	; 23
   065A 17                 1671 	.db #0x17	; 23
   065B 17                 1672 	.db #0x17	; 23
   065C 17                 1673 	.db #0x17	; 23
   065D 17                 1674 	.db #0x17	; 23
   065E 17                 1675 	.db #0x17	; 23
   065F 17                 1676 	.db #0x17	; 23
   0660 17                 1677 	.db #0x17	; 23
   0661 17                 1678 	.db #0x17	; 23
   0662 17                 1679 	.db #0x17	; 23
   0663 17                 1680 	.db #0x17	; 23
   0664 17                 1681 	.db #0x17	; 23
   0665 17                 1682 	.db #0x17	; 23
   0666 17                 1683 	.db #0x17	; 23
   0667 17                 1684 	.db #0x17	; 23
   0668 17                 1685 	.db #0x17	; 23
   0669 00                 1686 	.db #0x00	; 0
   066A 02                 1687 	.db #0x02	; 2
   066B 01                 1688 	.db #0x01	; 1
   066C 17                 1689 	.db #0x17	; 23
   066D 17                 1690 	.db #0x17	; 23
   066E 17                 1691 	.db #0x17	; 23
   066F 00                 1692 	.db #0x00	; 0
   0670 02                 1693 	.db #0x02	; 2
   0671 01                 1694 	.db #0x01	; 1
   0672 17                 1695 	.db #0x17	; 23
   0673 17                 1696 	.db #0x17	; 23
   0674 17                 1697 	.db #0x17	; 23
   0675 00                 1698 	.db #0x00	; 0
   0676 02                 1699 	.db #0x02	; 2
   0677 01                 1700 	.db #0x01	; 1
   0678 17                 1701 	.db #0x17	; 23
   0679 17                 1702 	.db #0x17	; 23
   067A 17                 1703 	.db #0x17	; 23
   067B 00                 1704 	.db #0x00	; 0
   067C 02                 1705 	.db #0x02	; 2
   067D 01                 1706 	.db #0x01	; 1
   067E 17                 1707 	.db #0x17	; 23
   067F 17                 1708 	.db #0x17	; 23
   0680 17                 1709 	.db #0x17	; 23
   0681 00                 1710 	.db #0x00	; 0
   0682 02                 1711 	.db #0x02	; 2
   0683 01                 1712 	.db #0x01	; 1
   0684 1E                 1713 	.db #0x1E	; 30
   0685 1F                 1714 	.db #0x1F	; 31
   0686 21                 1715 	.db #0x21	; 33
   0687 17                 1716 	.db #0x17	; 23
   0688 17                 1717 	.db #0x17	; 23
   0689 17                 1718 	.db #0x17	; 23
   068A 17                 1719 	.db #0x17	; 23
   068B 17                 1720 	.db #0x17	; 23
   068C 17                 1721 	.db #0x17	; 23
   068D 17                 1722 	.db #0x17	; 23
   068E 17                 1723 	.db #0x17	; 23
   068F 17                 1724 	.db #0x17	; 23
   0690 0A                 1725 	.db #0x0A	; 10
   0691 0C                 1726 	.db #0x0C	; 12
   0692 0B                 1727 	.db #0x0B	; 11
   0693 17                 1728 	.db #0x17	; 23
   0694 17                 1729 	.db #0x17	; 23
   0695 17                 1730 	.db #0x17	; 23
   0696 0A                 1731 	.db #0x0A	; 10
   0697 0C                 1732 	.db #0x0C	; 12
   0698 0B                 1733 	.db #0x0B	; 11
   0699 17                 1734 	.db #0x17	; 23
   069A 17                 1735 	.db #0x17	; 23
   069B 17                 1736 	.db #0x17	; 23
   069C 0A                 1737 	.db #0x0A	; 10
   069D 0C                 1738 	.db #0x0C	; 12
   069E 0B                 1739 	.db #0x0B	; 11
   069F 17                 1740 	.db #0x17	; 23
   06A0 17                 1741 	.db #0x17	; 23
   06A1 17                 1742 	.db #0x17	; 23
   06A2 0A                 1743 	.db #0x0A	; 10
   06A3 0C                 1744 	.db #0x0C	; 12
   06A4 0B                 1745 	.db #0x0B	; 11
   06A5 17                 1746 	.db #0x17	; 23
   06A6 17                 1747 	.db #0x17	; 23
   06A7 17                 1748 	.db #0x17	; 23
   06A8 0A                 1749 	.db #0x0A	; 10
   06A9 0C                 1750 	.db #0x0C	; 12
   06AA 0B                 1751 	.db #0x0B	; 11
   06AB 23                 1752 	.db #0x23	; 35
   06AC 23                 1753 	.db #0x23	; 35
   06AD 23                 1754 	.db #0x23	; 35
   06AE 17                 1755 	.db #0x17	; 23
   06AF 17                 1756 	.db #0x17	; 23
   06B0 17                 1757 	.db #0x17	; 23
   06B1 17                 1758 	.db #0x17	; 23
   06B2 17                 1759 	.db #0x17	; 23
   06B3 17                 1760 	.db #0x17	; 23
   06B4 17                 1761 	.db #0x17	; 23
   06B5 17                 1762 	.db #0x17	; 23
   06B6 17                 1763 	.db #0x17	; 23
   06B7 0A                 1764 	.db #0x0A	; 10
   06B8 0C                 1765 	.db #0x0C	; 12
   06B9 0B                 1766 	.db #0x0B	; 11
   06BA 17                 1767 	.db #0x17	; 23
   06BB 17                 1768 	.db #0x17	; 23
   06BC 17                 1769 	.db #0x17	; 23
   06BD 0A                 1770 	.db #0x0A	; 10
   06BE 0C                 1771 	.db #0x0C	; 12
   06BF 0B                 1772 	.db #0x0B	; 11
   06C0 17                 1773 	.db #0x17	; 23
   06C1 17                 1774 	.db #0x17	; 23
   06C2 17                 1775 	.db #0x17	; 23
   06C3 0A                 1776 	.db #0x0A	; 10
   06C4 0C                 1777 	.db #0x0C	; 12
   06C5 0B                 1778 	.db #0x0B	; 11
   06C6 17                 1779 	.db #0x17	; 23
   06C7 17                 1780 	.db #0x17	; 23
   06C8 17                 1781 	.db #0x17	; 23
   06C9 0A                 1782 	.db #0x0A	; 10
   06CA 0C                 1783 	.db #0x0C	; 12
   06CB 0B                 1784 	.db #0x0B	; 11
   06CC 17                 1785 	.db #0x17	; 23
   06CD 17                 1786 	.db #0x17	; 23
   06CE 17                 1787 	.db #0x17	; 23
   06CF 0A                 1788 	.db #0x0A	; 10
   06D0 0C                 1789 	.db #0x0C	; 12
   06D1 0B                 1790 	.db #0x0B	; 11
   06D2 14                 1791 	.db #0x14	; 20
   06D3 16                 1792 	.db #0x16	; 22
   06D4 16                 1793 	.db #0x16	; 22
   06D5 17                 1794 	.db #0x17	; 23
   06D6 17                 1795 	.db #0x17	; 23
   06D7 17                 1796 	.db #0x17	; 23
   06D8 17                 1797 	.db #0x17	; 23
   06D9 17                 1798 	.db #0x17	; 23
   06DA 17                 1799 	.db #0x17	; 23
   06DB 17                 1800 	.db #0x17	; 23
   06DC 17                 1801 	.db #0x17	; 23
   06DD 17                 1802 	.db #0x17	; 23
   06DE 14                 1803 	.db #0x14	; 20
   06DF 16                 1804 	.db #0x16	; 22
   06E0 15                 1805 	.db #0x15	; 21
   06E1 17                 1806 	.db #0x17	; 23
   06E2 17                 1807 	.db #0x17	; 23
   06E3 17                 1808 	.db #0x17	; 23
   06E4 14                 1809 	.db #0x14	; 20
   06E5 16                 1810 	.db #0x16	; 22
   06E6 15                 1811 	.db #0x15	; 21
   06E7 17                 1812 	.db #0x17	; 23
   06E8 17                 1813 	.db #0x17	; 23
   06E9 17                 1814 	.db #0x17	; 23
   06EA 14                 1815 	.db #0x14	; 20
   06EB 16                 1816 	.db #0x16	; 22
   06EC 15                 1817 	.db #0x15	; 21
   06ED 17                 1818 	.db #0x17	; 23
   06EE 17                 1819 	.db #0x17	; 23
   06EF 17                 1820 	.db #0x17	; 23
   06F0 14                 1821 	.db #0x14	; 20
   06F1 16                 1822 	.db #0x16	; 22
   06F2 15                 1823 	.db #0x15	; 21
   06F3 17                 1824 	.db #0x17	; 23
   06F4 17                 1825 	.db #0x17	; 23
   06F5 17                 1826 	.db #0x17	; 23
   06F6 14                 1827 	.db #0x14	; 20
   06F7 16                 1828 	.db #0x16	; 22
   06F8 15                 1829 	.db #0x15	; 21
   06F9 17                 1830 	.db #0x17	; 23
   06FA 17                 1831 	.db #0x17	; 23
   06FB 17                 1832 	.db #0x17	; 23
   06FC 17                 1833 	.db #0x17	; 23
   06FD 17                 1834 	.db #0x17	; 23
   06FE 17                 1835 	.db #0x17	; 23
   06FF 17                 1836 	.db #0x17	; 23
   0700 17                 1837 	.db #0x17	; 23
   0701 17                 1838 	.db #0x17	; 23
   0702 17                 1839 	.db #0x17	; 23
   0703 17                 1840 	.db #0x17	; 23
   0704 17                 1841 	.db #0x17	; 23
   0705 17                 1842 	.db #0x17	; 23
   0706 17                 1843 	.db #0x17	; 23
   0707 17                 1844 	.db #0x17	; 23
   0708 17                 1845 	.db #0x17	; 23
   0709 17                 1846 	.db #0x17	; 23
   070A 17                 1847 	.db #0x17	; 23
   070B 17                 1848 	.db #0x17	; 23
   070C 17                 1849 	.db #0x17	; 23
   070D 17                 1850 	.db #0x17	; 23
   070E 17                 1851 	.db #0x17	; 23
   070F 17                 1852 	.db #0x17	; 23
   0710 17                 1853 	.db #0x17	; 23
   0711 17                 1854 	.db #0x17	; 23
   0712 17                 1855 	.db #0x17	; 23
   0713 17                 1856 	.db #0x17	; 23
   0714 17                 1857 	.db #0x17	; 23
   0715 17                 1858 	.db #0x17	; 23
   0716 17                 1859 	.db #0x17	; 23
   0717 17                 1860 	.db #0x17	; 23
   0718 17                 1861 	.db #0x17	; 23
   0719 17                 1862 	.db #0x17	; 23
   071A 17                 1863 	.db #0x17	; 23
   071B 17                 1864 	.db #0x17	; 23
   071C 17                 1865 	.db #0x17	; 23
   071D 17                 1866 	.db #0x17	; 23
   071E 17                 1867 	.db #0x17	; 23
   071F 17                 1868 	.db #0x17	; 23
   0720 17                 1869 	.db #0x17	; 23
   0721 17                 1870 	.db #0x17	; 23
   0722 17                 1871 	.db #0x17	; 23
   0723 17                 1872 	.db #0x17	; 23
   0724 17                 1873 	.db #0x17	; 23
   0725 17                 1874 	.db #0x17	; 23
   0726 17                 1875 	.db #0x17	; 23
   0727 17                 1876 	.db #0x17	; 23
   0728 2C                 1877 	.db #0x2C	; 44
   0729 17                 1878 	.db #0x17	; 23
   072A 17                 1879 	.db #0x17	; 23
   072B 17                 1880 	.db #0x17	; 23
   072C 17                 1881 	.db #0x17	; 23
   072D 17                 1882 	.db #0x17	; 23
   072E 17                 1883 	.db #0x17	; 23
   072F 17                 1884 	.db #0x17	; 23
   0730 17                 1885 	.db #0x17	; 23
   0731 17                 1886 	.db #0x17	; 23
   0732 17                 1887 	.db #0x17	; 23
   0733 17                 1888 	.db #0x17	; 23
   0734 17                 1889 	.db #0x17	; 23
   0735 17                 1890 	.db #0x17	; 23
   0736 17                 1891 	.db #0x17	; 23
   0737 17                 1892 	.db #0x17	; 23
   0738 17                 1893 	.db #0x17	; 23
   0739 17                 1894 	.db #0x17	; 23
   073A 17                 1895 	.db #0x17	; 23
   073B 17                 1896 	.db #0x17	; 23
   073C 17                 1897 	.db #0x17	; 23
   073D 17                 1898 	.db #0x17	; 23
   073E 17                 1899 	.db #0x17	; 23
   073F 17                 1900 	.db #0x17	; 23
   0740 17                 1901 	.db #0x17	; 23
   0741 17                 1902 	.db #0x17	; 23
   0742 17                 1903 	.db #0x17	; 23
   0743 17                 1904 	.db #0x17	; 23
   0744 17                 1905 	.db #0x17	; 23
   0745 17                 1906 	.db #0x17	; 23
   0746 17                 1907 	.db #0x17	; 23
   0747 17                 1908 	.db #0x17	; 23
   0748 17                 1909 	.db #0x17	; 23
   0749 17                 1910 	.db #0x17	; 23
   074A 17                 1911 	.db #0x17	; 23
   074B 17                 1912 	.db #0x17	; 23
   074C 17                 1913 	.db #0x17	; 23
   074D 17                 1914 	.db #0x17	; 23
   074E 17                 1915 	.db #0x17	; 23
   074F 2E                 1916 	.db #0x2E	; 46
   0750 17                 1917 	.db #0x17	; 23
   0751 17                 1918 	.db #0x17	; 23
   0752 17                 1919 	.db #0x17	; 23
   0753 17                 1920 	.db #0x17	; 23
   0754 17                 1921 	.db #0x17	; 23
   0755 17                 1922 	.db #0x17	; 23
   0756 17                 1923 	.db #0x17	; 23
   0757 17                 1924 	.db #0x17	; 23
   0758 17                 1925 	.db #0x17	; 23
   0759 17                 1926 	.db #0x17	; 23
   075A 17                 1927 	.db #0x17	; 23
   075B 17                 1928 	.db #0x17	; 23
   075C 17                 1929 	.db #0x17	; 23
   075D 17                 1930 	.db #0x17	; 23
   075E 17                 1931 	.db #0x17	; 23
   075F 17                 1932 	.db #0x17	; 23
   0760 17                 1933 	.db #0x17	; 23
   0761 17                 1934 	.db #0x17	; 23
   0762 17                 1935 	.db #0x17	; 23
   0763 17                 1936 	.db #0x17	; 23
   0764 17                 1937 	.db #0x17	; 23
   0765 17                 1938 	.db #0x17	; 23
   0766 17                 1939 	.db #0x17	; 23
   0767 17                 1940 	.db #0x17	; 23
   0768 17                 1941 	.db #0x17	; 23
   0769 17                 1942 	.db #0x17	; 23
   076A 17                 1943 	.db #0x17	; 23
   076B 17                 1944 	.db #0x17	; 23
   076C 17                 1945 	.db #0x17	; 23
   076D 17                 1946 	.db #0x17	; 23
   076E 17                 1947 	.db #0x17	; 23
   076F 17                 1948 	.db #0x17	; 23
   0770 17                 1949 	.db #0x17	; 23
   0771 17                 1950 	.db #0x17	; 23
   0772 17                 1951 	.db #0x17	; 23
   0773 17                 1952 	.db #0x17	; 23
   0774 17                 1953 	.db #0x17	; 23
   0775 17                 1954 	.db #0x17	; 23
   0776 2D                 1955 	.db #0x2D	; 45
   0777 17                 1956 	.db #0x17	; 23
   0778 17                 1957 	.db #0x17	; 23
   0779 17                 1958 	.db #0x17	; 23
   077A 17                 1959 	.db #0x17	; 23
   077B 17                 1960 	.db #0x17	; 23
   077C 17                 1961 	.db #0x17	; 23
   077D 17                 1962 	.db #0x17	; 23
   077E 17                 1963 	.db #0x17	; 23
   077F 17                 1964 	.db #0x17	; 23
   0780 17                 1965 	.db #0x17	; 23
   0781 17                 1966 	.db #0x17	; 23
   0782 17                 1967 	.db #0x17	; 23
   0783 17                 1968 	.db #0x17	; 23
   0784 17                 1969 	.db #0x17	; 23
   0785 17                 1970 	.db #0x17	; 23
   0786 17                 1971 	.db #0x17	; 23
   0787 17                 1972 	.db #0x17	; 23
   0788 17                 1973 	.db #0x17	; 23
   0789 17                 1974 	.db #0x17	; 23
   078A 17                 1975 	.db #0x17	; 23
   078B 17                 1976 	.db #0x17	; 23
   078C 17                 1977 	.db #0x17	; 23
   078D 17                 1978 	.db #0x17	; 23
   078E 17                 1979 	.db #0x17	; 23
   078F 17                 1980 	.db #0x17	; 23
   0790 17                 1981 	.db #0x17	; 23
   0791 17                 1982 	.db #0x17	; 23
   0792 17                 1983 	.db #0x17	; 23
   0793 17                 1984 	.db #0x17	; 23
   0794 17                 1985 	.db #0x17	; 23
   0795 17                 1986 	.db #0x17	; 23
   0796 17                 1987 	.db #0x17	; 23
   0797 17                 1988 	.db #0x17	; 23
   0798 17                 1989 	.db #0x17	; 23
   0799 17                 1990 	.db #0x17	; 23
   079A 17                 1991 	.db #0x17	; 23
   079B 17                 1992 	.db #0x17	; 23
   079C 17                 1993 	.db #0x17	; 23
   079D 2F                 1994 	.db #0x2F	; 47
                           1995 	.area _INITIALIZER
                           1996 	.area _CABS (ABS)
