ASxxxx Assembler V02.00 + NoICE + SDCC mods  (Zilog Z80 / Hitachi HD64180), page 1.
Hexadecimal [16-Bits]



                              1 ;;;
                              2 ;;; File generated by cpct_aks2c CPCtelera script
                              3 ;;; Souce file of this conversion: assets/battle.aks
                              4 ;;; Generation time: mi., 26 de oct. de 2016 21:22:40
                              5 ;;;
                              6 
                              7 ;;; Set absolute memory addressing
                              8 .area __pre_music_battle (ABS)
   05AF                       9 .org 0x05AF
                             10 
                             11 ;;; Music data start (1530 bytes)
                             12 ;;;
   05AF                      13 _pre_music_battle::
   05AF 41 54 31 30 01 40    14 .db 0x41, 0x54, 0x31, 0x30, 0x01, 0x40, 0x42, 0x0f, 0x02, 0x06, 0x5a, 0x00, 0xc3, 0x05, 0xcc, 0x05
        42 0F 02 06 5A 00
        C3 05 CC 05
   05BF F7 05 01 06 00 00    15 .db 0xf7, 0x05, 0x01, 0x06, 0x00, 0x00, 0x00, 0x00, 0x00, 0x00, 0x0d, 0xc5, 0x05, 0x04, 0x00, 0xb8
        00 00 00 00 0D C5
        05 04 00 B8
   05CF 01 00 BC FF FF BC    16 .db 0x01, 0x00, 0xbc, 0xff, 0xff, 0xbc, 0x01, 0x00, 0xbc, 0xff, 0xff, 0xbc, 0x01, 0x00, 0xbc, 0xff
        01 00 BC FF FF BC
        01 00 BC FF
   05DF FF BC 01 00 BC FF    17 .db 0xff, 0xbc, 0x01, 0x00, 0xbc, 0xff, 0xff, 0xbc, 0x01, 0x00, 0xbc, 0xff, 0xff, 0xbc, 0x01, 0x00
        FF BC 01 00 BC FF
        FF BC 01 00
   05EF BC FF FF 3C 3C 0D    18 .db 0xbc, 0xff, 0xff, 0x3c, 0x3c, 0x0d, 0xc5, 0x05, 0x03, 0x00, 0x3e, 0x3f, 0x3c, 0x3e, 0x3f, 0x0d
        C5 05 03 00 3E 3F
        3C 3E 3F 0D
   05FF C5 05 01 00 24 1C    19 .db 0xc5, 0x05, 0x01, 0x00, 0x24, 0x1c, 0x34, 0x30, 0x2c, 0x28, 0x24, 0x20, 0x1c, 0x18, 0x14, 0x10
        34 30 2C 28 24 20
        1C 18 14 10
   060F 0C 08 04 0D C5 05    20 .db 0x0c, 0x08, 0x04, 0x0d, 0xc5, 0x05, 0x20, 0x00, 0x00, 0x00, 0x4a, 0x06, 0x00, 0x57, 0x09, 0x5c
        20 00 00 00 4A 06
        00 57 09 5C
   061F 09 61 09 00 5F 0A    21 .db 0x09, 0x61, 0x09, 0x00, 0x5f, 0x0a, 0xa4, 0x0b, 0x61, 0x09, 0x10, 0xa2, 0x0a, 0x4d, 0x07, 0x61
        A4 0B 61 09 10 A2
        0A 4D 07 61
   062F 09 80 00 A2 0A 4E    22 .db 0x09, 0x80, 0x00, 0xa2, 0x0a, 0x4e, 0x08, 0x61, 0x09, 0x00, 0xa2, 0x0a, 0x4b, 0x06, 0x61, 0x09
        08 61 09 00 A2 0A
        4B 06 61 09
   063F 10 A2 0A 51 09 61    23 .db 0x10, 0xa2, 0x0a, 0x51, 0x09, 0x61, 0x09, 0x40, 0x01, 0x29, 0x06, 0x00, 0xa4, 0xe9, 0x00, 0x00
        09 40 01 29 06 00
        A4 E9 00 00
   064F 01 42 00 AA 40 42    24 .db 0x01, 0x42, 0x00, 0xaa, 0x40, 0x42, 0x00, 0xae, 0x40, 0x42, 0x00, 0xb2, 0x40, 0x42, 0x00, 0xae
        00 AE 40 42 00 B2
        40 42 00 AE
   065F 40 42 00 AA 40 42    25 .db 0x40, 0x42, 0x00, 0xaa, 0x40, 0x42, 0x00, 0xa4, 0x40, 0x42, 0x00, 0xaa, 0x40, 0x42, 0x00, 0xae
        00 A4 40 42 00 AA
        40 42 00 AE
   066F 40 42 00 AA 40 42    26 .db 0x40, 0x42, 0x00, 0xaa, 0x40, 0x42, 0x00, 0xae, 0x40, 0x42, 0x00, 0xb2, 0x40, 0x42, 0x00, 0xae
        00 AE 40 42 00 B2
        40 42 00 AE
   067F 40 42 00 AA 40 42    27 .db 0x40, 0x42, 0x00, 0xaa, 0x40, 0x42, 0x00, 0xa4, 0x40, 0x42, 0x00, 0xaa, 0x40, 0x42, 0x00, 0xae
        00 A4 40 42 00 AA
        40 42 00 AE
ASxxxx Assembler V02.00 + NoICE + SDCC mods  (Zilog Z80 / Hitachi HD64180), page 2.
Hexadecimal [16-Bits]



   068F 40 42 00 AA 40 42    28 .db 0x40, 0x42, 0x00, 0xaa, 0x40, 0x42, 0x00, 0xae, 0x40, 0x42, 0x00, 0xb2, 0x40, 0x42, 0x00, 0xae
        00 AE 40 42 00 B2
        40 42 00 AE
   069F 40 42 00 AA 40 42    29 .db 0x40, 0x42, 0x00, 0xaa, 0x40, 0x42, 0x00, 0xa0, 0x40, 0x42, 0x00, 0xaa, 0x40, 0x42, 0x00, 0xae
        00 A0 40 42 00 AA
        40 42 00 AE
   06AF 40 42 00 AA 40 42    30 .db 0x40, 0x42, 0x00, 0xaa, 0x40, 0x42, 0x00, 0xae, 0x40, 0x42, 0x00, 0xb2, 0x40, 0x42, 0x00, 0xae
        00 AE 40 42 00 B2
        40 42 00 AE
   06BF 40 42 00 AA 40 42    31 .db 0x40, 0x42, 0x00, 0xaa, 0x40, 0x42, 0x00, 0xa0, 0x40, 0x42, 0x00, 0xaa, 0x40, 0x42, 0x00, 0xa6
        00 A0 40 42 00 AA
        40 42 00 A6
   06CF 40 42 00 A4 40 42    32 .db 0x40, 0x42, 0x00, 0xa4, 0x40, 0x42, 0x00, 0xa6, 0x40, 0x42, 0x00, 0xaa, 0x40, 0x42, 0x00, 0xae
        00 A6 40 42 00 AA
        40 42 00 AE
   06DF 40 42 00 A6 40 42    33 .db 0x40, 0x42, 0x00, 0xa6, 0x40, 0x42, 0x00, 0xae, 0x40, 0x42, 0x00, 0xb2, 0x40, 0x42, 0x00, 0xb4
        00 AE 40 42 00 B2
        40 42 00 B4
   06EF 40 42 00 A6 40 42    34 .db 0x40, 0x42, 0x00, 0xa6, 0x40, 0x42, 0x00, 0xae, 0x40, 0x42, 0x00, 0xb2, 0x40, 0x42, 0x00, 0xb4
        00 AE 40 42 00 B2
        40 42 00 B4
   06FF 40 42 00 B8 40 42    35 .db 0x40, 0x42, 0x00, 0xb8, 0x40, 0x42, 0x00, 0xbc, 0x40, 0x42, 0x00, 0xc2, 0x40, 0x42, 0x00, 0xc6
        00 BC 40 42 00 C2
        40 42 00 C6
   070F 40 42 00 C2 40 42    36 .db 0x40, 0x42, 0x00, 0xc2, 0x40, 0x42, 0x00, 0xc6, 0x40, 0x42, 0x00, 0xca, 0x40, 0x42, 0x00, 0xc6
        00 C6 40 42 00 CA
        40 42 00 C6
   071F 40 42 00 C2 40 42    37 .db 0x40, 0x42, 0x00, 0xc2, 0x40, 0x42, 0x00, 0xb8, 0x40, 0x42, 0x00, 0xc2, 0x40, 0x42, 0x00, 0xae
        00 B8 40 42 00 C2
        40 42 00 AE
   072F 40 42 00 AA 40 42    38 .db 0x40, 0x42, 0x00, 0xaa, 0x40, 0x42, 0x00, 0xa0, 0x40, 0x42, 0x00, 0x9a, 0x40, 0x42, 0x00, 0x96
        00 A0 40 42 00 9A
        40 42 00 96
   073F 40 42 00 92 40 42    39 .db 0x40, 0x42, 0x00, 0x92, 0x40, 0x42, 0x00, 0x88, 0x40, 0x42, 0x00, 0x7a, 0x40, 0x00, 0xae, 0xe9
        00 88 40 42 00 7A
        40 00 AE E9
   074F 00 00 01 42 00 42    40 .db 0x00, 0x00, 0x01, 0x42, 0x00, 0x42, 0x00, 0x42, 0x00, 0x42, 0x00, 0x42, 0x00, 0x42, 0x00, 0x42
        00 42 00 42 00 42
        00 42 00 42
   075F 00 42 00 42 00 AE    41 .db 0x00, 0x42, 0x00, 0x42, 0x00, 0xae, 0x40, 0x42, 0x00, 0xaa, 0x40, 0x42, 0x00, 0xae, 0x40, 0x42
        40 42 00 AA 40 42
        00 AE 40 42
   076F 00 42 00 42 00 42    42 .db 0x00, 0x42, 0x00, 0x42, 0x00, 0x42, 0x00, 0x42, 0x00, 0x42, 0x00, 0x42, 0x00, 0xae, 0x40, 0x42
        00 42 00 42 00 42
        00 AE 40 42
   077F 00 42 00 42 00 42    43 .db 0x00, 0x42, 0x00, 0x42, 0x00, 0x42, 0x00, 0x42, 0x00, 0xb2, 0x40, 0x42, 0x00, 0x42, 0x00, 0x42
        00 42 00 B2 40 42
        00 42 00 42
   078F 00 AA 40 42 00 42    44 .db 0x00, 0xaa, 0x40, 0x42, 0x00, 0x42, 0x00, 0x42, 0x00, 0x42, 0x00, 0x02, 0xa4, 0x40, 0x42, 0x00
        00 42 00 42 00 02
        A4 40 42 00
   079F 42 00 42 00 42 00    45 .db 0x42, 0x00, 0x42, 0x00, 0x42, 0x00, 0x42, 0x00, 0x42, 0x00, 0x42, 0x00, 0x42, 0x00, 0x42, 0x00
        42 00 42 00 42 00
        42 00 42 00
   07AF 42 00 42 00 42 00    46 .db 0x42, 0x00, 0x42, 0x00, 0x42, 0x00, 0x42, 0x00, 0x42, 0x00, 0x42, 0x00, 0x42, 0x00, 0x42, 0x00
ASxxxx Assembler V02.00 + NoICE + SDCC mods  (Zilog Z80 / Hitachi HD64180), page 3.
Hexadecimal [16-Bits]



        42 00 42 00 42 00
        42 00 42 00
   07BF A4 40 42 00 A6 40    47 .db 0xa4, 0x40, 0x42, 0x00, 0xa6, 0x40, 0x42, 0x00, 0xaa, 0x40, 0x42, 0x00, 0x42, 0x00, 0x42, 0x00
        42 00 AA 40 42 00
        42 00 42 00
   07CF A4 40 42 00 42 00    48 .db 0xa4, 0x40, 0x42, 0x00, 0x42, 0x00, 0x42, 0x00, 0x42, 0x00, 0x42, 0x00, 0x9c, 0x40, 0x42, 0x00
        42 00 42 00 42 00
        9C 40 42 00
   07DF 42 00 42 00 42 00    49 .db 0x42, 0x00, 0x42, 0x00, 0x42, 0x00, 0x42, 0x00, 0x42, 0x00, 0x42, 0x00, 0x42, 0x00, 0x42, 0x00
        42 00 42 00 42 00
        42 00 42 00
   07EF 42 00 42 00 42 00    50 .db 0x42, 0x00, 0x42, 0x00, 0x42, 0x00, 0x42, 0x00, 0x42, 0x00, 0x42, 0x00, 0x42, 0x00, 0x42, 0x00
        42 00 42 00 42 00
        42 00 42 00
   07FF 9C 40 42 00 A0 40    51 .db 0x9c, 0x40, 0x42, 0x00, 0xa0, 0x40, 0x42, 0x00, 0xa4, 0x40, 0x42, 0x00, 0x42, 0x00, 0x02, 0xaa
        42 00 A4 40 42 00
        42 00 02 AA
   080F 40 42 00 42 00 42    52 .db 0x40, 0x42, 0x00, 0x42, 0x00, 0x42, 0x00, 0x42, 0x00, 0x42, 0x00, 0xa4, 0x40, 0x42, 0x00, 0x42
        00 42 00 42 00 A4
        40 42 00 42
   081F 00 42 00 42 00 42    53 .db 0x00, 0x42, 0x00, 0x42, 0x00, 0x42, 0x00, 0x9c, 0x40, 0x42, 0x00, 0x42, 0x00, 0x42, 0x00, 0xa0
        00 9C 40 42 00 42
        00 42 00 A0
   082F 40 42 00 42 00 42    54 .db 0x40, 0x42, 0x00, 0x42, 0x00, 0x42, 0x00, 0x42, 0x00, 0x42, 0x00, 0xa4, 0x40, 0x42, 0x00, 0x42
        00 42 00 42 00 A4
        40 42 00 42
   083F 00 42 00 42 00 42    55 .db 0x00, 0x42, 0x00, 0x42, 0x00, 0x42, 0x00, 0xaa, 0x40, 0x42, 0x00, 0x42, 0x00, 0x42, 0x00, 0xae
        00 AA 40 42 00 42
        00 42 00 AE
   084F E9 00 00 01 42 00    56 .db 0xe9, 0x00, 0x00, 0x01, 0x42, 0x00, 0x42, 0x00, 0x42, 0x00, 0x42, 0x00, 0x42, 0x00, 0x42, 0x00
        42 00 42 00 42 00
        42 00 42 00
   085F 42 00 42 00 42 00    57 .db 0x42, 0x00, 0x42, 0x00, 0x42, 0x00, 0xaa, 0x40, 0x42, 0x00, 0xae, 0x40, 0x42, 0x00, 0xb4, 0x40
        AA 40 42 00 AE 40
        42 00 B4 40
   086F 42 00 42 00 42 00    58 .db 0x42, 0x00, 0x42, 0x00, 0x42, 0x00, 0x42, 0x00, 0x42, 0x00, 0x42, 0x00, 0x42, 0x00, 0xb8, 0x40
        42 00 42 00 42 00
        42 00 B8 40
   087F 42 00 42 00 42 00    59 .db 0x42, 0x00, 0x42, 0x00, 0x42, 0x00, 0x42, 0x00, 0x42, 0x00, 0xbc, 0x40, 0x42, 0x00, 0x42, 0x00
        42 00 42 00 BC 40
        42 00 42 00
   088F 42 00 B8 40 42 00    60 .db 0x42, 0x00, 0xb8, 0x40, 0x42, 0x00, 0x42, 0x00, 0x42, 0x00, 0x42, 0x00, 0x42, 0x00, 0xb2, 0x40
        42 00 42 00 42 00
        42 00 B2 40
   089F 42 00 42 00 42 00    61 .db 0x42, 0x00, 0x42, 0x00, 0x42, 0x00, 0x42, 0x00, 0x42, 0x00, 0x42, 0x00, 0x42, 0x00, 0x42, 0x00
        42 00 42 00 42 00
        42 00 42 00
   08AF 42 00 42 00 42 00    62 .db 0x42, 0x00, 0x42, 0x00, 0x42, 0x00, 0x42, 0x00, 0x42, 0x00, 0x42, 0x00, 0x42, 0x00, 0x42, 0x00
        42 00 42 00 42 00
        42 00 42 00
   08BF 42 00 BE 40 42 00    63 .db 0x42, 0x00, 0xbe, 0x40, 0x42, 0x00, 0xbc, 0x40, 0x42, 0x00, 0xb8, 0x40, 0x42, 0x00, 0x42, 0x00
        BC 40 42 00 B8 40
        42 00 42 00
   08CF 42 00 AA 40 42 00    64 .db 0x42, 0x00, 0xaa, 0x40, 0x42, 0x00, 0x42, 0x00, 0x42, 0x00, 0x42, 0x00, 0x42, 0x00, 0xae, 0x40
        42 00 42 00 42 00
ASxxxx Assembler V02.00 + NoICE + SDCC mods  (Zilog Z80 / Hitachi HD64180), page 4.
Hexadecimal [16-Bits]



        42 00 AE 40
   08DF 42 00 42 00 42 00    65 .db 0x42, 0x00, 0x42, 0x00, 0x42, 0x00, 0x42, 0x00, 0x42, 0x00, 0x42, 0x00, 0x42, 0x00, 0x42, 0x00
        42 00 42 00 42 00
        42 00 42 00
   08EF 42 00 42 00 42 00    66 .db 0x42, 0x00, 0x42, 0x00, 0x42, 0x00, 0x42, 0x00, 0x42, 0x00, 0x42, 0x00, 0x42, 0x00, 0x42, 0x00
        42 00 42 00 42 00
        42 00 42 00
   08FF 42 00 AA 40 42 00    67 .db 0x42, 0x00, 0xaa, 0x40, 0x42, 0x00, 0xae, 0x40, 0x42, 0x00, 0xb4, 0x40, 0x42, 0x00, 0x42, 0x00
        AE 40 42 00 B4 40
        42 00 42 00
   090F 42 00 BC 40 B4 40    68 .db 0x42, 0x00, 0xbc, 0x40, 0xb4, 0x40, 0xae, 0x40, 0xbc, 0x40, 0xb4, 0x40, 0xae, 0x40, 0xbc, 0x40
        AE 40 BC 40 B4 40
        AE 40 BC 40
   091F B4 40 AE 40 BC 40    69 .db 0xb4, 0x40, 0xae, 0x40, 0xbc, 0x40, 0xb4, 0x40, 0xae, 0x40, 0xbc, 0x40, 0xb4, 0x40, 0xbc, 0x40
        B4 40 AE 40 BC 40
        B4 40 BC 40
   092F B4 40 B8 40 B2 40    70 .db 0xb4, 0x40, 0xb8, 0x40, 0xb2, 0x40, 0xaa, 0x40, 0xb8, 0x40, 0xb2, 0x40, 0xaa, 0x40, 0xb8, 0x40
        AA 40 B8 40 B2 40
        AA 40 B8 40
   093F B2 40 AA 40 B8 40    71 .db 0xb2, 0x40, 0xaa, 0x40, 0xb8, 0x40, 0xb2, 0x40, 0xaa, 0x40, 0xb8, 0x40, 0xb2, 0x40, 0xb8, 0x40
        B2 40 AA 40 B8 40
        B2 40 B8 40
   094F B2 40 6C FF 00 00    72 .db 0xb2, 0x40, 0x6c, 0xff, 0x00, 0x00, 0x01, 0x00, 0x42, 0x80, 0x00, 0x00, 0x00, 0x42, 0x80, 0x00
        01 00 42 80 00 00
        00 42 80 00
   095F 00 00 7E E7 00 00    73 .db 0x00, 0x00, 0x7e, 0xe7, 0x00, 0x00, 0x02, 0x7e, 0x40, 0x7e, 0x40, 0x42, 0x00, 0x96, 0x40, 0x7e
        02 7E 40 7E 40 42
        00 96 40 7E
   096F 40 7E 40 42 00 7E    74 .db 0x40, 0x7e, 0x40, 0x42, 0x00, 0x7e, 0x40, 0x7e, 0x40, 0x7e, 0x40, 0x42, 0x00, 0x96, 0x40, 0x7e
        40 7E 40 7E 40 42
        00 96 40 7E
   097F 40 7E 40 42 00 7E    75 .db 0x40, 0x7e, 0x40, 0x42, 0x00, 0x7e, 0x40, 0x7e, 0x40, 0x7e, 0x40, 0x42, 0x00, 0x96, 0x40, 0x7e
        40 7E 40 7E 40 42
        00 96 40 7E
   098F 40 7E 40 42 00 7E    76 .db 0x40, 0x7e, 0x40, 0x42, 0x00, 0x7e, 0x40, 0x7e, 0x40, 0x7e, 0x40, 0x42, 0x00, 0x96, 0x40, 0x7e
        40 7E 40 7E 40 42
        00 96 40 7E
   099F 40 7E 40 42 00 7A    77 .db 0x40, 0x7e, 0x40, 0x42, 0x00, 0x7a, 0x40, 0x7a, 0x40, 0x7a, 0x40, 0x42, 0x00, 0x92, 0x40, 0x7a
        40 7A 40 7A 40 42
        00 92 40 7A
   09AF 40 7A 40 42 00 7A    78 .db 0x40, 0x7a, 0x40, 0x42, 0x00, 0x7a, 0x40, 0x7a, 0x40, 0x7a, 0x40, 0x42, 0x00, 0x92, 0x40, 0x7a
        40 7A 40 7A 40 42
        00 92 40 7A
   09BF 40 7A 40 42 00 7A    79 .db 0x40, 0x7a, 0x40, 0x42, 0x00, 0x7a, 0x40, 0x7a, 0x40, 0x7a, 0x40, 0x42, 0x00, 0x92, 0x40, 0x7a
        40 7A 40 7A 40 42
        00 92 40 7A
   09CF 40 7A 40 42 00 7A    80 .db 0x40, 0x7a, 0x40, 0x42, 0x00, 0x7a, 0x40, 0x7a, 0x40, 0x7a, 0x40, 0x42, 0x00, 0x92, 0x40, 0x7a
        40 7A 40 7A 40 42
        00 92 40 7A
   09DF 40 7A 40 02 76 40    81 .db 0x40, 0x7a, 0x40, 0x02, 0x76, 0x40, 0x76, 0x40, 0x76, 0x40, 0x42, 0x00, 0x8e, 0x40, 0x76, 0x40
        76 40 76 40 42 00
        8E 40 76 40
   09EF 76 40 02 76 40 76    82 .db 0x76, 0x40, 0x02, 0x76, 0x40, 0x76, 0x40, 0x76, 0x40, 0x42, 0x00, 0x8e, 0x40, 0x76, 0x40, 0x76
        40 76 40 42 00 8E
        40 76 40 76
ASxxxx Assembler V02.00 + NoICE + SDCC mods  (Zilog Z80 / Hitachi HD64180), page 5.
Hexadecimal [16-Bits]



   09FF 40 02 76 40 76 40    83 .db 0x40, 0x02, 0x76, 0x40, 0x76, 0x40, 0x76, 0x40, 0x42, 0x00, 0x8e, 0x40, 0x76, 0x40, 0x76, 0x40
        76 40 42 00 8E 40
        76 40 76 40
   0A0F 02 76 40 76 40 76    84 .db 0x02, 0x76, 0x40, 0x76, 0x40, 0x76, 0x40, 0x42, 0x00, 0x8e, 0x40, 0x76, 0x40, 0x76, 0x40, 0x02
        40 42 00 8E 40 76
        40 76 40 02
   0A1F 7E 40 7E 40 7E 40    85 .db 0x7e, 0x40, 0x7e, 0x40, 0x7e, 0x40, 0x42, 0x00, 0x96, 0x40, 0x7e, 0x40, 0x7e, 0x40, 0x42, 0x00
        42 00 96 40 7E 40
        7E 40 42 00
   0A2F 7E 40 7E 40 7E 40    86 .db 0x7e, 0x40, 0x7e, 0x40, 0x7e, 0x40, 0x42, 0x00, 0x96, 0x40, 0x7e, 0x40, 0x7e, 0x40, 0x42, 0x00
        42 00 96 40 7E 40
        7E 40 42 00
   0A3F 7A 40 7A 40 7A 40    87 .db 0x7a, 0x40, 0x7a, 0x40, 0x7a, 0x40, 0x42, 0x00, 0x92, 0x40, 0x7a, 0x40, 0x7a, 0x40, 0x42, 0x00
        42 00 92 40 7A 40
        7A 40 42 00
   0A4F 7A 40 7A 40 7A 40    88 .db 0x7a, 0x40, 0x7a, 0x40, 0x7a, 0x40, 0x42, 0x00, 0x92, 0x40, 0x7a, 0x40, 0x7a, 0x40, 0x42, 0x00
        42 00 92 40 7A 40
        7A 40 42 00
   0A5F 7E E9 00 00 03 42    89 .db 0x7e, 0xe9, 0x00, 0x00, 0x03, 0x42, 0x00, 0x7e, 0x40, 0x42, 0x00, 0x7a, 0x40, 0x42, 0x00, 0x7e
        00 7E 40 42 00 7A
        40 42 00 7E
   0A6F 40 42 00 84 40 42    90 .db 0x40, 0x42, 0x00, 0x84, 0x40, 0x42, 0x00, 0x7e, 0x40, 0x42, 0x00, 0x7a, 0x40, 0x42, 0x00, 0x7e
        00 7E 40 42 00 7A
        40 42 00 7E
   0A7F 40 42 00 7E 40 42    91 .db 0x40, 0x42, 0x00, 0x7e, 0x40, 0x42, 0x00, 0x7e, 0x40, 0x42, 0x00, 0x7a, 0x40, 0x42, 0x00, 0x7e
        00 7E 40 42 00 7A
        40 42 00 7E
   0A8F 40 42 00 84 40 42    92 .db 0x40, 0x42, 0x00, 0x84, 0x40, 0x42, 0x00, 0x7e, 0x40, 0x42, 0x00, 0x7a, 0x40, 0x42, 0x00, 0x7e
        00 7E 40 42 00 7A
        40 42 00 7E
   0A9F 40 42 00 7E E9 00    93 .db 0x40, 0x42, 0x00, 0x7e, 0xe9, 0x00, 0x00, 0x03, 0x42, 0x00, 0x7e, 0x40, 0x42, 0x00, 0x7a, 0x40
        00 03 42 00 7E 40
        42 00 7A 40
   0AAF 42 00 7E 40 42 00    94 .db 0x42, 0x00, 0x7e, 0x40, 0x42, 0x00, 0x84, 0x40, 0x42, 0x00, 0x7e, 0x40, 0x42, 0x00, 0x7a, 0x40
        84 40 42 00 7E 40
        42 00 7A 40
   0ABF 42 00 7E 40 42 00    95 .db 0x42, 0x00, 0x7e, 0x40, 0x42, 0x00, 0x7e, 0x40, 0x42, 0x00, 0x7e, 0x40, 0x42, 0x00, 0x7a, 0x40
        7E 40 42 00 7E 40
        42 00 7A 40
   0ACF 42 00 7E 40 42 00    96 .db 0x42, 0x00, 0x7e, 0x40, 0x42, 0x00, 0x84, 0x40, 0x42, 0x00, 0x7e, 0x40, 0x42, 0x00, 0x7a, 0x40
        84 40 42 00 7E 40
        42 00 7A 40
   0ADF 42 00 7E 40 42 00    97 .db 0x42, 0x00, 0x7e, 0x40, 0x42, 0x00, 0x7a, 0x40, 0x42, 0x00, 0x7a, 0x40, 0x42, 0x00, 0x92, 0x40
        7A 40 42 00 7A 40
        42 00 92 40
   0AEF 42 00 7A 40 42 00    98 .db 0x42, 0x00, 0x7a, 0x40, 0x42, 0x00, 0x7a, 0x40, 0x42, 0x00, 0x7a, 0x40, 0x42, 0x00, 0x92, 0x40
        7A 40 42 00 7A 40
        42 00 92 40
   0AFF 42 00 7A 40 42 00    99 .db 0x42, 0x00, 0x7a, 0x40, 0x42, 0x00, 0x7a, 0x40, 0x42, 0x00, 0x7a, 0x40, 0x42, 0x00, 0x92, 0x40
        7A 40 42 00 7A 40
        42 00 92 40
   0B0F 42 00 7A 40 42 00   100 .db 0x42, 0x00, 0x7a, 0x40, 0x42, 0x00, 0x7a, 0x40, 0x42, 0x00, 0x7a, 0x40, 0x42, 0x00, 0x92, 0x40
        7A 40 42 00 7A 40
        42 00 92 40
   0B1F 42 00 7A 40 02 76   101 .db 0x42, 0x00, 0x7a, 0x40, 0x02, 0x76, 0x40, 0x42, 0x00, 0x76, 0x40, 0x42, 0x00, 0x8e, 0x40, 0x42
ASxxxx Assembler V02.00 + NoICE + SDCC mods  (Zilog Z80 / Hitachi HD64180), page 6.
Hexadecimal [16-Bits]



        40 42 00 76 40 42
        00 8E 40 42
   0B2F 00 76 40 42 00 76   102 .db 0x00, 0x76, 0x40, 0x42, 0x00, 0x76, 0x40, 0x42, 0x00, 0x76, 0x40, 0x42, 0x00, 0x8e, 0x40, 0x42
        40 42 00 76 40 42
        00 8E 40 42
   0B3F 00 76 40 42 00 76   103 .db 0x00, 0x76, 0x40, 0x42, 0x00, 0x76, 0x40, 0x42, 0x00, 0x76, 0x40, 0x42, 0x00, 0x8e, 0x40, 0x42
        40 42 00 76 40 42
        00 8E 40 42
   0B4F 00 76 40 42 00 76   104 .db 0x00, 0x76, 0x40, 0x42, 0x00, 0x76, 0x40, 0x42, 0x00, 0x76, 0x40, 0x42, 0x00, 0x8e, 0x40, 0x42
        40 42 00 76 40 42
        00 8E 40 42
   0B5F 00 76 40 42 00 7E   105 .db 0x00, 0x76, 0x40, 0x42, 0x00, 0x7e, 0x40, 0x42, 0x00, 0x7e, 0x40, 0x42, 0x00, 0x7a, 0x40, 0x42
        40 42 00 7E 40 42
        00 7A 40 42
   0B6F 00 7E 40 42 00 84   106 .db 0x00, 0x7e, 0x40, 0x42, 0x00, 0x84, 0x40, 0x42, 0x00, 0x7e, 0x40, 0x42, 0x00, 0x7a, 0x40, 0x42
        40 42 00 7E 40 42
        00 7A 40 42
   0B7F 00 7E 40 42 00 7A   107 .db 0x00, 0x7e, 0x40, 0x42, 0x00, 0x7a, 0x40, 0x42, 0x00, 0x7a, 0x40, 0x42, 0x00, 0x70, 0x40, 0x42
        40 42 00 7A 40 42
        00 70 40 42
   0B8F 00 7A 40 42 00 82   108 .db 0x00, 0x7a, 0x40, 0x42, 0x00, 0x82, 0x40, 0x42, 0x00, 0x7a, 0x40, 0x42, 0x00, 0x70, 0x40, 0x42
        40 42 00 7A 40 42
        00 70 40 42
   0B9F 00 7A 40 42 00 42   109 .db 0x00, 0x7a, 0x40, 0x42, 0x00, 0x42, 0x80, 0x00, 0x00, 0x00
        80 00 00 00
