                              1 ;--------------------------------------------------------
                              2 ; File Created by SDCC : free open source ANSI-C Compiler
                              3 ; Version 3.5.5 #9498 (CYGWIN)
                              4 ;--------------------------------------------------------
                              5 	.module jimmy_tileset
                              6 	.optsdcc -mz80
                              7 	
                              8 ;--------------------------------------------------------
                              9 ; Public variables in this module
                             10 ;--------------------------------------------------------
                             11 	.globl _pre_jimmy_tileset_10
                             12 	.globl _pre_jimmy_tileset_09
                             13 	.globl _pre_jimmy_tileset_08
                             14 	.globl _pre_jimmy_tileset_07
                             15 	.globl _pre_jimmy_tileset_06
                             16 	.globl _pre_jimmy_tileset_05
                             17 	.globl _pre_jimmy_tileset_04
                             18 	.globl _pre_jimmy_tileset_03
                             19 	.globl _pre_jimmy_tileset_02
                             20 	.globl _pre_jimmy_tileset_01
                             21 	.globl _pre_jimmy_tileset_00
                             22 	.globl _pre_palette
                             23 ;--------------------------------------------------------
                             24 ; special function registers
                             25 ;--------------------------------------------------------
                             26 ;--------------------------------------------------------
                             27 ; ram data
                             28 ;--------------------------------------------------------
                             29 	.area _DATA
                             30 ;--------------------------------------------------------
                             31 ; ram data
                             32 ;--------------------------------------------------------
                             33 	.area _INITIALIZED
                             34 ;--------------------------------------------------------
                             35 ; absolute external ram data
                             36 ;--------------------------------------------------------
                             37 	.area _DABS (ABS)
                             38 ;--------------------------------------------------------
                             39 ; global & static initialisations
                             40 ;--------------------------------------------------------
                             41 	.area _HOME
                             42 	.area _GSINIT
                             43 	.area _GSFINAL
                             44 	.area _GSINIT
                             45 ;--------------------------------------------------------
                             46 ; Home
                             47 ;--------------------------------------------------------
                             48 	.area _HOME
                             49 	.area _HOME
                             50 ;--------------------------------------------------------
                             51 ; code
                             52 ;--------------------------------------------------------
                             53 	.area _CODE
                             54 	.area _CODE
   0000                      55 _pre_palette:
   0000 54                   56 	.db #0x54	; 84	'T'
   0001 44                   57 	.db #0x44	; 68	'D'
   0002 55                   58 	.db #0x55	; 85	'U'
   0003 5C                   59 	.db #0x5C	; 92
   0004 4C                   60 	.db #0x4C	; 76	'L'
   0005 56                   61 	.db #0x56	; 86	'V'
   0006 57                   62 	.db #0x57	; 87	'W'
   0007 5E                   63 	.db #0x5E	; 94
   0008 40                   64 	.db #0x40	; 64
   0009 4E                   65 	.db #0x4E	; 78	'N'
   000A 47                   66 	.db #0x47	; 71	'G'
   000B 52                   67 	.db #0x52	; 82	'R'
   000C 53                   68 	.db #0x53	; 83	'S'
   000D 4A                   69 	.db #0x4A	; 74	'J'
   000E 43                   70 	.db #0x43	; 67	'C'
   000F 4B                   71 	.db #0x4B	; 75	'K'
   0010                      72 _pre_jimmy_tileset_00:
   0010 54                   73 	.db #0x54	; 84	'T'
   0011 CC                   74 	.db #0xCC	; 204
   0012 DC                   75 	.db #0xDC	; 220
   0013 00                   76 	.db #0x00	; 0
   0014 00                   77 	.db #0x00	; 0
   0015 CC                   78 	.db #0xCC	; 204
   0016 DC                   79 	.db #0xDC	; 220
   0017 CC                   80 	.db #0xCC	; 204
   0018 88                   81 	.db #0x88	; 136
   0019 00                   82 	.db #0x00	; 0
   001A DC                   83 	.db #0xDC	; 220
   001B CC                   84 	.db #0xCC	; 204
   001C DC                   85 	.db #0xDC	; 220
   001D A2                   86 	.db #0xA2	; 162
   001E 00                   87 	.db #0x00	; 0
   001F CC                   88 	.db #0xCC	; 204
   0020 CC                   89 	.db #0xCC	; 204
   0021 F5                   90 	.db #0xF5	; 245
   0022 A0                   91 	.db #0xA0	; 160
   0023 00                   92 	.db #0x00	; 0
   0024 EC                   93 	.db #0xEC	; 236
   0025 F7                   94 	.db #0xF7	; 247
   0026 F5                   95 	.db #0xF5	; 245
   0027 A0                   96 	.db #0xA0	; 160
   0028 00                   97 	.db #0x00	; 0
   0029 D9                   98 	.db #0xD9	; 217
   002A 3F                   99 	.db #0x3F	; 63
   002B 3F                  100 	.db #0x3F	; 63
   002C 2A                  101 	.db #0x2A	; 42
   002D 00                  102 	.db #0x00	; 0
   002E F3                  103 	.db #0xF3	; 243
   002F 3F                  104 	.db #0x3F	; 63
   0030 6E                  105 	.db #0x6E	; 110	'n'
   0031 00                  106 	.db #0x00	; 0
   0032 00                  107 	.db #0x00	; 0
   0033 00                  108 	.db #0x00	; 0
   0034 15                  109 	.db #0x15	; 21
   0035 A8                  110 	.db #0xA8	; 168
   0036 00                  111 	.db #0x00	; 0
   0037 00                  112 	.db #0x00	; 0
   0038 00                  113 	.db #0x00	; 0
   0039 41                  114 	.db #0x41	; 65	'A'
   003A BD                  115 	.db #0xBD	; 189
   003B 01                  116 	.db #0x01	; 1
   003C 00                  117 	.db #0x00	; 0
   003D 03                  118 	.db #0x03	; 3
   003E 17                  119 	.db #0x17	; 23
   003F 03                  120 	.db #0x03	; 3
   0040 03                  121 	.db #0x03	; 3
   0041 03                  122 	.db #0x03	; 3
   0042 03                  123 	.db #0x03	; 3
   0043 17                  124 	.db #0x17	; 23
   0044 2B                  125 	.db #0x2B	; 43
   0045 03                  126 	.db #0x03	; 3
   0046 03                  127 	.db #0x03	; 3
   0047 00                  128 	.db #0x00	; 0
   0048 01                  129 	.db #0x01	; 1
   0049 17                  130 	.db #0x17	; 23
   004A 2B                  131 	.db #0x2B	; 43
   004B 02                  132 	.db #0x02	; 2
   004C 00                  133 	.db #0x00	; 0
   004D 01                  134 	.db #0x01	; 1
   004E 02                  135 	.db #0x02	; 2
   004F 01                  136 	.db #0x01	; 1
   0050 02                  137 	.db #0x02	; 2
   0051 00                  138 	.db #0x00	; 0
   0052 41                  139 	.db #0x41	; 65	'A'
   0053 C3                  140 	.db #0xC3	; 195
   0054 01                  141 	.db #0x01	; 1
   0055 02                  142 	.db #0x02	; 2
   0056                     143 _pre_jimmy_tileset_01:
   0056 54                  144 	.db #0x54	; 84	'T'
   0057 CC                  145 	.db #0xCC	; 204
   0058 DC                  146 	.db #0xDC	; 220
   0059 00                  147 	.db #0x00	; 0
   005A 00                  148 	.db #0x00	; 0
   005B CC                  149 	.db #0xCC	; 204
   005C DC                  150 	.db #0xDC	; 220
   005D CC                  151 	.db #0xCC	; 204
   005E 88                  152 	.db #0x88	; 136
   005F 00                  153 	.db #0x00	; 0
   0060 DC                  154 	.db #0xDC	; 220
   0061 CC                  155 	.db #0xCC	; 204
   0062 DC                  156 	.db #0xDC	; 220
   0063 88                  157 	.db #0x88	; 136
   0064 00                  158 	.db #0x00	; 0
   0065 CC                  159 	.db #0xCC	; 204
   0066 D8                  160 	.db #0xD8	; 216
   0067 F7                  161 	.db #0xF7	; 247
   0068 A0                  162 	.db #0xA0	; 160
   0069 00                  163 	.db #0x00	; 0
   006A EC                  164 	.db #0xEC	; 236
   006B FA                  165 	.db #0xFA	; 250
   006C 7F                  166 	.db #0x7F	; 127
   006D A0                  167 	.db #0xA0	; 160
   006E 00                  168 	.db #0x00	; 0
   006F F3                  169 	.db #0xF3	; 243
   0070 3F                  170 	.db #0x3F	; 63
   0071 9D                  171 	.db #0x9D	; 157
   0072 2A                  172 	.db #0x2A	; 42
   0073 00                  173 	.db #0x00	; 0
   0074 F3                  174 	.db #0xF3	; 243
   0075 3F                  175 	.db #0x3F	; 63
   0076 3F                  176 	.db #0x3F	; 63
   0077 00                  177 	.db #0x00	; 0
   0078 00                  178 	.db #0x00	; 0
   0079 15                  179 	.db #0x15	; 21
   007A FC                  180 	.db #0xFC	; 252
   007B A8                  181 	.db #0xA8	; 168
   007C 00                  182 	.db #0x00	; 0
   007D 00                  183 	.db #0x00	; 0
   007E 41                  184 	.db #0x41	; 65	'A'
   007F FC                  185 	.db #0xFC	; 252
   0080 BD                  186 	.db #0xBD	; 189
   0081 01                  187 	.db #0x01	; 1
   0082 00                  188 	.db #0x00	; 0
   0083 15                  189 	.db #0x15	; 21
   0084 03                  190 	.db #0x03	; 3
   0085 03                  191 	.db #0x03	; 3
   0086 03                  192 	.db #0x03	; 3
   0087 03                  193 	.db #0x03	; 3
   0088 15                  194 	.db #0x15	; 21
   0089 2B                  195 	.db #0x2B	; 43
   008A 03                  196 	.db #0x03	; 3
   008B 03                  197 	.db #0x03	; 3
   008C 03                  198 	.db #0x03	; 3
   008D 01                  199 	.db #0x01	; 1
   008E 03                  200 	.db #0x03	; 3
   008F 17                  201 	.db #0x17	; 23
   0090 6E                  202 	.db #0x6E	; 110	'n'
   0091 02                  203 	.db #0x02	; 2
   0092 00                  204 	.db #0x00	; 0
   0093 02                  205 	.db #0x02	; 2
   0094 02                  206 	.db #0x02	; 2
   0095 44                  207 	.db #0x44	; 68	'D'
   0096 02                  208 	.db #0x02	; 2
   0097 00                  209 	.db #0x00	; 0
   0098 82                  210 	.db #0x82	; 130
   0099 C3                  211 	.db #0xC3	; 195
   009A 01                  212 	.db #0x01	; 1
   009B 02                  213 	.db #0x02	; 2
   009C                     214 _pre_jimmy_tileset_02:
   009C 00                  215 	.db #0x00	; 0
   009D EC                  216 	.db #0xEC	; 236
   009E CC                  217 	.db #0xCC	; 204
   009F A8                  218 	.db #0xA8	; 168
   00A0 00                  219 	.db #0x00	; 0
   00A1 44                  220 	.db #0x44	; 68	'D'
   00A2 CC                  221 	.db #0xCC	; 204
   00A3 EC                  222 	.db #0xEC	; 236
   00A4 CC                  223 	.db #0xCC	; 204
   00A5 00                  224 	.db #0x00	; 0
   00A6 44                  225 	.db #0x44	; 68	'D'
   00A7 EC                  226 	.db #0xEC	; 236
   00A8 CC                  227 	.db #0xCC	; 204
   00A9 EC                  228 	.db #0xEC	; 236
   00AA 00                  229 	.db #0x00	; 0
   00AB 44                  230 	.db #0x44	; 68	'D'
   00AC CC                  231 	.db #0xCC	; 204
   00AD F1                  232 	.db #0xF1	; 241
   00AE FA                  233 	.db #0xFA	; 250
   00AF 00                  234 	.db #0x00	; 0
   00B0 54                  235 	.db #0x54	; 84	'T'
   00B1 DD                  236 	.db #0xDD	; 221
   00B2 B5                  237 	.db #0xB5	; 181
   00B3 FA                  238 	.db #0xFA	; 250
   00B4 00                  239 	.db #0x00	; 0
   00B5 D9                  240 	.db #0xD9	; 217
   00B6 B7                  241 	.db #0xB7	; 183
   00B7 6E                  242 	.db #0x6E	; 110	'n'
   00B8 3F                  243 	.db #0x3F	; 63
   00B9 00                  244 	.db #0x00	; 0
   00BA 51                  245 	.db #0x51	; 81	'Q'
   00BB B7                  246 	.db #0xB7	; 183
   00BC 3F                  247 	.db #0x3F	; 63
   00BD 2A                  248 	.db #0x2A	; 42
   00BE 00                  249 	.db #0x00	; 0
   00BF 00                  250 	.db #0x00	; 0
   00C0 7E                  251 	.db #0x7E	; 126
   00C1 BD                  252 	.db #0xBD	; 189
   00C2 00                  253 	.db #0x00	; 0
   00C3 00                  254 	.db #0x00	; 0
   00C4 41                  255 	.db #0x41	; 65	'A'
   00C5 FC                  256 	.db #0xFC	; 252
   00C6 BD                  257 	.db #0xBD	; 189
   00C7 01                  258 	.db #0x01	; 1
   00C8 00                  259 	.db #0x00	; 0
   00C9 15                  260 	.db #0x15	; 21
   00CA 03                  261 	.db #0x03	; 3
   00CB 03                  262 	.db #0x03	; 3
   00CC 03                  263 	.db #0x03	; 3
   00CD 03                  264 	.db #0x03	; 3
   00CE 15                  265 	.db #0x15	; 21
   00CF 2B                  266 	.db #0x2B	; 43
   00D0 03                  267 	.db #0x03	; 3
   00D1 03                  268 	.db #0x03	; 3
   00D2 03                  269 	.db #0x03	; 3
   00D3 00                  270 	.db #0x00	; 0
   00D4 03                  271 	.db #0x03	; 3
   00D5 17                  272 	.db #0x17	; 23
   00D6 6E                  273 	.db #0x6E	; 110	'n'
   00D7 02                  274 	.db #0x02	; 2
   00D8 41                  275 	.db #0x41	; 65	'A'
   00D9 02                  276 	.db #0x02	; 2
   00DA 01                  277 	.db #0x01	; 1
   00DB 44                  278 	.db #0x44	; 68	'D'
   00DC 02                  279 	.db #0x02	; 2
   00DD 41                  280 	.db #0x41	; 65	'A'
   00DE 00                  281 	.db #0x00	; 0
   00DF 41                  282 	.db #0x41	; 65	'A'
   00E0 83                  283 	.db #0x83	; 131
   00E1 02                  284 	.db #0x02	; 2
   00E2                     285 _pre_jimmy_tileset_03:
   00E2 00                  286 	.db #0x00	; 0
   00E3 EC                  287 	.db #0xEC	; 236
   00E4 CC                  288 	.db #0xCC	; 204
   00E5 A8                  289 	.db #0xA8	; 168
   00E6 00                  290 	.db #0x00	; 0
   00E7 44                  291 	.db #0x44	; 68	'D'
   00E8 CC                  292 	.db #0xCC	; 204
   00E9 EC                  293 	.db #0xEC	; 236
   00EA CC                  294 	.db #0xCC	; 204
   00EB 00                  295 	.db #0x00	; 0
   00EC 44                  296 	.db #0x44	; 68	'D'
   00ED EC                  297 	.db #0xEC	; 236
   00EE CC                  298 	.db #0xCC	; 204
   00EF EC                  299 	.db #0xEC	; 236
   00F0 00                  300 	.db #0x00	; 0
   00F1 44                  301 	.db #0x44	; 68	'D'
   00F2 CC                  302 	.db #0xCC	; 204
   00F3 F1                  303 	.db #0xF1	; 241
   00F4 FA                  304 	.db #0xFA	; 250
   00F5 00                  305 	.db #0x00	; 0
   00F6 54                  306 	.db #0x54	; 84	'T'
   00F7 DD                  307 	.db #0xDD	; 221
   00F8 B5                  308 	.db #0xB5	; 181
   00F9 FA                  309 	.db #0xFA	; 250
   00FA 00                  310 	.db #0x00	; 0
   00FB D9                  311 	.db #0xD9	; 217
   00FC B7                  312 	.db #0xB7	; 183
   00FD 6E                  313 	.db #0x6E	; 110	'n'
   00FE 3F                  314 	.db #0x3F	; 63
   00FF 00                  315 	.db #0x00	; 0
   0100 51                  316 	.db #0x51	; 81	'Q'
   0101 B7                  317 	.db #0xB7	; 183
   0102 3F                  318 	.db #0x3F	; 63
   0103 2A                  319 	.db #0x2A	; 42
   0104 00                  320 	.db #0x00	; 0
   0105 00                  321 	.db #0x00	; 0
   0106 7E                  322 	.db #0x7E	; 126
   0107 BD                  323 	.db #0xBD	; 189
   0108 00                  324 	.db #0x00	; 0
   0109 00                  325 	.db #0x00	; 0
   010A 41                  326 	.db #0x41	; 65	'A'
   010B FC                  327 	.db #0xFC	; 252
   010C BD                  328 	.db #0xBD	; 189
   010D 01                  329 	.db #0x01	; 1
   010E 00                  330 	.db #0x00	; 0
   010F 15                  331 	.db #0x15	; 21
   0110 03                  332 	.db #0x03	; 3
   0111 03                  333 	.db #0x03	; 3
   0112 03                  334 	.db #0x03	; 3
   0113 CC                  335 	.db #0xCC	; 204
   0114 15                  336 	.db #0x15	; 21
   0115 2B                  337 	.db #0x2B	; 43
   0116 03                  338 	.db #0x03	; 3
   0117 03                  339 	.db #0x03	; 3
   0118 CC                  340 	.db #0xCC	; 204
   0119 00                  341 	.db #0x00	; 0
   011A 03                  342 	.db #0x03	; 3
   011B 17                  343 	.db #0x17	; 23
   011C 6E                  344 	.db #0x6E	; 110	'n'
   011D 00                  345 	.db #0x00	; 0
   011E 41                  346 	.db #0x41	; 65	'A'
   011F 02                  347 	.db #0x02	; 2
   0120 01                  348 	.db #0x01	; 1
   0121 44                  349 	.db #0x44	; 68	'D'
   0122 00                  350 	.db #0x00	; 0
   0123 41                  351 	.db #0x41	; 65	'A'
   0124 00                  352 	.db #0x00	; 0
   0125 41                  353 	.db #0x41	; 65	'A'
   0126 82                  354 	.db #0x82	; 130
   0127 00                  355 	.db #0x00	; 0
   0128                     356 _pre_jimmy_tileset_04:
   0128 00                  357 	.db #0x00	; 0
   0129 44                  358 	.db #0x44	; 68	'D'
   012A CC                  359 	.db #0xCC	; 204
   012B EC                  360 	.db #0xEC	; 236
   012C 00                  361 	.db #0x00	; 0
   012D 00                  362 	.db #0x00	; 0
   012E CC                  363 	.db #0xCC	; 204
   012F EC                  364 	.db #0xEC	; 236
   0130 CC                  365 	.db #0xCC	; 204
   0131 88                  366 	.db #0x88	; 136
   0132 00                  367 	.db #0x00	; 0
   0133 D9                  368 	.db #0xD9	; 217
   0134 BF                  369 	.db #0xBF	; 191
   0135 FB                  370 	.db #0xFB	; 251
   0136 88                  371 	.db #0x88	; 136
   0137 00                  372 	.db #0x00	; 0
   0138 B7                  373 	.db #0xB7	; 183
   0139 B5                  374 	.db #0xB5	; 181
   013A B5                  375 	.db #0xB5	; 181
   013B A2                  376 	.db #0xA2	; 162
   013C 00                  377 	.db #0x00	; 0
   013D 3F                  378 	.db #0x3F	; 63
   013E 6E                  379 	.db #0x6E	; 110	'n'
   013F 3F                  380 	.db #0x3F	; 63
   0140 2A                  381 	.db #0x2A	; 42
   0141 00                  382 	.db #0x00	; 0
   0142 15                  383 	.db #0x15	; 21
   0143 3F                  384 	.db #0x3F	; 63
   0144 3F                  385 	.db #0x3F	; 63
   0145 00                  386 	.db #0x00	; 0
   0146 00                  387 	.db #0x00	; 0
   0147 00                  388 	.db #0x00	; 0
   0148 FC                  389 	.db #0xFC	; 252
   0149 A8                  390 	.db #0xA8	; 168
   014A 00                  391 	.db #0x00	; 0
   014B 15                  392 	.db #0x15	; 21
   014C 7E                  393 	.db #0x7E	; 126
   014D FC                  394 	.db #0xFC	; 252
   014E FC                  395 	.db #0xFC	; 252
   014F 00                  396 	.db #0x00	; 0
   0150 15                  397 	.db #0x15	; 21
   0151 03                  398 	.db #0x03	; 3
   0152 FC                  399 	.db #0xFC	; 252
   0153 BD                  400 	.db #0xBD	; 189
   0154 00                  401 	.db #0x00	; 0
   0155 01                  402 	.db #0x01	; 1
   0156 03                  403 	.db #0x03	; 3
   0157 56                  404 	.db #0x56	; 86	'V'
   0158 BD                  405 	.db #0xBD	; 189
   0159 00                  406 	.db #0x00	; 0
   015A 01                  407 	.db #0x01	; 1
   015B 03                  408 	.db #0x03	; 3
   015C 17                  409 	.db #0x17	; 23
   015D 3F                  410 	.db #0x3F	; 63
   015E 00                  411 	.db #0x00	; 0
   015F 01                  412 	.db #0x01	; 1
   0160 03                  413 	.db #0x03	; 3
   0161 02                  414 	.db #0x02	; 2
   0162 02                  415 	.db #0x02	; 2
   0163 00                  416 	.db #0x00	; 0
   0164 00                  417 	.db #0x00	; 0
   0165 03                  418 	.db #0x03	; 3
   0166 02                  419 	.db #0x02	; 2
   0167 02                  420 	.db #0x02	; 2
   0168 00                  421 	.db #0x00	; 0
   0169 00                  422 	.db #0x00	; 0
   016A 03                  423 	.db #0x03	; 3
   016B 82                  424 	.db #0x82	; 130
   016C 82                  425 	.db #0x82	; 130
   016D 00                  426 	.db #0x00	; 0
   016E                     427 _pre_jimmy_tileset_05:
   016E 00                  428 	.db #0x00	; 0
   016F 44                  429 	.db #0x44	; 68	'D'
   0170 CC                  430 	.db #0xCC	; 204
   0171 EC                  431 	.db #0xEC	; 236
   0172 00                  432 	.db #0x00	; 0
   0173 00                  433 	.db #0x00	; 0
   0174 CC                  434 	.db #0xCC	; 204
   0175 EC                  435 	.db #0xEC	; 236
   0176 CC                  436 	.db #0xCC	; 204
   0177 88                  437 	.db #0x88	; 136
   0178 00                  438 	.db #0x00	; 0
   0179 D9                  439 	.db #0xD9	; 217
   017A BF                  440 	.db #0xBF	; 191
   017B FB                  441 	.db #0xFB	; 251
   017C 88                  442 	.db #0x88	; 136
   017D 00                  443 	.db #0x00	; 0
   017E B7                  444 	.db #0xB7	; 183
   017F B5                  445 	.db #0xB5	; 181
   0180 B5                  446 	.db #0xB5	; 181
   0181 A2                  447 	.db #0xA2	; 162
   0182 00                  448 	.db #0x00	; 0
   0183 3F                  449 	.db #0x3F	; 63
   0184 6E                  450 	.db #0x6E	; 110	'n'
   0185 3F                  451 	.db #0x3F	; 63
   0186 2A                  452 	.db #0x2A	; 42
   0187 00                  453 	.db #0x00	; 0
   0188 15                  454 	.db #0x15	; 21
   0189 3F                  455 	.db #0x3F	; 63
   018A 3F                  456 	.db #0x3F	; 63
   018B 00                  457 	.db #0x00	; 0
   018C 00                  458 	.db #0x00	; 0
   018D 00                  459 	.db #0x00	; 0
   018E FC                  460 	.db #0xFC	; 252
   018F A8                  461 	.db #0xA8	; 168
   0190 00                  462 	.db #0x00	; 0
   0191 15                  463 	.db #0x15	; 21
   0192 7E                  464 	.db #0x7E	; 126
   0193 FC                  465 	.db #0xFC	; 252
   0194 FC                  466 	.db #0xFC	; 252
   0195 00                  467 	.db #0x00	; 0
   0196 15                  468 	.db #0x15	; 21
   0197 03                  469 	.db #0x03	; 3
   0198 FC                  470 	.db #0xFC	; 252
   0199 BD                  471 	.db #0xBD	; 189
   019A 00                  472 	.db #0x00	; 0
   019B 01                  473 	.db #0x01	; 1
   019C 03                  474 	.db #0x03	; 3
   019D 56                  475 	.db #0x56	; 86	'V'
   019E BD                  476 	.db #0xBD	; 189
   019F 00                  477 	.db #0x00	; 0
   01A0 01                  478 	.db #0x01	; 1
   01A1 03                  479 	.db #0x03	; 3
   01A2 17                  480 	.db #0x17	; 23
   01A3 3F                  481 	.db #0x3F	; 63
   01A4 00                  482 	.db #0x00	; 0
   01A5 01                  483 	.db #0x01	; 1
   01A6 03                  484 	.db #0x03	; 3
   01A7 02                  485 	.db #0x02	; 2
   01A8 02                  486 	.db #0x02	; 2
   01A9 00                  487 	.db #0x00	; 0
   01AA 00                  488 	.db #0x00	; 0
   01AB 03                  489 	.db #0x03	; 3
   01AC 02                  490 	.db #0x02	; 2
   01AD 02                  491 	.db #0x02	; 2
   01AE 00                  492 	.db #0x00	; 0
   01AF 00                  493 	.db #0x00	; 0
   01B0 03                  494 	.db #0x03	; 3
   01B1 00                  495 	.db #0x00	; 0
   01B2 82                  496 	.db #0x82	; 130
   01B3 00                  497 	.db #0x00	; 0
   01B4                     498 _pre_jimmy_tileset_06:
   01B4 00                  499 	.db #0x00	; 0
   01B5 44                  500 	.db #0x44	; 68	'D'
   01B6 CC                  501 	.db #0xCC	; 204
   01B7 EC                  502 	.db #0xEC	; 236
   01B8 00                  503 	.db #0x00	; 0
   01B9 00                  504 	.db #0x00	; 0
   01BA CC                  505 	.db #0xCC	; 204
   01BB EC                  506 	.db #0xEC	; 236
   01BC CC                  507 	.db #0xCC	; 204
   01BD 88                  508 	.db #0x88	; 136
   01BE 00                  509 	.db #0x00	; 0
   01BF D9                  510 	.db #0xD9	; 217
   01C0 BF                  511 	.db #0xBF	; 191
   01C1 FB                  512 	.db #0xFB	; 251
   01C2 88                  513 	.db #0x88	; 136
   01C3 00                  514 	.db #0x00	; 0
   01C4 B7                  515 	.db #0xB7	; 183
   01C5 B5                  516 	.db #0xB5	; 181
   01C6 B5                  517 	.db #0xB5	; 181
   01C7 A2                  518 	.db #0xA2	; 162
   01C8 00                  519 	.db #0x00	; 0
   01C9 3F                  520 	.db #0x3F	; 63
   01CA 6E                  521 	.db #0x6E	; 110	'n'
   01CB 3F                  522 	.db #0x3F	; 63
   01CC 2A                  523 	.db #0x2A	; 42
   01CD 00                  524 	.db #0x00	; 0
   01CE 15                  525 	.db #0x15	; 21
   01CF 3F                  526 	.db #0x3F	; 63
   01D0 3F                  527 	.db #0x3F	; 63
   01D1 00                  528 	.db #0x00	; 0
   01D2 00                  529 	.db #0x00	; 0
   01D3 00                  530 	.db #0x00	; 0
   01D4 FC                  531 	.db #0xFC	; 252
   01D5 A8                  532 	.db #0xA8	; 168
   01D6 00                  533 	.db #0x00	; 0
   01D7 15                  534 	.db #0x15	; 21
   01D8 7E                  535 	.db #0x7E	; 126
   01D9 FC                  536 	.db #0xFC	; 252
   01DA FC                  537 	.db #0xFC	; 252
   01DB 00                  538 	.db #0x00	; 0
   01DC 15                  539 	.db #0x15	; 21
   01DD 03                  540 	.db #0x03	; 3
   01DE FC                  541 	.db #0xFC	; 252
   01DF BD                  542 	.db #0xBD	; 189
   01E0 00                  543 	.db #0x00	; 0
   01E1 01                  544 	.db #0x01	; 1
   01E2 03                  545 	.db #0x03	; 3
   01E3 56                  546 	.db #0x56	; 86	'V'
   01E4 BD                  547 	.db #0xBD	; 189
   01E5 00                  548 	.db #0x00	; 0
   01E6 01                  549 	.db #0x01	; 1
   01E7 03                  550 	.db #0x03	; 3
   01E8 17                  551 	.db #0x17	; 23
   01E9 3F                  552 	.db #0x3F	; 63
   01EA 00                  553 	.db #0x00	; 0
   01EB 01                  554 	.db #0x01	; 1
   01EC 03                  555 	.db #0x03	; 3
   01ED 02                  556 	.db #0x02	; 2
   01EE 02                  557 	.db #0x02	; 2
   01EF 00                  558 	.db #0x00	; 0
   01F0 00                  559 	.db #0x00	; 0
   01F1 03                  560 	.db #0x03	; 3
   01F2 02                  561 	.db #0x02	; 2
   01F3 02                  562 	.db #0x02	; 2
   01F4 00                  563 	.db #0x00	; 0
   01F5 00                  564 	.db #0x00	; 0
   01F6 03                  565 	.db #0x03	; 3
   01F7 82                  566 	.db #0x82	; 130
   01F8 00                  567 	.db #0x00	; 0
   01F9 00                  568 	.db #0x00	; 0
   01FA                     569 _pre_jimmy_tileset_07:
   01FA 00                  570 	.db #0x00	; 0
   01FB 44                  571 	.db #0x44	; 68	'D'
   01FC CC                  572 	.db #0xCC	; 204
   01FD EC                  573 	.db #0xEC	; 236
   01FE 00                  574 	.db #0x00	; 0
   01FF 00                  575 	.db #0x00	; 0
   0200 CC                  576 	.db #0xCC	; 204
   0201 EC                  577 	.db #0xEC	; 236
   0202 CC                  578 	.db #0xCC	; 204
   0203 88                  579 	.db #0x88	; 136
   0204 00                  580 	.db #0x00	; 0
   0205 D9                  581 	.db #0xD9	; 217
   0206 BF                  582 	.db #0xBF	; 191
   0207 FB                  583 	.db #0xFB	; 251
   0208 88                  584 	.db #0x88	; 136
   0209 00                  585 	.db #0x00	; 0
   020A B7                  586 	.db #0xB7	; 183
   020B B5                  587 	.db #0xB5	; 181
   020C B5                  588 	.db #0xB5	; 181
   020D A2                  589 	.db #0xA2	; 162
   020E 00                  590 	.db #0x00	; 0
   020F 3F                  591 	.db #0x3F	; 63
   0210 6E                  592 	.db #0x6E	; 110	'n'
   0211 3F                  593 	.db #0x3F	; 63
   0212 2A                  594 	.db #0x2A	; 42
   0213 00                  595 	.db #0x00	; 0
   0214 15                  596 	.db #0x15	; 21
   0215 3F                  597 	.db #0x3F	; 63
   0216 3F                  598 	.db #0x3F	; 63
   0217 00                  599 	.db #0x00	; 0
   0218 00                  600 	.db #0x00	; 0
   0219 00                  601 	.db #0x00	; 0
   021A FC                  602 	.db #0xFC	; 252
   021B A8                  603 	.db #0xA8	; 168
   021C 00                  604 	.db #0x00	; 0
   021D 15                  605 	.db #0x15	; 21
   021E 7E                  606 	.db #0x7E	; 126
   021F FC                  607 	.db #0xFC	; 252
   0220 FC                  608 	.db #0xFC	; 252
   0221 00                  609 	.db #0x00	; 0
   0222 15                  610 	.db #0x15	; 21
   0223 03                  611 	.db #0x03	; 3
   0224 FC                  612 	.db #0xFC	; 252
   0225 BD                  613 	.db #0xBD	; 189
   0226 00                  614 	.db #0x00	; 0
   0227 01                  615 	.db #0x01	; 1
   0228 03                  616 	.db #0x03	; 3
   0229 56                  617 	.db #0x56	; 86	'V'
   022A BD                  618 	.db #0xBD	; 189
   022B 00                  619 	.db #0x00	; 0
   022C 01                  620 	.db #0x01	; 1
   022D CC                  621 	.db #0xCC	; 204
   022E 17                  622 	.db #0x17	; 23
   022F 3F                  623 	.db #0x3F	; 63
   0230 00                  624 	.db #0x00	; 0
   0231 01                  625 	.db #0x01	; 1
   0232 03                  626 	.db #0x03	; 3
   0233 02                  627 	.db #0x02	; 2
   0234 02                  628 	.db #0x02	; 2
   0235 00                  629 	.db #0x00	; 0
   0236 00                  630 	.db #0x00	; 0
   0237 03                  631 	.db #0x03	; 3
   0238 02                  632 	.db #0x02	; 2
   0239 02                  633 	.db #0x02	; 2
   023A 00                  634 	.db #0x00	; 0
   023B 00                  635 	.db #0x00	; 0
   023C 03                  636 	.db #0x03	; 3
   023D 82                  637 	.db #0x82	; 130
   023E 82                  638 	.db #0x82	; 130
   023F 00                  639 	.db #0x00	; 0
   0240                     640 _pre_jimmy_tileset_08:
   0240 00                  641 	.db #0x00	; 0
   0241 44                  642 	.db #0x44	; 68	'D'
   0242 CC                  643 	.db #0xCC	; 204
   0243 EC                  644 	.db #0xEC	; 236
   0244 00                  645 	.db #0x00	; 0
   0245 00                  646 	.db #0x00	; 0
   0246 CC                  647 	.db #0xCC	; 204
   0247 EC                  648 	.db #0xEC	; 236
   0248 CC                  649 	.db #0xCC	; 204
   0249 88                  650 	.db #0x88	; 136
   024A 00                  651 	.db #0x00	; 0
   024B EC                  652 	.db #0xEC	; 236
   024C CC                  653 	.db #0xCC	; 204
   024D DC                  654 	.db #0xDC	; 220
   024E 88                  655 	.db #0x88	; 136
   024F 00                  656 	.db #0x00	; 0
   0250 E6                  657 	.db #0xE6	; 230
   0251 DC                  658 	.db #0xDC	; 220
   0252 CC                  659 	.db #0xCC	; 204
   0253 A2                  660 	.db #0xA2	; 162
   0254 00                  661 	.db #0x00	; 0
   0255 F3                  662 	.db #0xF3	; 243
   0256 CC                  663 	.db #0xCC	; 204
   0257 D9                  664 	.db #0xD9	; 217
   0258 A2                  665 	.db #0xA2	; 162
   0259 00                  666 	.db #0x00	; 0
   025A 44                  667 	.db #0x44	; 68	'D'
   025B F3                  668 	.db #0xF3	; 243
   025C E6                  669 	.db #0xE6	; 230
   025D 00                  670 	.db #0x00	; 0
   025E 00                  671 	.db #0x00	; 0
   025F 00                  672 	.db #0x00	; 0
   0260 FC                  673 	.db #0xFC	; 252
   0261 A8                  674 	.db #0xA8	; 168
   0262 00                  675 	.db #0x00	; 0
   0263 15                  676 	.db #0x15	; 21
   0264 7E                  677 	.db #0x7E	; 126
   0265 FC                  678 	.db #0xFC	; 252
   0266 FC                  679 	.db #0xFC	; 252
   0267 00                  680 	.db #0x00	; 0
   0268 15                  681 	.db #0x15	; 21
   0269 03                  682 	.db #0x03	; 3
   026A FC                  683 	.db #0xFC	; 252
   026B BD                  684 	.db #0xBD	; 189
   026C 00                  685 	.db #0x00	; 0
   026D 01                  686 	.db #0x01	; 1
   026E 03                  687 	.db #0x03	; 3
   026F FC                  688 	.db #0xFC	; 252
   0270 BD                  689 	.db #0xBD	; 189
   0271 00                  690 	.db #0x00	; 0
   0272 01                  691 	.db #0x01	; 1
   0273 03                  692 	.db #0x03	; 3
   0274 FC                  693 	.db #0xFC	; 252
   0275 BD                  694 	.db #0xBD	; 189
   0276 00                  695 	.db #0x00	; 0
   0277 01                  696 	.db #0x01	; 1
   0278 03                  697 	.db #0x03	; 3
   0279 02                  698 	.db #0x02	; 2
   027A 02                  699 	.db #0x02	; 2
   027B 00                  700 	.db #0x00	; 0
   027C 00                  701 	.db #0x00	; 0
   027D 03                  702 	.db #0x03	; 3
   027E 02                  703 	.db #0x02	; 2
   027F 02                  704 	.db #0x02	; 2
   0280 00                  705 	.db #0x00	; 0
   0281 00                  706 	.db #0x00	; 0
   0282 03                  707 	.db #0x03	; 3
   0283 82                  708 	.db #0x82	; 130
   0284 82                  709 	.db #0x82	; 130
   0285 00                  710 	.db #0x00	; 0
   0286                     711 _pre_jimmy_tileset_09:
   0286 00                  712 	.db #0x00	; 0
   0287 44                  713 	.db #0x44	; 68	'D'
   0288 CC                  714 	.db #0xCC	; 204
   0289 EC                  715 	.db #0xEC	; 236
   028A 00                  716 	.db #0x00	; 0
   028B 00                  717 	.db #0x00	; 0
   028C CC                  718 	.db #0xCC	; 204
   028D EC                  719 	.db #0xEC	; 236
   028E CC                  720 	.db #0xCC	; 204
   028F 88                  721 	.db #0x88	; 136
   0290 00                  722 	.db #0x00	; 0
   0291 EC                  723 	.db #0xEC	; 236
   0292 CC                  724 	.db #0xCC	; 204
   0293 DC                  725 	.db #0xDC	; 220
   0294 88                  726 	.db #0x88	; 136
   0295 00                  727 	.db #0x00	; 0
   0296 E6                  728 	.db #0xE6	; 230
   0297 DC                  729 	.db #0xDC	; 220
   0298 CC                  730 	.db #0xCC	; 204
   0299 A2                  731 	.db #0xA2	; 162
   029A 00                  732 	.db #0x00	; 0
   029B F3                  733 	.db #0xF3	; 243
   029C CC                  734 	.db #0xCC	; 204
   029D D9                  735 	.db #0xD9	; 217
   029E A2                  736 	.db #0xA2	; 162
   029F 00                  737 	.db #0x00	; 0
   02A0 44                  738 	.db #0x44	; 68	'D'
   02A1 F3                  739 	.db #0xF3	; 243
   02A2 E6                  740 	.db #0xE6	; 230
   02A3 00                  741 	.db #0x00	; 0
   02A4 00                  742 	.db #0x00	; 0
   02A5 00                  743 	.db #0x00	; 0
   02A6 FC                  744 	.db #0xFC	; 252
   02A7 A8                  745 	.db #0xA8	; 168
   02A8 00                  746 	.db #0x00	; 0
   02A9 15                  747 	.db #0x15	; 21
   02AA 7E                  748 	.db #0x7E	; 126
   02AB FC                  749 	.db #0xFC	; 252
   02AC FC                  750 	.db #0xFC	; 252
   02AD 00                  751 	.db #0x00	; 0
   02AE 15                  752 	.db #0x15	; 21
   02AF 03                  753 	.db #0x03	; 3
   02B0 FC                  754 	.db #0xFC	; 252
   02B1 BD                  755 	.db #0xBD	; 189
   02B2 00                  756 	.db #0x00	; 0
   02B3 01                  757 	.db #0x01	; 1
   02B4 03                  758 	.db #0x03	; 3
   02B5 FC                  759 	.db #0xFC	; 252
   02B6 BD                  760 	.db #0xBD	; 189
   02B7 00                  761 	.db #0x00	; 0
   02B8 01                  762 	.db #0x01	; 1
   02B9 03                  763 	.db #0x03	; 3
   02BA FC                  764 	.db #0xFC	; 252
   02BB BD                  765 	.db #0xBD	; 189
   02BC 00                  766 	.db #0x00	; 0
   02BD 01                  767 	.db #0x01	; 1
   02BE 03                  768 	.db #0x03	; 3
   02BF 02                  769 	.db #0x02	; 2
   02C0 02                  770 	.db #0x02	; 2
   02C1 00                  771 	.db #0x00	; 0
   02C2 00                  772 	.db #0x00	; 0
   02C3 03                  773 	.db #0x03	; 3
   02C4 02                  774 	.db #0x02	; 2
   02C5 82                  775 	.db #0x82	; 130
   02C6 00                  776 	.db #0x00	; 0
   02C7 00                  777 	.db #0x00	; 0
   02C8 03                  778 	.db #0x03	; 3
   02C9 00                  779 	.db #0x00	; 0
   02CA 82                  780 	.db #0x82	; 130
   02CB 00                  781 	.db #0x00	; 0
   02CC                     782 _pre_jimmy_tileset_10:
   02CC 00                  783 	.db #0x00	; 0
   02CD 44                  784 	.db #0x44	; 68	'D'
   02CE CC                  785 	.db #0xCC	; 204
   02CF EC                  786 	.db #0xEC	; 236
   02D0 00                  787 	.db #0x00	; 0
   02D1 00                  788 	.db #0x00	; 0
   02D2 CC                  789 	.db #0xCC	; 204
   02D3 EC                  790 	.db #0xEC	; 236
   02D4 CC                  791 	.db #0xCC	; 204
   02D5 88                  792 	.db #0x88	; 136
   02D6 00                  793 	.db #0x00	; 0
   02D7 EC                  794 	.db #0xEC	; 236
   02D8 CC                  795 	.db #0xCC	; 204
   02D9 DC                  796 	.db #0xDC	; 220
   02DA 88                  797 	.db #0x88	; 136
   02DB 00                  798 	.db #0x00	; 0
   02DC E6                  799 	.db #0xE6	; 230
   02DD DC                  800 	.db #0xDC	; 220
   02DE CC                  801 	.db #0xCC	; 204
   02DF A2                  802 	.db #0xA2	; 162
   02E0 00                  803 	.db #0x00	; 0
   02E1 F3                  804 	.db #0xF3	; 243
   02E2 CC                  805 	.db #0xCC	; 204
   02E3 D9                  806 	.db #0xD9	; 217
   02E4 A2                  807 	.db #0xA2	; 162
   02E5 00                  808 	.db #0x00	; 0
   02E6 44                  809 	.db #0x44	; 68	'D'
   02E7 F3                  810 	.db #0xF3	; 243
   02E8 E6                  811 	.db #0xE6	; 230
   02E9 00                  812 	.db #0x00	; 0
   02EA 00                  813 	.db #0x00	; 0
   02EB 00                  814 	.db #0x00	; 0
   02EC FC                  815 	.db #0xFC	; 252
   02ED A8                  816 	.db #0xA8	; 168
   02EE 00                  817 	.db #0x00	; 0
   02EF 15                  818 	.db #0x15	; 21
   02F0 7E                  819 	.db #0x7E	; 126
   02F1 FC                  820 	.db #0xFC	; 252
   02F2 FC                  821 	.db #0xFC	; 252
   02F3 00                  822 	.db #0x00	; 0
   02F4 15                  823 	.db #0x15	; 21
   02F5 03                  824 	.db #0x03	; 3
   02F6 FC                  825 	.db #0xFC	; 252
   02F7 BD                  826 	.db #0xBD	; 189
   02F8 00                  827 	.db #0x00	; 0
   02F9 01                  828 	.db #0x01	; 1
   02FA 03                  829 	.db #0x03	; 3
   02FB FC                  830 	.db #0xFC	; 252
   02FC BD                  831 	.db #0xBD	; 189
   02FD 00                  832 	.db #0x00	; 0
   02FE 01                  833 	.db #0x01	; 1
   02FF 03                  834 	.db #0x03	; 3
   0300 FC                  835 	.db #0xFC	; 252
   0301 BD                  836 	.db #0xBD	; 189
   0302 00                  837 	.db #0x00	; 0
   0303 01                  838 	.db #0x01	; 1
   0304 03                  839 	.db #0x03	; 3
   0305 02                  840 	.db #0x02	; 2
   0306 02                  841 	.db #0x02	; 2
   0307 00                  842 	.db #0x00	; 0
   0308 00                  843 	.db #0x00	; 0
   0309 03                  844 	.db #0x03	; 3
   030A 02                  845 	.db #0x02	; 2
   030B 02                  846 	.db #0x02	; 2
   030C 00                  847 	.db #0x00	; 0
   030D 00                  848 	.db #0x00	; 0
   030E 03                  849 	.db #0x03	; 3
   030F 82                  850 	.db #0x82	; 130
   0310 00                  851 	.db #0x00	; 0
   0311 00                  852 	.db #0x00	; 0
                            853 	.area _INITIALIZER
                            854 	.area _CABS (ABS)
