                              1 ;--------------------------------------------------------
                              2 ; File Created by SDCC : free open source ANSI-C Compiler
                              3 ; Version 3.5.5 #9498 (CYGWIN)
                              4 ;--------------------------------------------------------
                              5 	.module obdulia_tileset
                              6 	.optsdcc -mz80
                              7 	
                              8 ;--------------------------------------------------------
                              9 ; Public variables in this module
                             10 ;--------------------------------------------------------
                             11 	.globl _pre_obdulia_tileset_10
                             12 	.globl _pre_obdulia_tileset_09
                             13 	.globl _pre_obdulia_tileset_08
                             14 	.globl _pre_obdulia_tileset_07
                             15 	.globl _pre_obdulia_tileset_06
                             16 	.globl _pre_obdulia_tileset_05
                             17 	.globl _pre_obdulia_tileset_04
                             18 	.globl _pre_obdulia_tileset_03
                             19 	.globl _pre_obdulia_tileset_02
                             20 	.globl _pre_obdulia_tileset_01
                             21 	.globl _pre_obdulia_tileset_00
                             22 ;--------------------------------------------------------
                             23 ; special function registers
                             24 ;--------------------------------------------------------
                             25 ;--------------------------------------------------------
                             26 ; ram data
                             27 ;--------------------------------------------------------
                             28 	.area _DATA
                             29 ;--------------------------------------------------------
                             30 ; ram data
                             31 ;--------------------------------------------------------
                             32 	.area _INITIALIZED
                             33 ;--------------------------------------------------------
                             34 ; absolute external ram data
                             35 ;--------------------------------------------------------
                             36 	.area _DABS (ABS)
                             37 ;--------------------------------------------------------
                             38 ; global & static initialisations
                             39 ;--------------------------------------------------------
                             40 	.area _HOME
                             41 	.area _GSINIT
                             42 	.area _GSFINAL
                             43 	.area _GSINIT
                             44 ;--------------------------------------------------------
                             45 ; Home
                             46 ;--------------------------------------------------------
                             47 	.area _HOME
                             48 	.area _HOME
                             49 ;--------------------------------------------------------
                             50 ; code
                             51 ;--------------------------------------------------------
                             52 	.area _CODE
                             53 	.area _CODE
   0000                      54 _pre_obdulia_tileset_00:
   0000 00                   55 	.db #0x00	; 0
   0001 41                   56 	.db #0x41	; 65	'A'
   0002 C3                   57 	.db #0xC3	; 195
   0003 00                   58 	.db #0x00	; 0
   0004 00                   59 	.db #0x00	; 0
   0005 00                   60 	.db #0x00	; 0
   0006 C3                   61 	.db #0xC3	; 195
   0007 C3                   62 	.db #0xC3	; 195
   0008 82                   63 	.db #0x82	; 130
   0009 00                   64 	.db #0x00	; 0
   000A 00                   65 	.db #0x00	; 0
   000B C3                   66 	.db #0xC3	; 195
   000C C3                   67 	.db #0xC3	; 195
   000D 82                   68 	.db #0x82	; 130
   000E 00                   69 	.db #0x00	; 0
   000F 41                   70 	.db #0x41	; 65	'A'
   0010 C3                   71 	.db #0xC3	; 195
   0011 5D                   72 	.db #0x5D	; 93
   0012 08                   73 	.db #0x08	; 8
   0013 00                   74 	.db #0x00	; 0
   0014 41                   75 	.db #0x41	; 65	'A'
   0015 D7                   76 	.db #0xD7	; 215
   0016 5D                   77 	.db #0x5D	; 93
   0017 08                   78 	.db #0x08	; 8
   0018 00                   79 	.db #0x00	; 0
   0019 C3                   80 	.db #0xC3	; 195
   001A 97                   81 	.db #0x97	; 151
   001B 3F                   82 	.db #0x3F	; 63
   001C 2A                   83 	.db #0x2A	; 42
   001D 00                   84 	.db #0x00	; 0
   001E C3                   85 	.db #0xC3	; 195
   001F 97                   86 	.db #0x97	; 151
   0020 6E                   87 	.db #0x6E	; 110	'n'
   0021 00                   88 	.db #0x00	; 0
   0022 00                   89 	.db #0x00	; 0
   0023 C3                   90 	.db #0xC3	; 195
   0024 51                   91 	.db #0x51	; 81	'Q'
   0025 A2                   92 	.db #0xA2	; 162
   0026 00                   93 	.db #0x00	; 0
   0027 00                   94 	.db #0x00	; 0
   0028 82                   95 	.db #0x82	; 130
   0029 14                   96 	.db #0x14	; 20
   002A A2                   97 	.db #0xA2	; 162
   002B 01                   98 	.db #0x01	; 1
   002C 02                   99 	.db #0x02	; 2
   002D 00                  100 	.db #0x00	; 0
   002E 14                  101 	.db #0x14	; 20
   002F B6                  102 	.db #0xB6	; 182
   0030 29                  103 	.db #0x29	; 41
   0031 2A                  104 	.db #0x2A	; 42
   0032 03                  105 	.db #0x03	; 3
   0033 17                  106 	.db #0x17	; 23
   0034 03                  107 	.db #0x03	; 3
   0035 03                  108 	.db #0x03	; 3
   0036 56                  109 	.db #0x56	; 86	'V'
   0037 56                  110 	.db #0x56	; 86	'V'
   0038 56                  111 	.db #0x56	; 86	'V'
   0039 56                  112 	.db #0x56	; 86	'V'
   003A 56                  113 	.db #0x56	; 86	'V'
   003B 56                  114 	.db #0x56	; 86	'V'
   003C 03                  115 	.db #0x03	; 3
   003D 03                  116 	.db #0x03	; 3
   003E 03                  117 	.db #0x03	; 3
   003F 03                  118 	.db #0x03	; 3
   0040 56                  119 	.db #0x56	; 86	'V'
   0041 00                  120 	.db #0x00	; 0
   0042 54                  121 	.db #0x54	; 84	'T'
   0043 FC                  122 	.db #0xFC	; 252
   0044 00                  123 	.db #0x00	; 0
   0045 00                  124 	.db #0x00	; 0
   0046                     125 _pre_obdulia_tileset_01:
   0046 00                  126 	.db #0x00	; 0
   0047 C3                  127 	.db #0xC3	; 195
   0048 C3                  128 	.db #0xC3	; 195
   0049 00                  129 	.db #0x00	; 0
   004A 00                  130 	.db #0x00	; 0
   004B 41                  131 	.db #0x41	; 65	'A'
   004C C3                  132 	.db #0xC3	; 195
   004D C3                  133 	.db #0xC3	; 195
   004E 82                  134 	.db #0x82	; 130
   004F 00                  135 	.db #0x00	; 0
   0050 41                  136 	.db #0x41	; 65	'A'
   0051 C3                  137 	.db #0xC3	; 195
   0052 6B                  138 	.db #0x6B	; 107	'k'
   0053 82                  139 	.db #0x82	; 130
   0054 00                  140 	.db #0x00	; 0
   0055 41                  141 	.db #0x41	; 65	'A'
   0056 86                  142 	.db #0x86	; 134
   0057 7F                  143 	.db #0x7F	; 127
   0058 08                  144 	.db #0x08	; 8
   0059 00                  145 	.db #0x00	; 0
   005A 41                  146 	.db #0x41	; 65	'A'
   005B AE                  147 	.db #0xAE	; 174
   005C 7F                  148 	.db #0x7F	; 127
   005D 08                  149 	.db #0x08	; 8
   005E 00                  150 	.db #0x00	; 0
   005F 41                  151 	.db #0x41	; 65	'A'
   0060 3F                  152 	.db #0x3F	; 63
   0061 35                  153 	.db #0x35	; 53	'5'
   0062 2A                  154 	.db #0x2A	; 42
   0063 00                  155 	.db #0x00	; 0
   0064 41                  156 	.db #0x41	; 65	'A'
   0065 3F                  157 	.db #0x3F	; 63
   0066 3F                  158 	.db #0x3F	; 63
   0067 82                  159 	.db #0x82	; 130
   0068 00                  160 	.db #0x00	; 0
   0069 41                  161 	.db #0x41	; 65	'A'
   006A 79                  162 	.db #0x79	; 121	'y'
   006B 69                  163 	.db #0x69	; 105	'i'
   006C 82                  164 	.db #0x82	; 130
   006D 00                  165 	.db #0x00	; 0
   006E 96                  166 	.db #0x96	; 150
   006F F3                  167 	.db #0xF3	; 243
   0070 B6                  168 	.db #0xB6	; 182
   0071 83                  169 	.db #0x83	; 131
   0072 02                  170 	.db #0x02	; 2
   0073 14                  171 	.db #0x14	; 20
   0074 F3                  172 	.db #0xF3	; 243
   0075 B6                  173 	.db #0xB6	; 182
   0076 29                  174 	.db #0x29	; 41
   0077 2A                  175 	.db #0x2A	; 42
   0078 16                  176 	.db #0x16	; 22
   0079 03                  177 	.db #0x03	; 3
   007A 03                  178 	.db #0x03	; 3
   007B 03                  179 	.db #0x03	; 3
   007C 56                  180 	.db #0x56	; 86	'V'
   007D 17                  181 	.db #0x17	; 23
   007E 56                  182 	.db #0x56	; 86	'V'
   007F 56                  183 	.db #0x56	; 86	'V'
   0080 56                  184 	.db #0x56	; 86	'V'
   0081 56                  185 	.db #0x56	; 86	'V'
   0082 03                  186 	.db #0x03	; 3
   0083 03                  187 	.db #0x03	; 3
   0084 03                  188 	.db #0x03	; 3
   0085 03                  189 	.db #0x03	; 3
   0086 56                  190 	.db #0x56	; 86	'V'
   0087 00                  191 	.db #0x00	; 0
   0088 A8                  192 	.db #0xA8	; 168
   0089 FC                  193 	.db #0xFC	; 252
   008A 00                  194 	.db #0x00	; 0
   008B 00                  195 	.db #0x00	; 0
   008C                     196 _pre_obdulia_tileset_02:
   008C 00                  197 	.db #0x00	; 0
   008D C3                  198 	.db #0xC3	; 195
   008E C3                  199 	.db #0xC3	; 195
   008F 00                  200 	.db #0x00	; 0
   0090 00                  201 	.db #0x00	; 0
   0091 41                  202 	.db #0x41	; 65	'A'
   0092 C3                  203 	.db #0xC3	; 195
   0093 C3                  204 	.db #0xC3	; 195
   0094 82                  205 	.db #0x82	; 130
   0095 00                  206 	.db #0x00	; 0
   0096 41                  207 	.db #0x41	; 65	'A'
   0097 C3                  208 	.db #0xC3	; 195
   0098 6B                  209 	.db #0x6B	; 107	'k'
   0099 82                  210 	.db #0x82	; 130
   009A 00                  211 	.db #0x00	; 0
   009B 41                  212 	.db #0x41	; 65	'A'
   009C 86                  213 	.db #0x86	; 134
   009D 7F                  214 	.db #0x7F	; 127
   009E 08                  215 	.db #0x08	; 8
   009F 00                  216 	.db #0x00	; 0
   00A0 41                  217 	.db #0x41	; 65	'A'
   00A1 AE                  218 	.db #0xAE	; 174
   00A2 7F                  219 	.db #0x7F	; 127
   00A3 08                  220 	.db #0x08	; 8
   00A4 00                  221 	.db #0x00	; 0
   00A5 41                  222 	.db #0x41	; 65	'A'
   00A6 3F                  223 	.db #0x3F	; 63
   00A7 35                  224 	.db #0x35	; 53	'5'
   00A8 2A                  225 	.db #0x2A	; 42
   00A9 00                  226 	.db #0x00	; 0
   00AA 41                  227 	.db #0x41	; 65	'A'
   00AB 3F                  228 	.db #0x3F	; 63
   00AC 3F                  229 	.db #0x3F	; 63
   00AD 82                  230 	.db #0x82	; 130
   00AE 00                  231 	.db #0x00	; 0
   00AF C3                  232 	.db #0xC3	; 195
   00B0 79                  233 	.db #0x79	; 121	'y'
   00B1 69                  234 	.db #0x69	; 105	'i'
   00B2 82                  235 	.db #0x82	; 130
   00B3 00                  236 	.db #0x00	; 0
   00B4 3C                  237 	.db #0x3C	; 60
   00B5 F3                  238 	.db #0xF3	; 243
   00B6 B6                  239 	.db #0xB6	; 182
   00B7 03                  240 	.db #0x03	; 3
   00B8 00                  241 	.db #0x00	; 0
   00B9 28                  242 	.db #0x28	; 40
   00BA F3                  243 	.db #0xF3	; 243
   00BB B6                  244 	.db #0xB6	; 182
   00BC 17                  245 	.db #0x17	; 23
   00BD 00                  246 	.db #0x00	; 0
   00BE 29                  247 	.db #0x29	; 41
   00BF 03                  248 	.db #0x03	; 3
   00C0 03                  249 	.db #0x03	; 3
   00C1 03                  250 	.db #0x03	; 3
   00C2 56                  251 	.db #0x56	; 86	'V'
   00C3 2B                  252 	.db #0x2B	; 43
   00C4 A9                  253 	.db #0xA9	; 169
   00C5 A9                  254 	.db #0xA9	; 169
   00C6 A9                  255 	.db #0xA9	; 169
   00C7 FC                  256 	.db #0xFC	; 252
   00C8 03                  257 	.db #0x03	; 3
   00C9 03                  258 	.db #0x03	; 3
   00CA 03                  259 	.db #0x03	; 3
   00CB 03                  260 	.db #0x03	; 3
   00CC 56                  261 	.db #0x56	; 86	'V'
   00CD 54                  262 	.db #0x54	; 84	'T'
   00CE 00                  263 	.db #0x00	; 0
   00CF 54                  264 	.db #0x54	; 84	'T'
   00D0 A8                  265 	.db #0xA8	; 168
   00D1 00                  266 	.db #0x00	; 0
   00D2                     267 _pre_obdulia_tileset_03:
   00D2 00                  268 	.db #0x00	; 0
   00D3 C3                  269 	.db #0xC3	; 195
   00D4 C3                  270 	.db #0xC3	; 195
   00D5 00                  271 	.db #0x00	; 0
   00D6 00                  272 	.db #0x00	; 0
   00D7 41                  273 	.db #0x41	; 65	'A'
   00D8 C3                  274 	.db #0xC3	; 195
   00D9 C3                  275 	.db #0xC3	; 195
   00DA 82                  276 	.db #0x82	; 130
   00DB 00                  277 	.db #0x00	; 0
   00DC 41                  278 	.db #0x41	; 65	'A'
   00DD C3                  279 	.db #0xC3	; 195
   00DE 6B                  280 	.db #0x6B	; 107	'k'
   00DF 82                  281 	.db #0x82	; 130
   00E0 00                  282 	.db #0x00	; 0
   00E1 41                  283 	.db #0x41	; 65	'A'
   00E2 86                  284 	.db #0x86	; 134
   00E3 7F                  285 	.db #0x7F	; 127
   00E4 08                  286 	.db #0x08	; 8
   00E5 00                  287 	.db #0x00	; 0
   00E6 41                  288 	.db #0x41	; 65	'A'
   00E7 AE                  289 	.db #0xAE	; 174
   00E8 7F                  290 	.db #0x7F	; 127
   00E9 08                  291 	.db #0x08	; 8
   00EA 00                  292 	.db #0x00	; 0
   00EB 41                  293 	.db #0x41	; 65	'A'
   00EC 3F                  294 	.db #0x3F	; 63
   00ED 35                  295 	.db #0x35	; 53	'5'
   00EE 2A                  296 	.db #0x2A	; 42
   00EF 00                  297 	.db #0x00	; 0
   00F0 41                  298 	.db #0x41	; 65	'A'
   00F1 3F                  299 	.db #0x3F	; 63
   00F2 3F                  300 	.db #0x3F	; 63
   00F3 82                  301 	.db #0x82	; 130
   00F4 00                  302 	.db #0x00	; 0
   00F5 C3                  303 	.db #0xC3	; 195
   00F6 79                  304 	.db #0x79	; 121	'y'
   00F7 69                  305 	.db #0x69	; 105	'i'
   00F8 82                  306 	.db #0x82	; 130
   00F9 00                  307 	.db #0x00	; 0
   00FA 3C                  308 	.db #0x3C	; 60
   00FB F3                  309 	.db #0xF3	; 243
   00FC B6                  310 	.db #0xB6	; 182
   00FD 03                  311 	.db #0x03	; 3
   00FE 00                  312 	.db #0x00	; 0
   00FF 28                  313 	.db #0x28	; 40
   0100 F3                  314 	.db #0xF3	; 243
   0101 B6                  315 	.db #0xB6	; 182
   0102 17                  316 	.db #0x17	; 23
   0103 00                  317 	.db #0x00	; 0
   0104 29                  318 	.db #0x29	; 41
   0105 03                  319 	.db #0x03	; 3
   0106 03                  320 	.db #0x03	; 3
   0107 03                  321 	.db #0x03	; 3
   0108 46                  322 	.db #0x46	; 70	'F'
   0109 2B                  323 	.db #0x2B	; 43
   010A 89                  324 	.db #0x89	; 137
   010B 89                  325 	.db #0x89	; 137
   010C 89                  326 	.db #0x89	; 137
   010D CC                  327 	.db #0xCC	; 204
   010E 03                  328 	.db #0x03	; 3
   010F 03                  329 	.db #0x03	; 3
   0110 03                  330 	.db #0x03	; 3
   0111 03                  331 	.db #0x03	; 3
   0112 46                  332 	.db #0x46	; 70	'F'
   0113 54                  333 	.db #0x54	; 84	'T'
   0114 00                  334 	.db #0x00	; 0
   0115 54                  335 	.db #0x54	; 84	'T'
   0116 A8                  336 	.db #0xA8	; 168
   0117 00                  337 	.db #0x00	; 0
   0118                     338 _pre_obdulia_tileset_04:
   0118 00                  339 	.db #0x00	; 0
   0119 41                  340 	.db #0x41	; 65	'A'
   011A C3                  341 	.db #0xC3	; 195
   011B C3                  342 	.db #0xC3	; 195
   011C 00                  343 	.db #0x00	; 0
   011D 00                  344 	.db #0x00	; 0
   011E C3                  345 	.db #0xC3	; 195
   011F 97                  346 	.db #0x97	; 151
   0120 C3                  347 	.db #0xC3	; 195
   0121 82                  348 	.db #0x82	; 130
   0122 00                  349 	.db #0x00	; 0
   0123 C3                  350 	.db #0xC3	; 195
   0124 BF                  351 	.db #0xBF	; 191
   0125 EB                  352 	.db #0xEB	; 235
   0126 82                  353 	.db #0x82	; 130
   0127 00                  354 	.db #0x00	; 0
   0128 97                  355 	.db #0x97	; 151
   0129 1D                  356 	.db #0x1D	; 29
   012A 1D                  357 	.db #0x1D	; 29
   012B 82                  358 	.db #0x82	; 130
   012C 00                  359 	.db #0x00	; 0
   012D 97                  360 	.db #0x97	; 151
   012E 3F                  361 	.db #0x3F	; 63
   012F 3F                  362 	.db #0x3F	; 63
   0130 82                  363 	.db #0x82	; 130
   0131 00                  364 	.db #0x00	; 0
   0132 97                  365 	.db #0x97	; 151
   0133 3A                  366 	.db #0x3A	; 58
   0134 3F                  367 	.db #0x3F	; 63
   0135 82                  368 	.db #0x82	; 130
   0136 41                  369 	.db #0x41	; 65	'A'
   0137 C3                  370 	.db #0xC3	; 195
   0138 F3                  371 	.db #0xF3	; 243
   0139 E3                  372 	.db #0xE3	; 227
   013A C3                  373 	.db #0xC3	; 195
   013B 3C                  374 	.db #0x3C	; 60
   013C 3C                  375 	.db #0x3C	; 60
   013D F3                  376 	.db #0xF3	; 243
   013E B6                  377 	.db #0xB6	; 182
   013F 00                  378 	.db #0x00	; 0
   0140 29                  379 	.db #0x29	; 41
   0141 03                  380 	.db #0x03	; 3
   0142 F3                  381 	.db #0xF3	; 243
   0143 B6                  382 	.db #0xB6	; 182
   0144 00                  383 	.db #0x00	; 0
   0145 2B                  384 	.db #0x2B	; 43
   0146 2B                  385 	.db #0x2B	; 43
   0147 3C                  386 	.db #0x3C	; 60
   0148 3C                  387 	.db #0x3C	; 60
   0149 00                  388 	.db #0x00	; 0
   014A 03                  389 	.db #0x03	; 3
   014B 03                  390 	.db #0x03	; 3
   014C 53                  391 	.db #0x53	; 83	'S'
   014D A2                  392 	.db #0xA2	; 162
   014E 00                  393 	.db #0x00	; 0
   014F 56                  394 	.db #0x56	; 86	'V'
   0150 FC                  395 	.db #0xFC	; 252
   0151 02                  396 	.db #0x02	; 2
   0152 A0                  397 	.db #0xA0	; 160
   0153 00                  398 	.db #0x00	; 0
   0154 03                  399 	.db #0x03	; 3
   0155 03                  400 	.db #0x03	; 3
   0156 02                  401 	.db #0x02	; 2
   0157 A0                  402 	.db #0xA0	; 160
   0158 00                  403 	.db #0x00	; 0
   0159 00                  404 	.db #0x00	; 0
   015A 00                  405 	.db #0x00	; 0
   015B A8                  406 	.db #0xA8	; 168
   015C A8                  407 	.db #0xA8	; 168
   015D 00                  408 	.db #0x00	; 0
   015E                     409 _pre_obdulia_tileset_05:
   015E 00                  410 	.db #0x00	; 0
   015F 41                  411 	.db #0x41	; 65	'A'
   0160 C3                  412 	.db #0xC3	; 195
   0161 C3                  413 	.db #0xC3	; 195
   0162 00                  414 	.db #0x00	; 0
   0163 00                  415 	.db #0x00	; 0
   0164 C3                  416 	.db #0xC3	; 195
   0165 97                  417 	.db #0x97	; 151
   0166 C3                  418 	.db #0xC3	; 195
   0167 82                  419 	.db #0x82	; 130
   0168 00                  420 	.db #0x00	; 0
   0169 C3                  421 	.db #0xC3	; 195
   016A BF                  422 	.db #0xBF	; 191
   016B EB                  423 	.db #0xEB	; 235
   016C 82                  424 	.db #0x82	; 130
   016D 00                  425 	.db #0x00	; 0
   016E 97                  426 	.db #0x97	; 151
   016F 1D                  427 	.db #0x1D	; 29
   0170 1D                  428 	.db #0x1D	; 29
   0171 82                  429 	.db #0x82	; 130
   0172 00                  430 	.db #0x00	; 0
   0173 97                  431 	.db #0x97	; 151
   0174 3F                  432 	.db #0x3F	; 63
   0175 3F                  433 	.db #0x3F	; 63
   0176 82                  434 	.db #0x82	; 130
   0177 00                  435 	.db #0x00	; 0
   0178 97                  436 	.db #0x97	; 151
   0179 3A                  437 	.db #0x3A	; 58
   017A 3F                  438 	.db #0x3F	; 63
   017B 82                  439 	.db #0x82	; 130
   017C 41                  440 	.db #0x41	; 65	'A'
   017D C3                  441 	.db #0xC3	; 195
   017E F3                  442 	.db #0xF3	; 243
   017F E3                  443 	.db #0xE3	; 227
   0180 C3                  444 	.db #0xC3	; 195
   0181 3C                  445 	.db #0x3C	; 60
   0182 3C                  446 	.db #0x3C	; 60
   0183 F3                  447 	.db #0xF3	; 243
   0184 B6                  448 	.db #0xB6	; 182
   0185 00                  449 	.db #0x00	; 0
   0186 29                  450 	.db #0x29	; 41
   0187 03                  451 	.db #0x03	; 3
   0188 F3                  452 	.db #0xF3	; 243
   0189 B6                  453 	.db #0xB6	; 182
   018A 00                  454 	.db #0x00	; 0
   018B 2B                  455 	.db #0x2B	; 43
   018C 2B                  456 	.db #0x2B	; 43
   018D 3C                  457 	.db #0x3C	; 60
   018E 3C                  458 	.db #0x3C	; 60
   018F 00                  459 	.db #0x00	; 0
   0190 03                  460 	.db #0x03	; 3
   0191 03                  461 	.db #0x03	; 3
   0192 53                  462 	.db #0x53	; 83	'S'
   0193 A2                  463 	.db #0xA2	; 162
   0194 00                  464 	.db #0x00	; 0
   0195 56                  465 	.db #0x56	; 86	'V'
   0196 FC                  466 	.db #0xFC	; 252
   0197 02                  467 	.db #0x02	; 2
   0198 A0                  468 	.db #0xA0	; 160
   0199 00                  469 	.db #0x00	; 0
   019A 03                  470 	.db #0x03	; 3
   019B 03                  471 	.db #0x03	; 3
   019C 02                  472 	.db #0x02	; 2
   019D A0                  473 	.db #0xA0	; 160
   019E 00                  474 	.db #0x00	; 0
   019F 00                  475 	.db #0x00	; 0
   01A0 00                  476 	.db #0x00	; 0
   01A1 00                  477 	.db #0x00	; 0
   01A2 A8                  478 	.db #0xA8	; 168
   01A3 00                  479 	.db #0x00	; 0
   01A4                     480 _pre_obdulia_tileset_06:
   01A4 00                  481 	.db #0x00	; 0
   01A5 41                  482 	.db #0x41	; 65	'A'
   01A6 C3                  483 	.db #0xC3	; 195
   01A7 C3                  484 	.db #0xC3	; 195
   01A8 00                  485 	.db #0x00	; 0
   01A9 00                  486 	.db #0x00	; 0
   01AA C3                  487 	.db #0xC3	; 195
   01AB 97                  488 	.db #0x97	; 151
   01AC C3                  489 	.db #0xC3	; 195
   01AD 82                  490 	.db #0x82	; 130
   01AE 00                  491 	.db #0x00	; 0
   01AF C3                  492 	.db #0xC3	; 195
   01B0 BF                  493 	.db #0xBF	; 191
   01B1 EB                  494 	.db #0xEB	; 235
   01B2 82                  495 	.db #0x82	; 130
   01B3 00                  496 	.db #0x00	; 0
   01B4 97                  497 	.db #0x97	; 151
   01B5 1D                  498 	.db #0x1D	; 29
   01B6 1D                  499 	.db #0x1D	; 29
   01B7 82                  500 	.db #0x82	; 130
   01B8 00                  501 	.db #0x00	; 0
   01B9 97                  502 	.db #0x97	; 151
   01BA 3F                  503 	.db #0x3F	; 63
   01BB 3F                  504 	.db #0x3F	; 63
   01BC 82                  505 	.db #0x82	; 130
   01BD 00                  506 	.db #0x00	; 0
   01BE 97                  507 	.db #0x97	; 151
   01BF 3A                  508 	.db #0x3A	; 58
   01C0 3F                  509 	.db #0x3F	; 63
   01C1 82                  510 	.db #0x82	; 130
   01C2 41                  511 	.db #0x41	; 65	'A'
   01C3 C3                  512 	.db #0xC3	; 195
   01C4 F3                  513 	.db #0xF3	; 243
   01C5 E3                  514 	.db #0xE3	; 227
   01C6 C3                  515 	.db #0xC3	; 195
   01C7 3C                  516 	.db #0x3C	; 60
   01C8 3C                  517 	.db #0x3C	; 60
   01C9 F3                  518 	.db #0xF3	; 243
   01CA B6                  519 	.db #0xB6	; 182
   01CB 00                  520 	.db #0x00	; 0
   01CC 29                  521 	.db #0x29	; 41
   01CD 03                  522 	.db #0x03	; 3
   01CE F3                  523 	.db #0xF3	; 243
   01CF B6                  524 	.db #0xB6	; 182
   01D0 00                  525 	.db #0x00	; 0
   01D1 2B                  526 	.db #0x2B	; 43
   01D2 2B                  527 	.db #0x2B	; 43
   01D3 3C                  528 	.db #0x3C	; 60
   01D4 3C                  529 	.db #0x3C	; 60
   01D5 00                  530 	.db #0x00	; 0
   01D6 03                  531 	.db #0x03	; 3
   01D7 03                  532 	.db #0x03	; 3
   01D8 53                  533 	.db #0x53	; 83	'S'
   01D9 A2                  534 	.db #0xA2	; 162
   01DA 00                  535 	.db #0x00	; 0
   01DB 56                  536 	.db #0x56	; 86	'V'
   01DC FC                  537 	.db #0xFC	; 252
   01DD 02                  538 	.db #0x02	; 2
   01DE A0                  539 	.db #0xA0	; 160
   01DF 00                  540 	.db #0x00	; 0
   01E0 03                  541 	.db #0x03	; 3
   01E1 03                  542 	.db #0x03	; 3
   01E2 02                  543 	.db #0x02	; 2
   01E3 F4                  544 	.db #0xF4	; 244
   01E4 00                  545 	.db #0x00	; 0
   01E5 00                  546 	.db #0x00	; 0
   01E6 00                  547 	.db #0x00	; 0
   01E7 A8                  548 	.db #0xA8	; 168
   01E8 00                  549 	.db #0x00	; 0
   01E9 00                  550 	.db #0x00	; 0
   01EA                     551 _pre_obdulia_tileset_07:
   01EA 00                  552 	.db #0x00	; 0
   01EB 41                  553 	.db #0x41	; 65	'A'
   01EC C3                  554 	.db #0xC3	; 195
   01ED C3                  555 	.db #0xC3	; 195
   01EE 00                  556 	.db #0x00	; 0
   01EF 00                  557 	.db #0x00	; 0
   01F0 C3                  558 	.db #0xC3	; 195
   01F1 97                  559 	.db #0x97	; 151
   01F2 C3                  560 	.db #0xC3	; 195
   01F3 82                  561 	.db #0x82	; 130
   01F4 00                  562 	.db #0x00	; 0
   01F5 C3                  563 	.db #0xC3	; 195
   01F6 BF                  564 	.db #0xBF	; 191
   01F7 EB                  565 	.db #0xEB	; 235
   01F8 82                  566 	.db #0x82	; 130
   01F9 00                  567 	.db #0x00	; 0
   01FA 97                  568 	.db #0x97	; 151
   01FB 1D                  569 	.db #0x1D	; 29
   01FC 1D                  570 	.db #0x1D	; 29
   01FD 82                  571 	.db #0x82	; 130
   01FE 00                  572 	.db #0x00	; 0
   01FF 97                  573 	.db #0x97	; 151
   0200 3F                  574 	.db #0x3F	; 63
   0201 3F                  575 	.db #0x3F	; 63
   0202 82                  576 	.db #0x82	; 130
   0203 00                  577 	.db #0x00	; 0
   0204 97                  578 	.db #0x97	; 151
   0205 3A                  579 	.db #0x3A	; 58
   0206 3F                  580 	.db #0x3F	; 63
   0207 82                  581 	.db #0x82	; 130
   0208 41                  582 	.db #0x41	; 65	'A'
   0209 C3                  583 	.db #0xC3	; 195
   020A F3                  584 	.db #0xF3	; 243
   020B E3                  585 	.db #0xE3	; 227
   020C C3                  586 	.db #0xC3	; 195
   020D 3C                  587 	.db #0x3C	; 60
   020E 3C                  588 	.db #0x3C	; 60
   020F F3                  589 	.db #0xF3	; 243
   0210 B6                  590 	.db #0xB6	; 182
   0211 00                  591 	.db #0x00	; 0
   0212 29                  592 	.db #0x29	; 41
   0213 03                  593 	.db #0x03	; 3
   0214 F3                  594 	.db #0xF3	; 243
   0215 B6                  595 	.db #0xB6	; 182
   0216 00                  596 	.db #0x00	; 0
   0217 2B                  597 	.db #0x2B	; 43
   0218 2B                  598 	.db #0x2B	; 43
   0219 3C                  599 	.db #0x3C	; 60
   021A 3C                  600 	.db #0x3C	; 60
   021B 00                  601 	.db #0x00	; 0
   021C 03                  602 	.db #0x03	; 3
   021D 03                  603 	.db #0x03	; 3
   021E 53                  604 	.db #0x53	; 83	'S'
   021F A2                  605 	.db #0xA2	; 162
   0220 00                  606 	.db #0x00	; 0
   0221 46                  607 	.db #0x46	; 70	'F'
   0222 CC                  608 	.db #0xCC	; 204
   0223 02                  609 	.db #0x02	; 2
   0224 A0                  610 	.db #0xA0	; 160
   0225 00                  611 	.db #0x00	; 0
   0226 03                  612 	.db #0x03	; 3
   0227 03                  613 	.db #0x03	; 3
   0228 02                  614 	.db #0x02	; 2
   0229 A0                  615 	.db #0xA0	; 160
   022A 00                  616 	.db #0x00	; 0
   022B 00                  617 	.db #0x00	; 0
   022C 00                  618 	.db #0x00	; 0
   022D A8                  619 	.db #0xA8	; 168
   022E A8                  620 	.db #0xA8	; 168
   022F 00                  621 	.db #0x00	; 0
   0230                     622 _pre_obdulia_tileset_08:
   0230 00                  623 	.db #0x00	; 0
   0231 C3                  624 	.db #0xC3	; 195
   0232 92                  625 	.db #0x92	; 146
   0233 92                  626 	.db #0x92	; 146
   0234 00                  627 	.db #0x00	; 0
   0235 41                  628 	.db #0x41	; 65	'A'
   0236 C3                  629 	.db #0xC3	; 195
   0237 C3                  630 	.db #0xC3	; 195
   0238 61                  631 	.db #0x61	; 97	'a'
   0239 00                  632 	.db #0x00	; 0
   023A 41                  633 	.db #0x41	; 65	'A'
   023B C3                  634 	.db #0xC3	; 195
   023C 92                  635 	.db #0x92	; 146
   023D 92                  636 	.db #0x92	; 146
   023E 00                  637 	.db #0x00	; 0
   023F 41                  638 	.db #0x41	; 65	'A'
   0240 C3                  639 	.db #0xC3	; 195
   0241 C3                  640 	.db #0xC3	; 195
   0242 C3                  641 	.db #0xC3	; 195
   0243 00                  642 	.db #0x00	; 0
   0244 41                  643 	.db #0x41	; 65	'A'
   0245 C3                  644 	.db #0xC3	; 195
   0246 C3                  645 	.db #0xC3	; 195
   0247 C3                  646 	.db #0xC3	; 195
   0248 00                  647 	.db #0x00	; 0
   0249 41                  648 	.db #0x41	; 65	'A'
   024A C3                  649 	.db #0xC3	; 195
   024B E3                  650 	.db #0xE3	; 227
   024C C3                  651 	.db #0xC3	; 195
   024D 00                  652 	.db #0x00	; 0
   024E C3                  653 	.db #0xC3	; 195
   024F D3                  654 	.db #0xD3	; 211
   0250 F3                  655 	.db #0xF3	; 243
   0251 C3                  656 	.db #0xC3	; 195
   0252 82                  657 	.db #0x82	; 130
   0253 00                  658 	.db #0x00	; 0
   0254 79                  659 	.db #0x79	; 121	'y'
   0255 F3                  660 	.db #0xF3	; 243
   0256 3C                  661 	.db #0x3C	; 60
   0257 3C                  662 	.db #0x3C	; 60
   0258 00                  663 	.db #0x00	; 0
   0259 79                  664 	.db #0x79	; 121	'y'
   025A F3                  665 	.db #0xF3	; 243
   025B 03                  666 	.db #0x03	; 3
   025C 16                  667 	.db #0x16	; 22
   025D 00                  668 	.db #0x00	; 0
   025E 79                  669 	.db #0x79	; 121	'y'
   025F F3                  670 	.db #0xF3	; 243
   0260 17                  671 	.db #0x17	; 23
   0261 17                  672 	.db #0x17	; 23
   0262 00                  673 	.db #0x00	; 0
   0263 51                  674 	.db #0x51	; 81	'Q'
   0264 F3                  675 	.db #0xF3	; 243
   0265 03                  676 	.db #0x03	; 3
   0266 03                  677 	.db #0x03	; 3
   0267 00                  678 	.db #0x00	; 0
   0268 50                  679 	.db #0x50	; 80	'P'
   0269 50                  680 	.db #0x50	; 80	'P'
   026A 03                  681 	.db #0x03	; 3
   026B 03                  682 	.db #0x03	; 3
   026C 00                  683 	.db #0x00	; 0
   026D 50                  684 	.db #0x50	; 80	'P'
   026E 50                  685 	.db #0x50	; 80	'P'
   026F 03                  686 	.db #0x03	; 3
   0270 03                  687 	.db #0x03	; 3
   0271 00                  688 	.db #0x00	; 0
   0272 54                  689 	.db #0x54	; 84	'T'
   0273 54                  690 	.db #0x54	; 84	'T'
   0274 00                  691 	.db #0x00	; 0
   0275 00                  692 	.db #0x00	; 0
   0276                     693 _pre_obdulia_tileset_09:
   0276 00                  694 	.db #0x00	; 0
   0277 C3                  695 	.db #0xC3	; 195
   0278 92                  696 	.db #0x92	; 146
   0279 92                  697 	.db #0x92	; 146
   027A 00                  698 	.db #0x00	; 0
   027B 41                  699 	.db #0x41	; 65	'A'
   027C C3                  700 	.db #0xC3	; 195
   027D C3                  701 	.db #0xC3	; 195
   027E 61                  702 	.db #0x61	; 97	'a'
   027F 00                  703 	.db #0x00	; 0
   0280 41                  704 	.db #0x41	; 65	'A'
   0281 C3                  705 	.db #0xC3	; 195
   0282 92                  706 	.db #0x92	; 146
   0283 92                  707 	.db #0x92	; 146
   0284 00                  708 	.db #0x00	; 0
   0285 41                  709 	.db #0x41	; 65	'A'
   0286 C3                  710 	.db #0xC3	; 195
   0287 C3                  711 	.db #0xC3	; 195
   0288 C3                  712 	.db #0xC3	; 195
   0289 00                  713 	.db #0x00	; 0
   028A 41                  714 	.db #0x41	; 65	'A'
   028B C3                  715 	.db #0xC3	; 195
   028C C3                  716 	.db #0xC3	; 195
   028D C3                  717 	.db #0xC3	; 195
   028E 00                  718 	.db #0x00	; 0
   028F 41                  719 	.db #0x41	; 65	'A'
   0290 C3                  720 	.db #0xC3	; 195
   0291 E3                  721 	.db #0xE3	; 227
   0292 C3                  722 	.db #0xC3	; 195
   0293 00                  723 	.db #0x00	; 0
   0294 C3                  724 	.db #0xC3	; 195
   0295 D3                  725 	.db #0xD3	; 211
   0296 F3                  726 	.db #0xF3	; 243
   0297 C3                  727 	.db #0xC3	; 195
   0298 82                  728 	.db #0x82	; 130
   0299 00                  729 	.db #0x00	; 0
   029A 79                  730 	.db #0x79	; 121	'y'
   029B F3                  731 	.db #0xF3	; 243
   029C 3C                  732 	.db #0x3C	; 60
   029D 3C                  733 	.db #0x3C	; 60
   029E 00                  734 	.db #0x00	; 0
   029F 79                  735 	.db #0x79	; 121	'y'
   02A0 F3                  736 	.db #0xF3	; 243
   02A1 03                  737 	.db #0x03	; 3
   02A2 16                  738 	.db #0x16	; 22
   02A3 00                  739 	.db #0x00	; 0
   02A4 79                  740 	.db #0x79	; 121	'y'
   02A5 F3                  741 	.db #0xF3	; 243
   02A6 17                  742 	.db #0x17	; 23
   02A7 17                  743 	.db #0x17	; 23
   02A8 00                  744 	.db #0x00	; 0
   02A9 51                  745 	.db #0x51	; 81	'Q'
   02AA F3                  746 	.db #0xF3	; 243
   02AB 03                  747 	.db #0x03	; 3
   02AC 03                  748 	.db #0x03	; 3
   02AD 00                  749 	.db #0x00	; 0
   02AE 50                  750 	.db #0x50	; 80	'P'
   02AF 50                  751 	.db #0x50	; 80	'P'
   02B0 03                  752 	.db #0x03	; 3
   02B1 03                  753 	.db #0x03	; 3
   02B2 00                  754 	.db #0x00	; 0
   02B3 50                  755 	.db #0x50	; 80	'P'
   02B4 50                  756 	.db #0x50	; 80	'P'
   02B5 03                  757 	.db #0x03	; 3
   02B6 03                  758 	.db #0x03	; 3
   02B7 00                  759 	.db #0x00	; 0
   02B8 00                  760 	.db #0x00	; 0
   02B9 54                  761 	.db #0x54	; 84	'T'
   02BA 00                  762 	.db #0x00	; 0
   02BB 00                  763 	.db #0x00	; 0
   02BC                     764 _pre_obdulia_tileset_10:
   02BC 00                  765 	.db #0x00	; 0
   02BD C3                  766 	.db #0xC3	; 195
   02BE 92                  767 	.db #0x92	; 146
   02BF 92                  768 	.db #0x92	; 146
   02C0 00                  769 	.db #0x00	; 0
   02C1 41                  770 	.db #0x41	; 65	'A'
   02C2 C3                  771 	.db #0xC3	; 195
   02C3 C3                  772 	.db #0xC3	; 195
   02C4 61                  773 	.db #0x61	; 97	'a'
   02C5 00                  774 	.db #0x00	; 0
   02C6 41                  775 	.db #0x41	; 65	'A'
   02C7 C3                  776 	.db #0xC3	; 195
   02C8 92                  777 	.db #0x92	; 146
   02C9 92                  778 	.db #0x92	; 146
   02CA 00                  779 	.db #0x00	; 0
   02CB 41                  780 	.db #0x41	; 65	'A'
   02CC C3                  781 	.db #0xC3	; 195
   02CD C3                  782 	.db #0xC3	; 195
   02CE C3                  783 	.db #0xC3	; 195
   02CF 00                  784 	.db #0x00	; 0
   02D0 41                  785 	.db #0x41	; 65	'A'
   02D1 C3                  786 	.db #0xC3	; 195
   02D2 C3                  787 	.db #0xC3	; 195
   02D3 C3                  788 	.db #0xC3	; 195
   02D4 00                  789 	.db #0x00	; 0
   02D5 41                  790 	.db #0x41	; 65	'A'
   02D6 C3                  791 	.db #0xC3	; 195
   02D7 E3                  792 	.db #0xE3	; 227
   02D8 C3                  793 	.db #0xC3	; 195
   02D9 00                  794 	.db #0x00	; 0
   02DA C3                  795 	.db #0xC3	; 195
   02DB D3                  796 	.db #0xD3	; 211
   02DC F3                  797 	.db #0xF3	; 243
   02DD C3                  798 	.db #0xC3	; 195
   02DE 82                  799 	.db #0x82	; 130
   02DF 00                  800 	.db #0x00	; 0
   02E0 79                  801 	.db #0x79	; 121	'y'
   02E1 F3                  802 	.db #0xF3	; 243
   02E2 3C                  803 	.db #0x3C	; 60
   02E3 3C                  804 	.db #0x3C	; 60
   02E4 00                  805 	.db #0x00	; 0
   02E5 79                  806 	.db #0x79	; 121	'y'
   02E6 F3                  807 	.db #0xF3	; 243
   02E7 03                  808 	.db #0x03	; 3
   02E8 16                  809 	.db #0x16	; 22
   02E9 00                  810 	.db #0x00	; 0
   02EA 79                  811 	.db #0x79	; 121	'y'
   02EB F3                  812 	.db #0xF3	; 243
   02EC 17                  813 	.db #0x17	; 23
   02ED 17                  814 	.db #0x17	; 23
   02EE 00                  815 	.db #0x00	; 0
   02EF 51                  816 	.db #0x51	; 81	'Q'
   02F0 F3                  817 	.db #0xF3	; 243
   02F1 03                  818 	.db #0x03	; 3
   02F2 03                  819 	.db #0x03	; 3
   02F3 00                  820 	.db #0x00	; 0
   02F4 50                  821 	.db #0x50	; 80	'P'
   02F5 50                  822 	.db #0x50	; 80	'P'
   02F6 03                  823 	.db #0x03	; 3
   02F7 03                  824 	.db #0x03	; 3
   02F8 00                  825 	.db #0x00	; 0
   02F9 50                  826 	.db #0x50	; 80	'P'
   02FA 50                  827 	.db #0x50	; 80	'P'
   02FB 03                  828 	.db #0x03	; 3
   02FC 03                  829 	.db #0x03	; 3
   02FD 00                  830 	.db #0x00	; 0
   02FE 54                  831 	.db #0x54	; 84	'T'
   02FF 00                  832 	.db #0x00	; 0
   0300 00                  833 	.db #0x00	; 0
   0301 00                  834 	.db #0x00	; 0
                            835 	.area _INITIALIZER
                            836 	.area _CABS (ABS)
