ASxxxx Assembler V02.00 + NoICE + SDCC mods  (Zilog Z80 / Hitachi HD64180), page 1.
Hexadecimal [16-Bits]



                              1 ;;;
                              2 ;;; File generated by cpct_aks2c CPCtelera script
                              3 ;;; Souce file of this conversion: assets/presentation.aks
                              4 ;;; Generation time: mi., 26 de oct. de 2016 21:22:41
                              5 ;;;
                              6 
                              7 ;;; Set absolute memory addressing
                              8 .area __pre_music_presentation (ABS)
   0200                       9 .org 0x0200
                             10 
                             11 ;;; Music data start (682 bytes)
                             12 ;;;
   0200                      13 _pre_music_presentation::
   0200 41 54 31 30 01 40    14 .db 0x41, 0x54, 0x31, 0x30, 0x01, 0x40, 0x42, 0x0f, 0x02, 0x07, 0x5a, 0x00, 0x14, 0x02, 0x1d, 0x02
        42 0F 02 07 5A 00
        14 02 1D 02
   0210 31 02 5C 02 00 00    15 .db 0x31, 0x02, 0x5c, 0x02, 0x00, 0x00, 0x00, 0x00, 0x00, 0x00, 0x0d, 0x16, 0x02, 0x01, 0x00, 0x24
        00 00 00 00 0D 16
        02 01 00 24
   0220 1C 34 30 2C 28 24    16 .db 0x1c, 0x34, 0x30, 0x2c, 0x28, 0x24, 0x20, 0x1c, 0x18, 0x14, 0x10, 0x0c, 0x08, 0x04, 0x0d, 0x16
        20 1C 18 14 10 0C
        08 04 0D 16
   0230 02 07 00 BC 01 00    17 .db 0x02, 0x07, 0x00, 0xbc, 0x01, 0x00, 0xbc, 0xff, 0xff, 0xbc, 0x01, 0x00, 0xbc, 0xff, 0xff, 0xbc
        BC FF FF BC 01 00
        BC FF FF BC
   0240 01 00 BC FF FF BC    18 .db 0x01, 0x00, 0xbc, 0xff, 0xff, 0xbc, 0x01, 0x00, 0xbc, 0xff, 0xff, 0xbc, 0x01, 0x00, 0xbc, 0xff
        01 00 BC FF FF BC
        01 00 BC FF
   0250 FF BC 01 00 BC FF    19 .db 0xff, 0xbc, 0x01, 0x00, 0xbc, 0xff, 0xff, 0x3c, 0x3c, 0x0d, 0x16, 0x02, 0x03, 0x00, 0x3e, 0x3f
        FF 3C 3C 0D 16 02
        03 00 3E 3F
   0260 3C 3E 3F 0D 16 02    20 .db 0x3c, 0x3e, 0x3f, 0x0d, 0x16, 0x02, 0x18, 0x00, 0x00, 0x00, 0x9a, 0x02, 0x00, 0x9b, 0x02, 0xce
        18 00 00 00 9A 02
        00 9B 02 CE
   0270 02 DD 02 10 EC 02    21 .db 0x02, 0xdd, 0x02, 0x10, 0xec, 0x02, 0xe2, 0x03, 0x04, 0x04, 0x30, 0x00, 0xec, 0x02, 0x3f, 0x04
        E2 03 04 04 30 00
        EC 02 3F 04
   0280 04 04 00 4F 03 8E    22 .db 0x04, 0x04, 0x00, 0x4f, 0x03, 0x8e, 0x03, 0xa6, 0x03, 0x00, 0x4f, 0x03, 0x75, 0x04, 0xa6, 0x03
        03 A6 03 00 4F 03
        75 04 A6 03
   0290 00 EC 02 6F 04 04    23 .db 0x00, 0xec, 0x02, 0x6f, 0x04, 0x04, 0x04, 0x01, 0x73, 0x02, 0x00, 0x96, 0xf3, 0x00, 0x00, 0x01
        04 01 73 02 00 96
        F3 00 00 01
   02A0 A4 40 AE 40 C6 40    24 .db 0xa4, 0x40, 0xae, 0x40, 0xc6, 0x40, 0xc2, 0x40, 0xbc, 0x40, 0x96, 0x4f, 0xa4, 0x40, 0xae, 0x40
        C2 40 BC 40 96 4F
        A4 40 AE 40
   02B0 C6 40 C2 40 BC 40    25 .db 0xc6, 0x40, 0xc2, 0x40, 0xbc, 0x40, 0x96, 0x4b, 0xa4, 0x40, 0xae, 0x40, 0xc6, 0x40, 0xc2, 0x40
        96 4B A4 40 AE 40
        C6 40 C2 40
   02C0 BC 40 96 45 A4 40    26 .db 0xbc, 0x40, 0x96, 0x45, 0xa4, 0x40, 0xae, 0x40, 0xc6, 0x40, 0xc2, 0x40, 0xbc, 0x40, 0x42, 0x80
        AE 40 C6 40 C2 40
        BC 40 42 80
   02D0 00 00 0A 96 79 02    27 .db 0x00, 0x00, 0x0a, 0x96, 0x79, 0x02, 0x0a, 0x96, 0x57, 0x0a, 0x96, 0x55, 0x00, 0x96, 0xf7, 0x00
        0A 96 57 0A 96 55
        00 96 F7 00
ASxxxx Assembler V02.00 + NoICE + SDCC mods  (Zilog Z80 / Hitachi HD64180), page 2.
Hexadecimal [16-Bits]



   02E0 00 03 0A 96 4F 0A    28 .db 0x00, 0x03, 0x0a, 0x96, 0x4f, 0x0a, 0x96, 0x4b, 0x0a, 0x96, 0x47, 0x00, 0x96, 0xe1, 0x00, 0x00
        96 4B 0A 96 47 00
        96 E1 00 00
   02F0 01 A4 40 AE 40 C6    29 .db 0x01, 0xa4, 0x40, 0xae, 0x40, 0xc6, 0x40, 0xc2, 0x40, 0xbc, 0x40, 0x96, 0x40, 0xa4, 0x40, 0xae
        40 C2 40 BC 40 96
        40 A4 40 AE
   0300 40 C6 40 C2 40 BC    30 .db 0x40, 0xc6, 0x40, 0xc2, 0x40, 0xbc, 0x40, 0x96, 0x40, 0xa4, 0x40, 0xae, 0x40, 0xc6, 0x40, 0xc2
        40 96 40 A4 40 AE
        40 C6 40 C2
   0310 40 BC 40 96 40 A4    31 .db 0x40, 0xbc, 0x40, 0x96, 0x40, 0xa4, 0x40, 0xae, 0x40, 0xc6, 0x40, 0xc2, 0x40, 0xbc, 0x40, 0x96
        40 AE 40 C6 40 C2
        40 BC 40 96
   0320 40 A4 40 AE 40 C6    32 .db 0x40, 0xa4, 0x40, 0xae, 0x40, 0xc6, 0x40, 0xc2, 0x40, 0xbc, 0x40, 0x96, 0x40, 0xa4, 0x40, 0xae
        40 C2 40 BC 40 96
        40 A4 40 AE
   0330 40 C6 40 C2 40 BC    33 .db 0x40, 0xc6, 0x40, 0xc2, 0x40, 0xbc, 0x40, 0x96, 0x40, 0xa4, 0x40, 0xae, 0x40, 0xc6, 0x40, 0xc2
        40 96 40 A4 40 AE
        40 C6 40 C2
   0340 40 BC 40 96 40 A4    34 .db 0x40, 0xbc, 0x40, 0x96, 0x40, 0xa4, 0x40, 0xae, 0x40, 0xc6, 0x40, 0xc2, 0x40, 0xbc, 0x40, 0x8e
        40 AE 40 C6 40 C2
        40 BC 40 8E
   0350 E1 00 00 01 9C 40    35 .db 0xe1, 0x00, 0x00, 0x01, 0x9c, 0x40, 0xa6, 0x40, 0xbe, 0x40, 0xb4, 0x40, 0xae, 0x40, 0x4f, 0x5d
        A6 40 BE 40 B4 40
        AE 40 4F 5D
   0360 67 7F 75 6F 4F 5D    36 .db 0x67, 0x7f, 0x75, 0x6f, 0x4f, 0x5d, 0x67, 0x7f, 0x75, 0x6f, 0x4f, 0x5d, 0x67, 0x7f, 0x75, 0x6f
        67 7F 75 6F 4F 5D
        67 7F 75 6F
   0370 92 40 A0 40 AA 40    37 .db 0x92, 0x40, 0xa0, 0x40, 0xaa, 0x40, 0xc2, 0x40, 0xb8, 0x40, 0xb2, 0x40, 0x53, 0x61, 0x6b, 0x83
        C2 40 B8 40 B2 40
        53 61 6B 83
   0380 79 73 53 61 6B 83    38 .db 0x79, 0x73, 0x53, 0x61, 0x6b, 0x83, 0x79, 0x73, 0x53, 0x61, 0x6b, 0x83, 0x79, 0x73, 0xae, 0xe3
        79 73 53 61 6B 83
        79 73 AE E3
   0390 00 00 02 0E B2 40    39 .db 0x00, 0x00, 0x02, 0x0e, 0xb2, 0x40, 0x02, 0xb4, 0x40, 0x02, 0xb8, 0x40, 0x10, 0xbc, 0x40, 0x04
        02 B4 40 02 B8 40
        10 BC 40 04
   03A0 B8 40 16 B2 41 00    40 .db 0xb8, 0x40, 0x16, 0xb2, 0x41, 0x00, 0x5e, 0xe1, 0x00, 0x00, 0x03, 0x5e, 0x40, 0x02, 0x5e, 0x40
        5E E1 00 00 03 5E
        40 02 5E 40
   03B0 02 5E 40 5E 40 08    41 .db 0x02, 0x5e, 0x40, 0x5e, 0x40, 0x08, 0x5e, 0x40, 0x5e, 0x40, 0x02, 0x5e, 0x40, 0x04, 0x5e, 0x40
        5E 40 5E 40 02 5E
        40 04 5E 40
   03C0 5E 40 0A 62 40 62    42 .db 0x5e, 0x40, 0x0a, 0x62, 0x40, 0x62, 0x40, 0x02, 0x62, 0x40, 0x02, 0x62, 0x40, 0x62, 0x40, 0x0a
        40 02 62 40 02 62
        40 62 40 0A
   03D0 62 40 62 43 02 62    43 .db 0x62, 0x40, 0x62, 0x43, 0x02, 0x62, 0x41, 0x02, 0x62, 0x43, 0x62, 0x41, 0x04, 0x7a, 0x43, 0x02
        41 02 62 43 62 41
        04 7A 43 02
   03E0 7A 41 AE E3 00 00    44 .db 0x7a, 0x41, 0xae, 0xe3, 0x00, 0x00, 0x02, 0x0e, 0xbe, 0x40, 0xc2, 0x45, 0xb4, 0x43, 0x02, 0xb8
        02 0E BE 40 C2 45
        B4 43 02 B8
   03F0 40 06 B2 40 02 B4    45 .db 0x40, 0x06, 0xb2, 0x40, 0x02, 0xb4, 0x40, 0x04, 0xae, 0x45, 0x04, 0xaa, 0x43, 0x12, 0xae, 0x45
        40 04 AE 45 04 AA
        43 12 AE 45
   0400 02 A4 43 00 66 E1    46 .db 0x02, 0xa4, 0x43, 0x00, 0x66, 0xe1, 0x00, 0x00, 0x03, 0x66, 0x40, 0x02, 0x66, 0x40, 0x02, 0x66
ASxxxx Assembler V02.00 + NoICE + SDCC mods  (Zilog Z80 / Hitachi HD64180), page 3.
Hexadecimal [16-Bits]



        00 00 03 66 40 02
        66 40 02 66
   0410 40 66 40 0A 66 40    47 .db 0x40, 0x66, 0x40, 0x0a, 0x66, 0x40, 0x66, 0x40, 0x02, 0x66, 0x40, 0x02, 0x66, 0x40, 0x66, 0x40
        66 40 02 66 40 02
        66 40 66 40
   0420 0A 66 40 66 40 02    48 .db 0x0a, 0x66, 0x40, 0x66, 0x40, 0x02, 0x66, 0x40, 0x02, 0x66, 0x40, 0x66, 0x40, 0x0a, 0x66, 0x40
        66 40 02 66 40 66
        40 0A 66 40
   0430 66 40 02 66 40 02    49 .db 0x66, 0x40, 0x02, 0x66, 0x40, 0x02, 0x66, 0x40, 0x04, 0x96, 0x40, 0x02, 0x96, 0x40, 0x00, 0xae
        66 40 04 96 40 02
        96 40 00 AE
   0440 E1 00 00 02 0E B2    50 .db 0xe1, 0x00, 0x00, 0x02, 0x0e, 0xb2, 0x40, 0xb4, 0x40, 0xbc, 0x40, 0x02, 0xc2, 0x40, 0x04, 0xb8
        40 B4 40 BC 40 02
        C2 40 04 B8
   0450 40 02 42 00 BC 40    51 .db 0x40, 0x02, 0x42, 0x00, 0xbc, 0x40, 0x04, 0x42, 0x03, 0xb4, 0x41, 0x42, 0x00, 0xb8, 0x40, 0x0c
        04 42 03 B4 41 42
        00 B8 40 0C
   0460 42 00 B4 40 B2 40    52 .db 0x42, 0x00, 0xb4, 0x40, 0xb2, 0x40, 0xaa, 0x43, 0x42, 0x01, 0xbc, 0x40, 0x42, 0x00, 0x00, 0xcc
        AA 43 42 01 BC 40
        42 00 00 CC
   0470 FF 00 00 02 00 A6    53 .db 0xff, 0x00, 0x00, 0x02, 0x00, 0xa6, 0xe1, 0x00, 0x00, 0x02, 0x0e, 0xaa, 0x40, 0x02, 0xae, 0x40
        E1 00 00 02 0E AA
        40 02 AE 40
   0480 02 B4 40 08 42 00    54 .db 0x02, 0xb4, 0x40, 0x08, 0x42, 0x00, 0xb8, 0x40, 0x06, 0xbc, 0x40, 0x02, 0xc2, 0x40, 0x12, 0xb8
        B8 40 06 BC 40 02
        C2 40 12 B8
   0490 40 02 CC 40 CA 40    55 .db 0x40, 0x02, 0xcc, 0x40, 0xca, 0x40, 0xc2, 0x40, 0xb8, 0x40, 0xb4, 0x40, 0xb2, 0x40, 0xaa, 0x40
        C2 40 B8 40 B4 40
        B2 40 AA 40
   04A0 A0 40 9C 40 9A 43    56 .db 0xa0, 0x40, 0x9c, 0x40, 0x9a, 0x43, 0x92, 0x41, 0x88, 0x40
        92 41 88 40
